OpenROAD v2.0-6566-g970f89da6 
This program is licensed under the BSD-3 license. See the LICENSE file for details.
Components of this program may be licensed under more restrictive licenses which must be honored.
[WARNING STA-0164] ./platforms/asap7/lib/asap7sc7p5t_SIMPLE_RVT_FF_nldm_211120.lib.gz line 13178, timing group from output port.
[WARNING STA-0164] ./platforms/asap7/lib/asap7sc7p5t_SIMPLE_RVT_FF_nldm_211120.lib.gz line 13211, timing group from output port.
[WARNING STA-0164] ./platforms/asap7/lib/asap7sc7p5t_SIMPLE_RVT_FF_nldm_211120.lib.gz line 13244, timing group from output port.
[WARNING STA-0164] ./platforms/asap7/lib/asap7sc7p5t_SIMPLE_RVT_FF_nldm_211120.lib.gz line 13277, timing group from output port.
[WARNING STA-0164] ./platforms/asap7/lib/asap7sc7p5t_SIMPLE_RVT_FF_nldm_211120.lib.gz line 13310, timing group from output port.
[WARNING STA-0164] ./platforms/asap7/lib/asap7sc7p5t_SIMPLE_RVT_FF_nldm_211120.lib.gz line 13343, timing group from output port.
[WARNING STA-0164] ./platforms/asap7/lib/asap7sc7p5t_SIMPLE_RVT_FF_nldm_211120.lib.gz line 13376, timing group from output port.
[WARNING STA-0164] ./platforms/asap7/lib/asap7sc7p5t_SIMPLE_RVT_FF_nldm_211120.lib.gz line 14772, timing group from output port.
[WARNING STA-0164] ./platforms/asap7/lib/asap7sc7p5t_SIMPLE_RVT_FF_nldm_211120.lib.gz line 14805, timing group from output port.
[WARNING STA-0164] ./platforms/asap7/lib/asap7sc7p5t_SIMPLE_RVT_FF_nldm_211120.lib.gz line 14838, timing group from output port.
[INFO GPL-0002] DBU: 1000
[INFO GPL-0003] SiteSize: 54 270
[INFO GPL-0004] CoreAreaLxLy: 1080 1080
[INFO GPL-0005] CoreAreaUxUy: 15120 15120
[INFO GPL-0006] NumInstances: 397
[INFO GPL-0007] NumPlaceInstances: 293
[INFO GPL-0008] NumFixedInstances: 104
[INFO GPL-0009] NumDummyInstances: 0
[INFO GPL-0010] NumNets: 352
[INFO GPL-0011] NumPins: 1162
[INFO GPL-0012] DieAreaLxLy: 0 0
[INFO GPL-0013] DieAreaUxUy: 16200 16200
[INFO GPL-0014] CoreAreaLxLy: 1080 1080
[INFO GPL-0015] CoreAreaUxUy: 15120 15120
[INFO GPL-0016] CoreArea: 197121600
[INFO GPL-0017] NonPlaceInstsArea: 3032640
[INFO GPL-0018] PlaceInstsArea: 53377380
[INFO GPL-0019] Util(%): 27.50
[INFO GPL-0020] StdInstsArea: 53377380
[INFO GPL-0021] MacroInstsArea: 0
[InitialPlace]  Iter: 1 CG residual: 0.00000005 HPWL: 1063114
[InitialPlace]  Iter: 2 CG residual: 0.00000009 HPWL: 934159
[InitialPlace]  Iter: 3 CG residual: 0.00000005 HPWL: 951096
[InitialPlace]  Iter: 4 CG residual: 0.00000012 HPWL: 958984
[InitialPlace]  Iter: 5 CG residual: 0.00000010 HPWL: 965441
[INFO GPL-0031] FillerInit: NumGCells: 375
[INFO GPL-0032] FillerInit: NumGNets: 352
[INFO GPL-0033] FillerInit: NumGPins: 1162
[INFO GPL-0023] TargetDensity: 0.35
[INFO GPL-0024] AveragePlaceInstArea: 182175
[INFO GPL-0025] IdealBinArea: 520500
[INFO GPL-0026] IdealBinCnt: 378
[INFO GPL-0027] TotalBinArea: 197121600
[INFO GPL-0028] BinCnt: 16 16
[INFO GPL-0029] BinSize: 878 878
[INFO GPL-0030] NumBins: 256
[NesterovSolve] Iter: 1 overflow: 0.546485 HPWL: 796478
[INFO GPL-0100] worst slack 1.86e-11
[INFO GPL-0103] Weighted 35 nets.
[NesterovSolve] Snapshot saved at iter = 0
[NesterovSolve] Iter: 10 overflow: 0.526973 HPWL: 789442
[NesterovSolve] Iter: 20 overflow: 0.533038 HPWL: 791474
[NesterovSolve] Iter: 30 overflow: 0.536555 HPWL: 791110
[NesterovSolve] Iter: 40 overflow: 0.535199 HPWL: 791434
[NesterovSolve] Iter: 50 overflow: 0.534864 HPWL: 791006
[NesterovSolve] Iter: 60 overflow: 0.533806 HPWL: 790837
[NesterovSolve] Iter: 70 overflow: 0.532683 HPWL: 790620
[NesterovSolve] Iter: 80 overflow: 0.531483 HPWL: 790687
[NesterovSolve] Iter: 90 overflow: 0.529147 HPWL: 790650
[NesterovSolve] Iter: 100 overflow: 0.524731 HPWL: 789931
[NesterovSolve] Iter: 110 overflow: 0.517241 HPWL: 788149
[NesterovSolve] Iter: 120 overflow: 0.506178 HPWL: 785650
[NesterovSolve] Iter: 130 overflow: 0.493125 HPWL: 782766
[INFO GPL-0100] worst slack 2.16e-11
[INFO GPL-0103] Weighted 35 nets.
[NesterovSolve] Iter: 140 overflow: 0.47633 HPWL: 780568
[NesterovSolve] Iter: 150 overflow: 0.455916 HPWL: 775834
[NesterovSolve] Iter: 160 overflow: 0.429196 HPWL: 772611
[NesterovSolve] Iter: 170 overflow: 0.39405 HPWL: 768398
[NesterovSolve] Iter: 180 overflow: 0.361921 HPWL: 765398
[NesterovSolve] Iter: 190 overflow: 0.336267 HPWL: 766273
[NesterovSolve] Iter: 200 overflow: 0.317088 HPWL: 767451
[NesterovSolve] Iter: 210 overflow: 0.296288 HPWL: 769579
[INFO GPL-0100] worst slack 2.19e-11
[INFO GPL-0103] Weighted 34 nets.
[NesterovSolve] Iter: 220 overflow: 0.272459 HPWL: 771894
[NesterovSolve] Iter: 230 overflow: 0.245573 HPWL: 771762
[NesterovSolve] Iter: 240 overflow: 0.217771 HPWL: 772217
[INFO GPL-0100] worst slack 2.17e-11
[INFO GPL-0103] Weighted 34 nets.
[INFO GPL-0075] Routability numCall: 1 inflationIterCnt: 1 bloatIterCnt: 0
[INFO GPL-0036] TileLxLy: 0 0
[INFO GPL-0037] TileSize: 540 540
[INFO GPL-0038] TileCnt: 30 30
[INFO GPL-0039] numRoutingLayers: 10
[INFO GPL-0040] NumTiles: 900
[INFO GPL-0063] TotalRouteOverflowH2: 0.0
[INFO GPL-0064] TotalRouteOverflowV2: 0.0
[INFO GPL-0065] OverflowTileCnt2: 0
[INFO GPL-0066] 0.5%RC: 1.0
[INFO GPL-0067] 1.0%RC: 1.0
[INFO GPL-0068] 2.0%RC: 0.9697802089727842
[INFO GPL-0069] 5.0%RC: 0.9099969776101815
[INFO GPL-0070] 0.5rcK: 1.0
[INFO GPL-0071] 1.0rcK: 1.0
[INFO GPL-0072] 2.0rcK: 0.0
[INFO GPL-0073] 5.0rcK: 0.0
[INFO GPL-0074] FinalRC: 1.0
[NesterovSolve] Iter: 250 overflow: 0.190419 HPWL: 773890
[NesterovSolve] Iter: 260 overflow: 0.166383 HPWL: 776419
[NesterovSolve] Iter: 270 overflow: 0.144481 HPWL: 779113
[INFO GPL-0100] worst slack 2.09e-11
[INFO GPL-0103] Weighted 34 nets.
[NesterovSolve] Iter: 280 overflow: 0.120159 HPWL: 782548
[NesterovSolve] Iter: 290 overflow: 0.100225 HPWL: 787106
[NesterovSolve] Finished with Overflow: 0.098356

==========================================================================
global place check_setup
--------------------------------------------------------------------------

==========================================================================
global place report_tns
--------------------------------------------------------------------------
tns 0.00

==========================================================================
global place report_wns
--------------------------------------------------------------------------
wns 0.00

==========================================================================
global place report_worst_slack
--------------------------------------------------------------------------
worst slack 14.29

==========================================================================
global place report_checks -path_delay min
--------------------------------------------------------------------------
Startpoint: _585_ (falling edge-triggered flip-flop clocked by core_clock')
Endpoint: _585_ (falling edge-triggered flip-flop clocked by core_clock')
Path Group: core_clock
Path Type: min

Fanout     Cap    Slew   Delay    Time   Description
-----------------------------------------------------------------------------
                  0.00    0.00    0.00   clock core_clock' (fall edge)
                          0.00    0.00   clock network delay (ideal)
                  0.00    0.00    0.00 v _585_/CLK (DFFLQNx1_ASAP7_75t_R)
                 19.77   39.19   39.19 v _585_/QN (DFFLQNx1_ASAP7_75t_R)
     2    1.87                           _059_ (net)
                 19.77    0.03   39.22 v _354_/A (NOR2x1_ASAP7_75t_R)
                  9.60   11.54   50.76 ^ _354_/Y (NOR2x1_ASAP7_75t_R)
     1    0.75                           _137_ (net)
                  9.60    0.01   50.78 ^ _356_/A2 (OA21x2_ASAP7_75t_R)
                  5.84   15.26   66.03 ^ _356_/Y (OA21x2_ASAP7_75t_R)
     1    0.75                           _001_ (net)
                  5.84    0.02   66.05 ^ _585_/D (DFFLQNx1_ASAP7_75t_R)
                                 66.05   data arrival time

                  0.00    0.00    0.00   clock core_clock' (fall edge)
                          0.00    0.00   clock network delay (ideal)
                          0.00    0.00   clock reconvergence pessimism
                                  0.00 v _585_/CLK (DFFLQNx1_ASAP7_75t_R)
                          5.70    5.70   library hold time
                                  5.70   data required time
-----------------------------------------------------------------------------
                                  5.70   data required time
                                -66.05   data arrival time
-----------------------------------------------------------------------------
                                 60.35   slack (MET)



==========================================================================
global place report_checks -path_delay max
--------------------------------------------------------------------------
Startpoint: _584_ (falling edge-triggered flip-flop clocked by core_clock')
Endpoint: _586_ (falling edge-triggered flip-flop clocked by core_clock')
Path Group: core_clock
Path Type: max

Fanout     Cap    Slew   Delay    Time   Description
-----------------------------------------------------------------------------
                  0.00    0.00    0.00   clock core_clock' (fall edge)
                          0.00    0.00   clock network delay (ideal)
                  0.00    0.00    0.00 v _584_/CLK (DFFLQNx1_ASAP7_75t_R)
                252.08  138.69  138.69 ^ _584_/QN (DFFLQNx1_ASAP7_75t_R)
    52   40.03                           _026_ (net)
                252.25    3.82  142.51 ^ _306_/A (INVx1_ASAP7_75t_R)
                193.85  137.54  280.04 v _306_/Y (INVx1_ASAP7_75t_R)
    35   28.52                           req_rdy (net)
                193.88    1.36  281.41 v _317_/A (NAND2x1_ASAP7_75t_R)
                 49.76   48.29  329.70 ^ _317_/Y (NAND2x1_ASAP7_75t_R)
     2    1.66                           _103_ (net)
                 49.76    0.05  329.75 ^ _344_/C (OA211x2_ASAP7_75t_R)
                 11.33   24.27  354.02 ^ _344_/Y (OA211x2_ASAP7_75t_R)
     1    1.01                           _130_ (net)
                 11.33    0.01  354.03 ^ _345_/B (AOI211x1_ASAP7_75t_R)
                 30.20    8.18  362.21 v _345_/Y (AOI211x1_ASAP7_75t_R)
     1    0.63                           _002_ (net)
                 30.20    0.00  362.21 v _586_/D (DFFLQNx1_ASAP7_75t_R)
                                362.21   data arrival time

                  0.00  390.00  390.00   clock core_clock' (fall edge)
                          0.00  390.00   clock network delay (ideal)
                          0.00  390.00   clock reconvergence pessimism
                                390.00 v _586_/CLK (DFFLQNx1_ASAP7_75t_R)
                        -13.50  376.50   library setup time
                                376.50   data required time
-----------------------------------------------------------------------------
                                376.50   data required time
                               -362.21   data arrival time
-----------------------------------------------------------------------------
                                 14.29   slack (MET)



==========================================================================
global place report_checks -unconstrained
--------------------------------------------------------------------------
Startpoint: _584_ (falling edge-triggered flip-flop clocked by core_clock')
Endpoint: _586_ (falling edge-triggered flip-flop clocked by core_clock')
Path Group: core_clock
Path Type: max

Fanout     Cap    Slew   Delay    Time   Description
-----------------------------------------------------------------------------
                  0.00    0.00    0.00   clock core_clock' (fall edge)
                          0.00    0.00   clock network delay (ideal)
                  0.00    0.00    0.00 v _584_/CLK (DFFLQNx1_ASAP7_75t_R)
                252.08  138.69  138.69 ^ _584_/QN (DFFLQNx1_ASAP7_75t_R)
    52   40.03                           _026_ (net)
                252.25    3.82  142.51 ^ _306_/A (INVx1_ASAP7_75t_R)
                193.85  137.54  280.04 v _306_/Y (INVx1_ASAP7_75t_R)
    35   28.52                           req_rdy (net)
                193.88    1.36  281.41 v _317_/A (NAND2x1_ASAP7_75t_R)
                 49.76   48.29  329.70 ^ _317_/Y (NAND2x1_ASAP7_75t_R)
     2    1.66                           _103_ (net)
                 49.76    0.05  329.75 ^ _344_/C (OA211x2_ASAP7_75t_R)
                 11.33   24.27  354.02 ^ _344_/Y (OA211x2_ASAP7_75t_R)
     1    1.01                           _130_ (net)
                 11.33    0.01  354.03 ^ _345_/B (AOI211x1_ASAP7_75t_R)
                 30.20    8.18  362.21 v _345_/Y (AOI211x1_ASAP7_75t_R)
     1    0.63                           _002_ (net)
                 30.20    0.00  362.21 v _586_/D (DFFLQNx1_ASAP7_75t_R)
                                362.21   data arrival time

                  0.00  390.00  390.00   clock core_clock' (fall edge)
                          0.00  390.00   clock network delay (ideal)
                          0.00  390.00   clock reconvergence pessimism
                                390.00 v _586_/CLK (DFFLQNx1_ASAP7_75t_R)
                        -13.50  376.50   library setup time
                                376.50   data required time
-----------------------------------------------------------------------------
                                376.50   data required time
                               -362.21   data arrival time
-----------------------------------------------------------------------------
                                 14.29   slack (MET)



==========================================================================
global place report_design_area
--------------------------------------------------------------------------
Design area 39 u^2 20% utilization.

Elapsed time: 0:04.58[h:]min:sec. CPU time: user 3.05 sys 0.18 (70%). Peak memory: 260484KB.
