OpenROAD v2.0-6566-g970f89da6 
This program is licensed under the BSD-3 license. See the LICENSE file for details.
Components of this program may be licensed under more restrictive licenses which must be honored.
[WARNING STA-0164] ./platforms/asap7/lib/asap7sc7p5t_SIMPLE_RVT_FF_nldm_211120.lib.gz line 13178, timing group from output port.
[WARNING STA-0164] ./platforms/asap7/lib/asap7sc7p5t_SIMPLE_RVT_FF_nldm_211120.lib.gz line 13211, timing group from output port.
[WARNING STA-0164] ./platforms/asap7/lib/asap7sc7p5t_SIMPLE_RVT_FF_nldm_211120.lib.gz line 13244, timing group from output port.
[WARNING STA-0164] ./platforms/asap7/lib/asap7sc7p5t_SIMPLE_RVT_FF_nldm_211120.lib.gz line 13277, timing group from output port.
[WARNING STA-0164] ./platforms/asap7/lib/asap7sc7p5t_SIMPLE_RVT_FF_nldm_211120.lib.gz line 13310, timing group from output port.
[WARNING STA-0164] ./platforms/asap7/lib/asap7sc7p5t_SIMPLE_RVT_FF_nldm_211120.lib.gz line 13343, timing group from output port.
[WARNING STA-0164] ./platforms/asap7/lib/asap7sc7p5t_SIMPLE_RVT_FF_nldm_211120.lib.gz line 13376, timing group from output port.
[WARNING STA-0164] ./platforms/asap7/lib/asap7sc7p5t_SIMPLE_RVT_FF_nldm_211120.lib.gz line 14772, timing group from output port.
[WARNING STA-0164] ./platforms/asap7/lib/asap7sc7p5t_SIMPLE_RVT_FF_nldm_211120.lib.gz line 14805, timing group from output port.
[WARNING STA-0164] ./platforms/asap7/lib/asap7sc7p5t_SIMPLE_RVT_FF_nldm_211120.lib.gz line 14838, timing group from output port.

==========================================================================
resizer pre check_setup
--------------------------------------------------------------------------

==========================================================================
resizer pre report_tns
--------------------------------------------------------------------------
tns 0.00

==========================================================================
resizer pre report_wns
--------------------------------------------------------------------------
wns 0.00

==========================================================================
resizer pre report_worst_slack
--------------------------------------------------------------------------
worst slack 14.29

==========================================================================
resizer pre report_checks -path_delay min
--------------------------------------------------------------------------
Startpoint: _585_ (falling edge-triggered flip-flop clocked by core_clock')
Endpoint: _585_ (falling edge-triggered flip-flop clocked by core_clock')
Path Group: core_clock
Path Type: min

Fanout     Cap    Slew   Delay    Time   Description
-----------------------------------------------------------------------------
                  0.00    0.00    0.00   clock core_clock' (fall edge)
                          0.00    0.00   clock network delay (ideal)
                  0.00    0.00    0.00 v _585_/CLK (DFFLQNx1_ASAP7_75t_R)
                 19.77   39.19   39.19 v _585_/QN (DFFLQNx1_ASAP7_75t_R)
     2    1.87                           _059_ (net)
                 19.77    0.03   39.22 v _354_/A (NOR2x1_ASAP7_75t_R)
                  9.60   11.54   50.76 ^ _354_/Y (NOR2x1_ASAP7_75t_R)
     1    0.75                           _137_ (net)
                  9.60    0.01   50.78 ^ _356_/A2 (OA21x2_ASAP7_75t_R)
                  5.84   15.26   66.03 ^ _356_/Y (OA21x2_ASAP7_75t_R)
     1    0.75                           _001_ (net)
                  5.84    0.02   66.05 ^ _585_/D (DFFLQNx1_ASAP7_75t_R)
                                 66.05   data arrival time

                  0.00    0.00    0.00   clock core_clock' (fall edge)
                          0.00    0.00   clock network delay (ideal)
                          0.00    0.00   clock reconvergence pessimism
                                  0.00 v _585_/CLK (DFFLQNx1_ASAP7_75t_R)
                          5.70    5.70   library hold time
                                  5.70   data required time
-----------------------------------------------------------------------------
                                  5.70   data required time
                                -66.05   data arrival time
-----------------------------------------------------------------------------
                                 60.35   slack (MET)



==========================================================================
resizer pre report_checks -path_delay max
--------------------------------------------------------------------------
Startpoint: _584_ (falling edge-triggered flip-flop clocked by core_clock')
Endpoint: _586_ (falling edge-triggered flip-flop clocked by core_clock')
Path Group: core_clock
Path Type: max

Fanout     Cap    Slew   Delay    Time   Description
-----------------------------------------------------------------------------
                  0.00    0.00    0.00   clock core_clock' (fall edge)
                          0.00    0.00   clock network delay (ideal)
                  0.00    0.00    0.00 v _584_/CLK (DFFLQNx1_ASAP7_75t_R)
                252.08  138.69  138.69 ^ _584_/QN (DFFLQNx1_ASAP7_75t_R)
    52   40.03                           _026_ (net)
                252.25    3.82  142.51 ^ _306_/A (INVx1_ASAP7_75t_R)
                193.85  137.54  280.04 v _306_/Y (INVx1_ASAP7_75t_R)
    35   28.52                           req_rdy (net)
                193.88    1.36  281.41 v _317_/A (NAND2x1_ASAP7_75t_R)
                 49.76   48.29  329.70 ^ _317_/Y (NAND2x1_ASAP7_75t_R)
     2    1.66                           _103_ (net)
                 49.76    0.05  329.75 ^ _344_/C (OA211x2_ASAP7_75t_R)
                 11.33   24.27  354.02 ^ _344_/Y (OA211x2_ASAP7_75t_R)
     1    1.01                           _130_ (net)
                 11.33    0.01  354.03 ^ _345_/B (AOI211x1_ASAP7_75t_R)
                 30.20    8.18  362.21 v _345_/Y (AOI211x1_ASAP7_75t_R)
     1    0.63                           _002_ (net)
                 30.20    0.00  362.21 v _586_/D (DFFLQNx1_ASAP7_75t_R)
                                362.21   data arrival time

                  0.00  390.00  390.00   clock core_clock' (fall edge)
                          0.00  390.00   clock network delay (ideal)
                          0.00  390.00   clock reconvergence pessimism
                                390.00 v _586_/CLK (DFFLQNx1_ASAP7_75t_R)
                        -13.50  376.50   library setup time
                                376.50   data required time
-----------------------------------------------------------------------------
                                376.50   data required time
                               -362.21   data arrival time
-----------------------------------------------------------------------------
                                 14.29   slack (MET)



==========================================================================
resizer pre report_checks -unconstrained
--------------------------------------------------------------------------
Startpoint: _584_ (falling edge-triggered flip-flop clocked by core_clock')
Endpoint: _586_ (falling edge-triggered flip-flop clocked by core_clock')
Path Group: core_clock
Path Type: max

Fanout     Cap    Slew   Delay    Time   Description
-----------------------------------------------------------------------------
                  0.00    0.00    0.00   clock core_clock' (fall edge)
                          0.00    0.00   clock network delay (ideal)
                  0.00    0.00    0.00 v _584_/CLK (DFFLQNx1_ASAP7_75t_R)
                252.08  138.69  138.69 ^ _584_/QN (DFFLQNx1_ASAP7_75t_R)
    52   40.03                           _026_ (net)
                252.25    3.82  142.51 ^ _306_/A (INVx1_ASAP7_75t_R)
                193.85  137.54  280.04 v _306_/Y (INVx1_ASAP7_75t_R)
    35   28.52                           req_rdy (net)
                193.88    1.36  281.41 v _317_/A (NAND2x1_ASAP7_75t_R)
                 49.76   48.29  329.70 ^ _317_/Y (NAND2x1_ASAP7_75t_R)
     2    1.66                           _103_ (net)
                 49.76    0.05  329.75 ^ _344_/C (OA211x2_ASAP7_75t_R)
                 11.33   24.27  354.02 ^ _344_/Y (OA211x2_ASAP7_75t_R)
     1    1.01                           _130_ (net)
                 11.33    0.01  354.03 ^ _345_/B (AOI211x1_ASAP7_75t_R)
                 30.20    8.18  362.21 v _345_/Y (AOI211x1_ASAP7_75t_R)
     1    0.63                           _002_ (net)
                 30.20    0.00  362.21 v _586_/D (DFFLQNx1_ASAP7_75t_R)
                                362.21   data arrival time

                  0.00  390.00  390.00   clock core_clock' (fall edge)
                          0.00  390.00   clock network delay (ideal)
                          0.00  390.00   clock reconvergence pessimism
                                390.00 v _586_/CLK (DFFLQNx1_ASAP7_75t_R)
                        -13.50  376.50   library setup time
                                376.50   data required time
-----------------------------------------------------------------------------
                                376.50   data required time
                               -362.21   data arrival time
-----------------------------------------------------------------------------
                                 14.29   slack (MET)



==========================================================================
resizer pre report_design_area
--------------------------------------------------------------------------
Design area 39 u^2 20% utilization.


==========================================================================
instance_count
--------------------------------------------------------------------------
397

==========================================================================
pin_count
--------------------------------------------------------------------------
1108

Perform port buffering...
[INFO RSZ-0027] Inserted 35 input buffers.
[INFO RSZ-0028] Inserted 18 output buffers.
Perform buffer insertion...
[INFO RSZ-0058] Using max wire length 162um.
[INFO RSZ-0039] Resized 81 instances.
Repair tie lo fanout...
Repair tie hi fanout...

==========================================================================
report_floating_nets
--------------------------------------------------------------------------

==========================================================================
resizer check_setup
--------------------------------------------------------------------------

==========================================================================
resizer report_tns
--------------------------------------------------------------------------
tns 0.00

==========================================================================
resizer report_wns
--------------------------------------------------------------------------
wns 0.00

==========================================================================
resizer report_worst_slack
--------------------------------------------------------------------------
worst slack 2.60

==========================================================================
resizer report_checks -path_delay min
--------------------------------------------------------------------------
Startpoint: _585_ (falling edge-triggered flip-flop clocked by core_clock')
Endpoint: _585_ (falling edge-triggered flip-flop clocked by core_clock')
Path Group: core_clock
Path Type: min

Fanout     Cap    Slew   Delay    Time   Description
-----------------------------------------------------------------------------
                  0.00    0.00    0.00   clock core_clock' (fall edge)
                          0.00    0.00   clock network delay (ideal)
                  0.00    0.00    0.00 v _585_/CLK (DFFLQNx2_ASAP7_75t_R)
                 17.29   41.51   41.51 v _585_/QN (DFFLQNx2_ASAP7_75t_R)
     2    1.88                           _059_ (net)
                 17.29    0.03   41.54 v _354_/A (NOR2x1_ASAP7_75t_R)
                  9.61   11.02   52.56 ^ _354_/Y (NOR2x1_ASAP7_75t_R)
     1    0.75                           _137_ (net)
                  9.61    0.01   52.57 ^ _356_/A2 (OA21x2_ASAP7_75t_R)
                  5.86   15.26   67.83 ^ _356_/Y (OA21x2_ASAP7_75t_R)
     1    0.75                           _001_ (net)
                  5.86    0.02   67.85 ^ _585_/D (DFFLQNx2_ASAP7_75t_R)
                                 67.85   data arrival time

                  0.00    0.00    0.00   clock core_clock' (fall edge)
                          0.00    0.00   clock network delay (ideal)
                          0.00    0.00   clock reconvergence pessimism
                                  0.00 v _585_/CLK (DFFLQNx2_ASAP7_75t_R)
                          8.04    8.04   library hold time
                                  8.04   data required time
-----------------------------------------------------------------------------
                                  8.04   data required time
                                -67.85   data arrival time
-----------------------------------------------------------------------------
                                 59.81   slack (MET)



==========================================================================
resizer report_checks -path_delay max
--------------------------------------------------------------------------
Startpoint: _608_ (falling edge-triggered flip-flop clocked by core_clock')
Endpoint: resp_msg[15] (output port clocked by core_clock)
Path Group: core_clock
Path Type: max

Fanout     Cap    Slew   Delay    Time   Description
-----------------------------------------------------------------------------
                  0.00    0.00    0.00   clock core_clock' (fall edge)
                          0.00    0.00   clock network delay (ideal)
                  0.00    0.00    0.00 v _608_/CLK (DFFLQNx3_ASAP7_75t_R)
                 14.85   42.29   42.29 ^ _608_/QN (DFFLQNx3_ASAP7_75t_R)
     1    0.71                           _052_ (net)
                 14.85    0.00   42.29 ^ _361_/A (INVx1_ASAP7_75t_R)
                 16.16   11.96   54.25 v _361_/Y (INVx1_ASAP7_75t_R)
     3    2.57                           dpath.a_lt_b$in0[5] (net)
                 16.16    0.11   54.36 v _580_/B (HAxp5_ASAP7_75t_R)
                 72.82   61.49  115.85 v _580_/SN (HAxp5_ASAP7_75t_R)
     3    3.57                           _064_ (net)
                 72.82    0.04  115.89 v _332_/A2 (OA21x2_ASAP7_75t_R)
                 12.36   33.24  149.14 v _332_/Y (OA21x2_ASAP7_75t_R)
     3    2.38                           _118_ (net)
                 12.36    0.08  149.22 v _333_/C (OA211x2_ASAP7_75t_R)
                 20.18   35.23  184.45 v _333_/Y (OA211x2_ASAP7_75t_R)
     4    4.74                           _119_ (net)
                 20.19    0.26  184.71 v _378_/A (OR2x2_ASAP7_75t_R)
                 11.38   24.79  209.50 v _378_/Y (OR2x2_ASAP7_75t_R)
     2    2.20                           _142_ (net)
                 11.38    0.04  209.55 v _380_/A1 (OAI21x1_ASAP7_75t_R)
                 22.46   14.88  224.43 ^ _380_/Y (OAI21x1_ASAP7_75t_R)
     2    2.80                           _291_ (net)
                 22.47    0.21  224.64 ^ _387_/A2 (AO21x1_ASAP7_75t_R)
                 15.98   20.42  245.06 ^ _387_/Y (AO21x1_ASAP7_75t_R)
     1    2.08                           _292_ (net)
                 15.98    0.03  245.09 ^ _567_/A (FAx1_ASAP7_75t_R)
                 30.65   20.02  265.11 v _567_/CON (FAx1_ASAP7_75t_R)
     1    1.70                           _041_ (net)
                 30.65    0.02  265.13 v _304_/A (XOR2x1_ASAP7_75t_R)
                 25.28   26.79  291.92 v _304_/Y (XOR2x1_ASAP7_75t_R)
     2    1.47                           net43 (net)
                 25.29    0.07  291.99 v output43/A (BUFx2_ASAP7_75t_R)
                  4.63   17.41  309.40 v output43/Y (BUFx2_ASAP7_75t_R)
     1    0.16                           resp_msg[15] (net)
                  4.63    0.00  309.40 v resp_msg[15] (out)
                                309.40   data arrival time

                  0.00  390.00  390.00   clock core_clock (rise edge)
                          0.00  390.00   clock network delay (ideal)
                          0.00  390.00   clock reconvergence pessimism
                        -78.00  312.00   output external delay
                                312.00   data required time
-----------------------------------------------------------------------------
                                312.00   data required time
                               -309.40   data arrival time
-----------------------------------------------------------------------------
                                  2.60   slack (MET)



==========================================================================
resizer report_checks -unconstrained
--------------------------------------------------------------------------
Startpoint: _608_ (falling edge-triggered flip-flop clocked by core_clock')
Endpoint: resp_msg[15] (output port clocked by core_clock)
Path Group: core_clock
Path Type: max

Fanout     Cap    Slew   Delay    Time   Description
-----------------------------------------------------------------------------
                  0.00    0.00    0.00   clock core_clock' (fall edge)
                          0.00    0.00   clock network delay (ideal)
                  0.00    0.00    0.00 v _608_/CLK (DFFLQNx3_ASAP7_75t_R)
                 14.85   42.29   42.29 ^ _608_/QN (DFFLQNx3_ASAP7_75t_R)
     1    0.71                           _052_ (net)
                 14.85    0.00   42.29 ^ _361_/A (INVx1_ASAP7_75t_R)
                 16.16   11.96   54.25 v _361_/Y (INVx1_ASAP7_75t_R)
     3    2.57                           dpath.a_lt_b$in0[5] (net)
                 16.16    0.11   54.36 v _580_/B (HAxp5_ASAP7_75t_R)
                 72.82   61.49  115.85 v _580_/SN (HAxp5_ASAP7_75t_R)
     3    3.57                           _064_ (net)
                 72.82    0.04  115.89 v _332_/A2 (OA21x2_ASAP7_75t_R)
                 12.36   33.24  149.14 v _332_/Y (OA21x2_ASAP7_75t_R)
     3    2.38                           _118_ (net)
                 12.36    0.08  149.22 v _333_/C (OA211x2_ASAP7_75t_R)
                 20.18   35.23  184.45 v _333_/Y (OA211x2_ASAP7_75t_R)
     4    4.74                           _119_ (net)
                 20.19    0.26  184.71 v _378_/A (OR2x2_ASAP7_75t_R)
                 11.38   24.79  209.50 v _378_/Y (OR2x2_ASAP7_75t_R)
     2    2.20                           _142_ (net)
                 11.38    0.04  209.55 v _380_/A1 (OAI21x1_ASAP7_75t_R)
                 22.46   14.88  224.43 ^ _380_/Y (OAI21x1_ASAP7_75t_R)
     2    2.80                           _291_ (net)
                 22.47    0.21  224.64 ^ _387_/A2 (AO21x1_ASAP7_75t_R)
                 15.98   20.42  245.06 ^ _387_/Y (AO21x1_ASAP7_75t_R)
     1    2.08                           _292_ (net)
                 15.98    0.03  245.09 ^ _567_/A (FAx1_ASAP7_75t_R)
                 30.65   20.02  265.11 v _567_/CON (FAx1_ASAP7_75t_R)
     1    1.70                           _041_ (net)
                 30.65    0.02  265.13 v _304_/A (XOR2x1_ASAP7_75t_R)
                 25.28   26.79  291.92 v _304_/Y (XOR2x1_ASAP7_75t_R)
     2    1.47                           net43 (net)
                 25.29    0.07  291.99 v output43/A (BUFx2_ASAP7_75t_R)
                  4.63   17.41  309.40 v output43/Y (BUFx2_ASAP7_75t_R)
     1    0.16                           resp_msg[15] (net)
                  4.63    0.00  309.40 v resp_msg[15] (out)
                                309.40   data arrival time

                  0.00  390.00  390.00   clock core_clock (rise edge)
                          0.00  390.00   clock network delay (ideal)
                          0.00  390.00   clock reconvergence pessimism
                        -78.00  312.00   output external delay
                                312.00   data required time
-----------------------------------------------------------------------------
                                312.00   data required time
                               -309.40   data arrival time
-----------------------------------------------------------------------------
                                  2.60   slack (MET)



==========================================================================
resizer report_check_types -max_slew -max_cap -max_fanout -violators
--------------------------------------------------------------------------

==========================================================================
resizer max_slew_check_slack
--------------------------------------------------------------------------
144.74961853027344

==========================================================================
resizer max_slew_check_limit
--------------------------------------------------------------------------
320.0

==========================================================================
resizer max_slew_check_slack_limit
--------------------------------------------------------------------------
0.4523

==========================================================================
resizer max_fanout_check_slack
--------------------------------------------------------------------------
1.0000000150474662e+30

==========================================================================
resizer max_fanout_check_limit
--------------------------------------------------------------------------
1.0000000150474662e+30

==========================================================================
resizer max_capacitance_check_slack
--------------------------------------------------------------------------
18.07697296142578

==========================================================================
resizer max_capacitance_check_limit
--------------------------------------------------------------------------
23.040000915527344

==========================================================================
resizer max_capacitance_check_slack_limit
--------------------------------------------------------------------------
0.7846

==========================================================================
resizer max_slew_violation_count
--------------------------------------------------------------------------
max slew violation count 0

==========================================================================
resizer max_fanout_violation_count
--------------------------------------------------------------------------
max fanout violation count 0

==========================================================================
resizer max_cap_violation_count
--------------------------------------------------------------------------
max cap violation count 0

==========================================================================
resizer setup_violation_count
--------------------------------------------------------------------------
setup violation count 0

==========================================================================
resizer hold_violation_count
--------------------------------------------------------------------------
hold violation count 0

==========================================================================
resizer critical path delay
--------------------------------------------------------------------------
309.4044

==========================================================================
resizer critical path slack
--------------------------------------------------------------------------
2.5956

==========================================================================
resizer slack div critical path delay
--------------------------------------------------------------------------
0.838902

==========================================================================
resizer report_design_area
--------------------------------------------------------------------------
Design area 44 u^2 22% utilization.


==========================================================================
instance_count
--------------------------------------------------------------------------
450

==========================================================================
pin_count
--------------------------------------------------------------------------
1214

Elapsed time: 0:03.24[h:]min:sec. CPU time: user 2.46 sys 0.04 (77%). Peak memory: 188192KB.
