OpenROAD v2.0-6566-g970f89da6 
This program is licensed under the BSD-3 license. See the LICENSE file for details.
Components of this program may be licensed under more restrictive licenses which must be honored.
[WARNING STA-0164] ./platforms/asap7/lib/asap7sc7p5t_SIMPLE_RVT_FF_nldm_211120.lib.gz line 13178, timing group from output port.
[WARNING STA-0164] ./platforms/asap7/lib/asap7sc7p5t_SIMPLE_RVT_FF_nldm_211120.lib.gz line 13211, timing group from output port.
[WARNING STA-0164] ./platforms/asap7/lib/asap7sc7p5t_SIMPLE_RVT_FF_nldm_211120.lib.gz line 13244, timing group from output port.
[WARNING STA-0164] ./platforms/asap7/lib/asap7sc7p5t_SIMPLE_RVT_FF_nldm_211120.lib.gz line 13277, timing group from output port.
[WARNING STA-0164] ./platforms/asap7/lib/asap7sc7p5t_SIMPLE_RVT_FF_nldm_211120.lib.gz line 13310, timing group from output port.
[WARNING STA-0164] ./platforms/asap7/lib/asap7sc7p5t_SIMPLE_RVT_FF_nldm_211120.lib.gz line 13343, timing group from output port.
[WARNING STA-0164] ./platforms/asap7/lib/asap7sc7p5t_SIMPLE_RVT_FF_nldm_211120.lib.gz line 13376, timing group from output port.
[WARNING STA-0164] ./platforms/asap7/lib/asap7sc7p5t_SIMPLE_RVT_FF_nldm_211120.lib.gz line 14772, timing group from output port.
[WARNING STA-0164] ./platforms/asap7/lib/asap7sc7p5t_SIMPLE_RVT_FF_nldm_211120.lib.gz line 14805, timing group from output port.
[WARNING STA-0164] ./platforms/asap7/lib/asap7sc7p5t_SIMPLE_RVT_FF_nldm_211120.lib.gz line 14838, timing group from output port.
Placement Analysis
---------------------------------
total displacement         63.8 u
average displacement        0.1 u
max displacement            1.1 u
original HPWL             799.8 u
legalized HPWL            834.6 u
delta HPWL                    4 %

Detailed placement improvement.
Importing netlist into detailed improver.
[INFO DPO-0100] Creating network with 450 cells, 54 terminals, 405 edges and 1268 pins.
[INFO DPO-0109] Network stats: inst 504, edges 405, pins 1268
[INFO DPO-0110] Number of regions is 1
[INFO DPO-0401] Setting random seed to 1.
[INFO DPO-0402] Setting maximum displacement 5 1 to 1350 270 units.
[INFO DPO-0320] Collected 158 fixed cells (excluded terminal_NI).
[INFO DPO-0318] Collected 346 single height cells.
[INFO DPO-0321] Collected 0 wide cells.
[INFO DPO-0322] Image (1080, 1080) - (15120, 15120)
[INFO DPO-0310] Assigned 346 cells into segments.  Movement in X-direction is 0.000000, movement in Y-direction is 0.000000.
[INFO DPO-0313] Found 0 cells in wrong regions.
[INFO DPO-0315] Found 0 row alignment problems.
[INFO DPO-0314] Found 0 site alignment problems.
[INFO DPO-0311] Found 0 overlaps between adjacent cells.
[INFO DPO-0312] Found 0 edge spacing violations and 0 padding violations.
[INFO DPO-0303] Running algorithm for independent set matching.
[INFO DPO-0300] Set matching objective is wirelength.
[INFO DPO-0301] Pass   1 of matching; objective is 8.381820e+05.
[INFO DPO-0302] End of matching; objective is 8.376180e+05, improvement is 0.07 percent.
[INFO DPO-0303] Running algorithm for global swaps.
[INFO DPO-0306] Pass   1 of global swaps; hpwl is 8.262375e+05.
[INFO DPO-0306] Pass   2 of global swaps; hpwl is 8.245665e+05.
[INFO DPO-0307] End of global swaps; objective is 8.245665e+05, improvement is 1.56 percent.
[INFO DPO-0303] Running algorithm for vertical swaps.
[INFO DPO-0308] Pass   1 of vertical swaps; hpwl is 8.203355e+05.
[INFO DPO-0309] End of vertical swaps; objective is 8.203355e+05, improvement is 0.51 percent.
[INFO DPO-0303] Running algorithm for reordering.
[INFO DPO-0304] Pass   1 of reordering; objective is 8.199035e+05.
[INFO DPO-0305] End of reordering; objective is 8.199035e+05, improvement is 0.05 percent.
[INFO DPO-0303] Running algorithm for random improvement.
[INFO DPO-0324] Random improver is using displacement generator.
[INFO DPO-0325] Random improver is using hpwl objective.
[INFO DPO-0326] Random improver cost string is (a).
[INFO DPO-0332] End of pass, Generator displacement called 6920 times.
[INFO DPO-0335] Generator displacement, Cumulative attempts 6920, swaps 498, moves  2999 since last reset.
[INFO DPO-0333] End of pass, Objective hpwl, Initial cost 8.199035e+05, Scratch cost 8.108990e+05, Incremental cost 8.108990e+05, Mismatch? N
[INFO DPO-0338] End of pass, Total cost is 8.108990e+05.
[INFO DPO-0327] Pass   1 of random improver; improvement in cost is 1.10 percent.
[INFO DPO-0332] End of pass, Generator displacement called 6920 times.
[INFO DPO-0335] Generator displacement, Cumulative attempts 13840, swaps 970, moves  5936 since last reset.
[INFO DPO-0333] End of pass, Objective hpwl, Initial cost 8.108990e+05, Scratch cost 8.059430e+05, Incremental cost 8.059430e+05, Mismatch? N
[INFO DPO-0338] End of pass, Total cost is 8.059430e+05.
[INFO DPO-0327] Pass   2 of random improver; improvement in cost is 0.61 percent.
[INFO DPO-0328] End of random improver; improvement is 1.702700 percent.
[INFO DPO-0380] Cell flipping.
[INFO DPO-0382] Changed 161 cell orientations for row compatibility.
[INFO DPO-0383] Performed 119 cell flips.
[INFO DPO-0384] End of flipping; objective is 7.788420e+05, improvement is 3.36 percent.
[INFO DPO-0313] Found 0 cells in wrong regions.
[INFO DPO-0315] Found 0 row alignment problems.
[INFO DPO-0314] Found 0 site alignment problems.
[INFO DPO-0311] Found 0 overlaps between adjacent cells.
[INFO DPO-0312] Found 0 edge spacing violations and 0 padding violations.
Detailed Improvement Results
------------------------------------------
Original HPWL              834.6 u
Final HPWL                 776.3 u
Delta HPWL                  -7.0 %

[INFO DPL-0020] Mirrored 16 instances
[INFO DPL-0021] HPWL before             776.3 u
[INFO DPL-0022] HPWL after              775.7 u
[INFO DPL-0023] HPWL delta               -0.1 %
[INFO FLW-0012] Placement violations .

==========================================================================
detailed place check_setup
--------------------------------------------------------------------------

==========================================================================
detailed place report_tns
--------------------------------------------------------------------------
tns 0.00

==========================================================================
detailed place report_wns
--------------------------------------------------------------------------
wns 0.00

==========================================================================
detailed place report_worst_slack
--------------------------------------------------------------------------
worst slack 3.05

==========================================================================
detailed place report_checks -path_delay min
--------------------------------------------------------------------------
Startpoint: _585_ (falling edge-triggered flip-flop clocked by core_clock')
Endpoint: _585_ (falling edge-triggered flip-flop clocked by core_clock')
Path Group: core_clock
Path Type: min

Fanout     Cap    Slew   Delay    Time   Description
-----------------------------------------------------------------------------
                  0.00    0.00    0.00   clock core_clock' (fall edge)
                          0.00    0.00   clock network delay (ideal)
                  0.00    0.00    0.00 v _585_/CLK (DFFLQNx2_ASAP7_75t_R)
                 17.20   41.44   41.44 v _585_/QN (DFFLQNx2_ASAP7_75t_R)
     2    1.85                           _059_ (net)
                 17.20    0.03   41.47 v _354_/A (NOR2x1_ASAP7_75t_R)
                  9.49   10.94   52.41 ^ _354_/Y (NOR2x1_ASAP7_75t_R)
     1    0.74                           _137_ (net)
                  9.49    0.01   52.42 ^ _356_/A2 (OA21x2_ASAP7_75t_R)
                  5.63   15.08   67.50 ^ _356_/Y (OA21x2_ASAP7_75t_R)
     1    0.67                           _001_ (net)
                  5.63    0.01   67.51 ^ _585_/D (DFFLQNx2_ASAP7_75t_R)
                                 67.51   data arrival time

                  0.00    0.00    0.00   clock core_clock' (fall edge)
                          0.00    0.00   clock network delay (ideal)
                          0.00    0.00   clock reconvergence pessimism
                                  0.00 v _585_/CLK (DFFLQNx2_ASAP7_75t_R)
                          8.05    8.05   library hold time
                                  8.05   data required time
-----------------------------------------------------------------------------
                                  8.05   data required time
                                -67.51   data arrival time
-----------------------------------------------------------------------------
                                 59.46   slack (MET)



==========================================================================
detailed place report_checks -path_delay max
--------------------------------------------------------------------------
Startpoint: _608_ (falling edge-triggered flip-flop clocked by core_clock')
Endpoint: resp_msg[15] (output port clocked by core_clock)
Path Group: core_clock
Path Type: max

Fanout     Cap    Slew   Delay    Time   Description
-----------------------------------------------------------------------------
                  0.00    0.00    0.00   clock core_clock' (fall edge)
                          0.00    0.00   clock network delay (ideal)
                  0.00    0.00    0.00 v _608_/CLK (DFFLQNx3_ASAP7_75t_R)
                 14.88   42.32   42.32 ^ _608_/QN (DFFLQNx3_ASAP7_75t_R)
     1    0.72                           _052_ (net)
                 14.88    0.01   42.32 ^ _361_/A (INVx1_ASAP7_75t_R)
                 16.21   12.02   54.34 v _361_/Y (INVx1_ASAP7_75t_R)
     3    2.59                           dpath.a_lt_b$in0[5] (net)
                 16.22    0.08   54.42 v _580_/B (HAxp5_ASAP7_75t_R)
                 71.45   60.62  115.04 v _580_/SN (HAxp5_ASAP7_75t_R)
     3    3.50                           _064_ (net)
                 71.45    0.03  115.07 v _332_/A2 (OA21x2_ASAP7_75t_R)
                 12.62   33.20  148.27 v _332_/Y (OA21x2_ASAP7_75t_R)
     3    2.50                           _118_ (net)
                 12.62    0.11  148.38 v _333_/C (OA211x2_ASAP7_75t_R)
                 20.27   35.34  183.72 v _333_/Y (OA211x2_ASAP7_75t_R)
     4    4.77                           _119_ (net)
                 20.28    0.28  184.00 v _378_/A (OR2x2_ASAP7_75t_R)
                 11.45   24.83  208.84 v _378_/Y (OR2x2_ASAP7_75t_R)
     2    2.21                           _142_ (net)
                 11.46    0.07  208.91 v _380_/A1 (OAI21x1_ASAP7_75t_R)
                 22.74   15.04  223.95 ^ _380_/Y (OAI21x1_ASAP7_75t_R)
     2    2.85                           _291_ (net)
                 22.75    0.22  224.17 ^ _387_/A2 (AO21x1_ASAP7_75t_R)
                 16.15   20.53  244.70 ^ _387_/Y (AO21x1_ASAP7_75t_R)
     1    2.11                           _292_ (net)
                 16.15    0.04  244.74 ^ _567_/A (FAx1_ASAP7_75t_R)
                 30.61   20.06  264.81 v _567_/CON (FAx1_ASAP7_75t_R)
     1    1.70                           _041_ (net)
                 30.61    0.02  264.83 v _304_/A (XOR2x1_ASAP7_75t_R)
                 24.55   26.58  291.41 v _304_/Y (XOR2x1_ASAP7_75t_R)
     2    1.38                           net43 (net)
                 24.55    0.06  291.47 v output43/A (BUFx2_ASAP7_75t_R)
                  4.93   17.48  308.94 v output43/Y (BUFx2_ASAP7_75t_R)
     1    0.31                           resp_msg[15] (net)
                  4.93    0.01  308.95 v resp_msg[15] (out)
                                308.95   data arrival time

                  0.00  390.00  390.00   clock core_clock (rise edge)
                          0.00  390.00   clock network delay (ideal)
                          0.00  390.00   clock reconvergence pessimism
                        -78.00  312.00   output external delay
                                312.00   data required time
-----------------------------------------------------------------------------
                                312.00   data required time
                               -308.95   data arrival time
-----------------------------------------------------------------------------
                                  3.05   slack (MET)



==========================================================================
detailed place report_checks -unconstrained
--------------------------------------------------------------------------
Startpoint: _608_ (falling edge-triggered flip-flop clocked by core_clock')
Endpoint: resp_msg[15] (output port clocked by core_clock)
Path Group: core_clock
Path Type: max

Fanout     Cap    Slew   Delay    Time   Description
-----------------------------------------------------------------------------
                  0.00    0.00    0.00   clock core_clock' (fall edge)
                          0.00    0.00   clock network delay (ideal)
                  0.00    0.00    0.00 v _608_/CLK (DFFLQNx3_ASAP7_75t_R)
                 14.88   42.32   42.32 ^ _608_/QN (DFFLQNx3_ASAP7_75t_R)
     1    0.72                           _052_ (net)
                 14.88    0.01   42.32 ^ _361_/A (INVx1_ASAP7_75t_R)
                 16.21   12.02   54.34 v _361_/Y (INVx1_ASAP7_75t_R)
     3    2.59                           dpath.a_lt_b$in0[5] (net)
                 16.22    0.08   54.42 v _580_/B (HAxp5_ASAP7_75t_R)
                 71.45   60.62  115.04 v _580_/SN (HAxp5_ASAP7_75t_R)
     3    3.50                           _064_ (net)
                 71.45    0.03  115.07 v _332_/A2 (OA21x2_ASAP7_75t_R)
                 12.62   33.20  148.27 v _332_/Y (OA21x2_ASAP7_75t_R)
     3    2.50                           _118_ (net)
                 12.62    0.11  148.38 v _333_/C (OA211x2_ASAP7_75t_R)
                 20.27   35.34  183.72 v _333_/Y (OA211x2_ASAP7_75t_R)
     4    4.77                           _119_ (net)
                 20.28    0.28  184.00 v _378_/A (OR2x2_ASAP7_75t_R)
                 11.45   24.83  208.84 v _378_/Y (OR2x2_ASAP7_75t_R)
     2    2.21                           _142_ (net)
                 11.46    0.07  208.91 v _380_/A1 (OAI21x1_ASAP7_75t_R)
                 22.74   15.04  223.95 ^ _380_/Y (OAI21x1_ASAP7_75t_R)
     2    2.85                           _291_ (net)
                 22.75    0.22  224.17 ^ _387_/A2 (AO21x1_ASAP7_75t_R)
                 16.15   20.53  244.70 ^ _387_/Y (AO21x1_ASAP7_75t_R)
     1    2.11                           _292_ (net)
                 16.15    0.04  244.74 ^ _567_/A (FAx1_ASAP7_75t_R)
                 30.61   20.06  264.81 v _567_/CON (FAx1_ASAP7_75t_R)
     1    1.70                           _041_ (net)
                 30.61    0.02  264.83 v _304_/A (XOR2x1_ASAP7_75t_R)
                 24.55   26.58  291.41 v _304_/Y (XOR2x1_ASAP7_75t_R)
     2    1.38                           net43 (net)
                 24.55    0.06  291.47 v output43/A (BUFx2_ASAP7_75t_R)
                  4.93   17.48  308.94 v output43/Y (BUFx2_ASAP7_75t_R)
     1    0.31                           resp_msg[15] (net)
                  4.93    0.01  308.95 v resp_msg[15] (out)
                                308.95   data arrival time

                  0.00  390.00  390.00   clock core_clock (rise edge)
                          0.00  390.00   clock network delay (ideal)
                          0.00  390.00   clock reconvergence pessimism
                        -78.00  312.00   output external delay
                                312.00   data required time
-----------------------------------------------------------------------------
                                312.00   data required time
                               -308.95   data arrival time
-----------------------------------------------------------------------------
                                  3.05   slack (MET)



==========================================================================
detailed place report_check_types -max_slew -max_cap -max_fanout -violators
--------------------------------------------------------------------------

==========================================================================
detailed place max_slew_check_slack
--------------------------------------------------------------------------
143.22946166992188

==========================================================================
detailed place max_slew_check_limit
--------------------------------------------------------------------------
320.0

==========================================================================
detailed place max_slew_check_slack_limit
--------------------------------------------------------------------------
0.4476

==========================================================================
detailed place max_fanout_check_slack
--------------------------------------------------------------------------
1.0000000150474662e+30

==========================================================================
detailed place max_fanout_check_limit
--------------------------------------------------------------------------
1.0000000150474662e+30

==========================================================================
detailed place max_capacitance_check_slack
--------------------------------------------------------------------------
18.152156829833984

==========================================================================
detailed place max_capacitance_check_limit
--------------------------------------------------------------------------
23.040000915527344

==========================================================================
detailed place max_capacitance_check_slack_limit
--------------------------------------------------------------------------
0.7879

==========================================================================
detailed place max_slew_violation_count
--------------------------------------------------------------------------
max slew violation count 0

==========================================================================
detailed place max_fanout_violation_count
--------------------------------------------------------------------------
max fanout violation count 0

==========================================================================
detailed place max_cap_violation_count
--------------------------------------------------------------------------
max cap violation count 0

==========================================================================
detailed place setup_violation_count
--------------------------------------------------------------------------
setup violation count 0

==========================================================================
detailed place hold_violation_count
--------------------------------------------------------------------------
hold violation count 0

==========================================================================
detailed place critical path delay
--------------------------------------------------------------------------
308.9498

==========================================================================
detailed place critical path slack
--------------------------------------------------------------------------
3.0502

==========================================================================
detailed place slack div critical path delay
--------------------------------------------------------------------------
0.987280

==========================================================================
detailed place report_design_area
--------------------------------------------------------------------------
Design area 44 u^2 22% utilization.

Elapsed time: 0:02.27[h:]min:sec. CPU time: user 2.08 sys 0.07 (95%). Peak memory: 182664KB.
