OpenROAD v2.0-6566-g970f89da6 
This program is licensed under the BSD-3 license. See the LICENSE file for details.
Components of this program may be licensed under more restrictive licenses which must be honored.
[WARNING STA-0164] ./platforms/asap7/lib/asap7sc7p5t_SIMPLE_RVT_FF_nldm_211120.lib.gz line 13178, timing group from output port.
[WARNING STA-0164] ./platforms/asap7/lib/asap7sc7p5t_SIMPLE_RVT_FF_nldm_211120.lib.gz line 13211, timing group from output port.
[WARNING STA-0164] ./platforms/asap7/lib/asap7sc7p5t_SIMPLE_RVT_FF_nldm_211120.lib.gz line 13244, timing group from output port.
[WARNING STA-0164] ./platforms/asap7/lib/asap7sc7p5t_SIMPLE_RVT_FF_nldm_211120.lib.gz line 13277, timing group from output port.
[WARNING STA-0164] ./platforms/asap7/lib/asap7sc7p5t_SIMPLE_RVT_FF_nldm_211120.lib.gz line 13310, timing group from output port.
[WARNING STA-0164] ./platforms/asap7/lib/asap7sc7p5t_SIMPLE_RVT_FF_nldm_211120.lib.gz line 13343, timing group from output port.
[WARNING STA-0164] ./platforms/asap7/lib/asap7sc7p5t_SIMPLE_RVT_FF_nldm_211120.lib.gz line 13376, timing group from output port.
[WARNING STA-0164] ./platforms/asap7/lib/asap7sc7p5t_SIMPLE_RVT_FF_nldm_211120.lib.gz line 14772, timing group from output port.
[WARNING STA-0164] ./platforms/asap7/lib/asap7sc7p5t_SIMPLE_RVT_FF_nldm_211120.lib.gz line 14805, timing group from output port.
[WARNING STA-0164] ./platforms/asap7/lib/asap7sc7p5t_SIMPLE_RVT_FF_nldm_211120.lib.gz line 14838, timing group from output port.
[INFO GRT-0020] Min routing layer: M2
[INFO GRT-0021] Max routing layer: M7
[INFO GRT-0022] Global adjustment: 0%
[INFO GRT-0023] Grid origin: (0, 0)
[INFO GRT-0043] No OR_DEFAULT vias defined.
[INFO GRT-0088] Layer M1      Track-Pitch = 0.0360  line-2-Via Pitch: 0.0360
[INFO GRT-0088] Layer M2      Track-Pitch = 0.0380  line-2-Via Pitch: 0.0360
[INFO GRT-0088] Layer M3      Track-Pitch = 0.0360  line-2-Via Pitch: 0.0360
[INFO GRT-0088] Layer M4      Track-Pitch = 0.0480  line-2-Via Pitch: 0.0480
[INFO GRT-0088] Layer M5      Track-Pitch = 0.0480  line-2-Via Pitch: 0.0480
[INFO GRT-0088] Layer M6      Track-Pitch = 0.0640  line-2-Via Pitch: 0.0640
[INFO GRT-0088] Layer M7      Track-Pitch = 0.0640  line-2-Via Pitch: 0.0640
[INFO GRT-0019] Found 41 clock nets.
[INFO GRT-0001] Minimum degree: 2
[INFO GRT-0002] Maximum degree: 53
[INFO GRT-0003] Macros: 0
[INFO GRT-0004] Blockages: 105

[INFO GRT-0053] Routing resources analysis:
          Routing      Original      Derated      Resource
Layer     Direction    Resources     Resources    Reduction (%)
---------------------------------------------------------------
M1         Vertical            0             0          0.00%
M2         Horizontal      12600          4621          63.33%
M3         Vertical        13500          6239          53.79%
M4         Horizontal       9900          4524          54.30%
M5         Vertical         9900          4370          55.86%
M6         Horizontal       7200          3319          53.90%
M7         Vertical         7200          3567          50.46%
---------------------------------------------------------------

[INFO GRT-0197] Via related to pin nodes: 1870
[INFO GRT-0198] Via related Steiner nodes: 81
[INFO GRT-0199] Via filling finished.
[INFO GRT-0111] Final number of vias: 2133
[INFO GRT-0112] Final usage 3D: 8477

[INFO GRT-0096] Final congestion report:
Layer         Resource        Demand        Usage (%)    Max H / Max V / Total Overflow
---------------------------------------------------------------------------------------
M1                   0             0            0.00%             0 /  0 /  0
M2                4621           906           19.61%             0 /  0 /  0
M3                6239          1031           16.53%             0 /  0 /  0
M4                4524           115            2.54%             0 /  0 /  0
M5                4370            26            0.59%             0 /  0 /  0
M6                3319             0            0.00%             0 /  0 /  0
M7                3567             0            0.00%             0 /  0 /  0
---------------------------------------------------------------------------------------
Total            26640          2078            7.80%             0 /  0 /  0

[INFO GRT-0018] Total wirelength: 1772 um
[INFO GRT-0014] Routed nets: 450

==========================================================================
global route check_setup
--------------------------------------------------------------------------
Warning: There is 1 unconstrained endpoint.

==========================================================================
global route report_tns
--------------------------------------------------------------------------
tns -156.92

==========================================================================
global route report_wns
--------------------------------------------------------------------------
wns -34.07

==========================================================================
global route report_worst_slack
--------------------------------------------------------------------------
worst slack -34.07

==========================================================================
global route report_clock_skew
--------------------------------------------------------------------------
Clock core_clock
Latency      CRPR       Skew
_588_/CLK v
  51.73
_606_/CLK v
  48.37      0.00       3.36


==========================================================================
global route report_checks -path_delay min
--------------------------------------------------------------------------
Startpoint: reset (input port clocked by core_clock)
Endpoint: _586_ (falling edge-triggered flip-flop clocked by core_clock')
Path Group: core_clock
Path Type: min

Fanout     Cap    Slew   Delay    Time   Description
-----------------------------------------------------------------------------
                          0.00    0.00   clock core_clock (rise edge)
                          0.00    0.00   clock network delay (propagated)
                         78.00   78.00 v input external delay
                  0.00    0.00   78.00 v reset (in)
     1    0.80                           reset (net)
                  0.07    0.02   78.02 v input34/A (BUFx2_ASAP7_75t_R)
                 10.60   13.91   91.93 v input34/Y (BUFx2_ASAP7_75t_R)
     3    2.88                           net34 (net)
                 10.61    0.20   92.13 v _345_/C (AOI211x1_ASAP7_75t_R)
                 11.79    9.07  101.20 ^ _345_/Y (AOI211x1_ASAP7_75t_R)
     1    0.91                           _002_ (net)
                 11.79    0.06  101.26 ^ _586_/D (DFFLQNx2_ASAP7_75t_R)
                                101.26   data arrival time

                          0.00    0.00   clock core_clock' (fall edge)
                          0.00    0.00   clock source latency
                  0.00    0.00    0.00 ^ clk (in)
     1    2.12                           clk (net)
                  0.84    0.26    0.26 ^ clkbuf_0_clk/A (BUFx4_ASAP7_75t_R)
                 11.39   17.53   17.79 ^ clkbuf_0_clk/Y (BUFx4_ASAP7_75t_R)
     4    3.93                           clknet_0_clk (net)
                 11.41    0.22   18.01 ^ clkbuf_2_2__f_clk/A (BUFx4_ASAP7_75t_R)
                 19.81   25.13   43.14 ^ clkbuf_2_2__f_clk/Y (BUFx4_ASAP7_75t_R)
    10    9.22                           clknet_2_2__leaf_clk (net)
                 19.85    0.51   43.65 ^ _24_33/A (INVx1_ASAP7_75t_R)
                  8.13    7.16   50.81 v _24_33/Y (INVx1_ASAP7_75t_R)
     1    0.65                           net86 (net)
                  8.13    0.03   50.84 v _586_/CLK (DFFLQNx2_ASAP7_75t_R)
                          0.00   50.84   clock reconvergence pessimism
                         10.17   61.01   library hold time
                                 61.01   data required time
-----------------------------------------------------------------------------
                                 61.01   data required time
                               -101.26   data arrival time
-----------------------------------------------------------------------------
                                 40.24   slack (MET)



==========================================================================
global route report_checks -path_delay max
--------------------------------------------------------------------------
Startpoint: _610_ (falling edge-triggered flip-flop clocked by core_clock')
Endpoint: resp_msg[15] (output port clocked by core_clock)
Path Group: core_clock
Path Type: max

Fanout     Cap    Slew   Delay    Time   Description
-----------------------------------------------------------------------------
                          0.00    0.00   clock core_clock' (fall edge)
                          0.00    0.00   clock source latency
                  0.00    0.00    0.00 ^ clk (in)
     1    2.12                           clk (net)
                  0.84    0.26    0.26 ^ clkbuf_0_clk/A (BUFx4_ASAP7_75t_R)
                 11.39   17.53   17.79 ^ clkbuf_0_clk/Y (BUFx4_ASAP7_75t_R)
     4    3.93                           clknet_0_clk (net)
                 11.41    0.26   18.05 ^ clkbuf_2_1__f_clk/A (BUFx4_ASAP7_75t_R)
                 20.10   25.44   43.49 ^ clkbuf_2_1__f_clk/Y (BUFx4_ASAP7_75t_R)
    10    9.53                           clknet_2_1__leaf_clk (net)
                 20.10    0.15   43.64 ^ _372__9/A (INVx1_ASAP7_75t_R)
                  8.59    7.48   51.12 v _372__9/Y (INVx1_ASAP7_75t_R)
     1    0.73                           net62 (net)
                  8.59    0.04   51.16 v _610_/CLK (DFFLQNx3_ASAP7_75t_R)
                 15.12   45.32   96.48 ^ _610_/QN (DFFLQNx3_ASAP7_75t_R)
     1    0.83                           _050_ (net)
                 15.12    0.03   96.51 ^ _363_/A (INVx1_ASAP7_75t_R)
                 17.18   12.58  109.09 v _363_/Y (INVx1_ASAP7_75t_R)
     3    2.78                           dpath.a_lt_b$in0[7] (net)
                 17.18    0.11  109.20 v _578_/B (HAxp5_ASAP7_75t_R)
                 37.20   23.11  132.32 ^ _578_/CON (HAxp5_ASAP7_75t_R)
     3    2.55                           _016_ (net)
                 21.34   14.89  147.21 v _578_/SN (HAxp5_ASAP7_75t_R)
     1    0.89                           _063_ (net)
                 21.34    0.05  147.26 v rebuffer36/A (BUFx3_ASAP7_75t_R)
                  8.57   18.71  165.97 v rebuffer36/Y (BUFx3_ASAP7_75t_R)
     4    2.86                           net89 (net)
                  8.59    0.18  166.15 v _331_/A2 (OA21x2_ASAP7_75t_R)
                  9.29   18.45  184.60 v _331_/Y (OA21x2_ASAP7_75t_R)
     2    1.78                           _117_ (net)
                  9.29    0.05  184.65 v _333_/B (OA211x2_ASAP7_75t_R)
                 20.68   32.91  217.56 v _333_/Y (OA211x2_ASAP7_75t_R)
     4    4.95                           _119_ (net)
                 20.71    0.40  217.96 v _378_/A (OR2x2_ASAP7_75t_R)
                 11.80   25.08  243.05 v _378_/Y (OR2x2_ASAP7_75t_R)
     2    2.31                           _142_ (net)
                 11.80    0.15  243.19 v _380_/A1 (OAI21x1_ASAP7_75t_R)
                 23.27   15.30  258.50 ^ _380_/Y (OAI21x1_ASAP7_75t_R)
     2    2.92                           _291_ (net)
                 23.28    0.29  258.78 ^ _387_/A2 (AO21x1_ASAP7_75t_R)
                 17.00   20.93  279.72 ^ _387_/Y (AO21x1_ASAP7_75t_R)
     1    2.24                           _292_ (net)
                 17.00    0.14  279.85 ^ _567_/A (FAx1_ASAP7_75t_R)
                 32.33   21.02  300.88 v _567_/CON (FAx1_ASAP7_75t_R)
     1    1.87                           _041_ (net)
                 32.34    0.10  300.97 v _304_/A (XOR2x1_ASAP7_75t_R)
                 25.81   27.14  328.11 v _304_/Y (XOR2x1_ASAP7_75t_R)
     2    1.47                           net43 (net)
                 25.81    0.11  328.22 v output43/A (BUFx2_ASAP7_75t_R)
                  5.08   17.83  346.05 v output43/Y (BUFx2_ASAP7_75t_R)
     1    0.35                           resp_msg[15] (net)
                  5.08    0.01  346.07 v resp_msg[15] (out)
                                346.07   data arrival time

                        390.00  390.00   clock core_clock (rise edge)
                          0.00  390.00   clock network delay (propagated)
                          0.00  390.00   clock reconvergence pessimism
                        -78.00  312.00   output external delay
                                312.00   data required time
-----------------------------------------------------------------------------
                                312.00   data required time
                               -346.07   data arrival time
-----------------------------------------------------------------------------
                                -34.07   slack (VIOLATED)



==========================================================================
global route report_checks -unconstrained
--------------------------------------------------------------------------
Startpoint: _610_ (falling edge-triggered flip-flop clocked by core_clock')
Endpoint: resp_msg[15] (output port clocked by core_clock)
Path Group: core_clock
Path Type: max

Fanout     Cap    Slew   Delay    Time   Description
-----------------------------------------------------------------------------
                          0.00    0.00   clock core_clock' (fall edge)
                          0.00    0.00   clock source latency
                  0.00    0.00    0.00 ^ clk (in)
     1    2.12                           clk (net)
                  0.84    0.26    0.26 ^ clkbuf_0_clk/A (BUFx4_ASAP7_75t_R)
                 11.39   17.53   17.79 ^ clkbuf_0_clk/Y (BUFx4_ASAP7_75t_R)
     4    3.93                           clknet_0_clk (net)
                 11.41    0.26   18.05 ^ clkbuf_2_1__f_clk/A (BUFx4_ASAP7_75t_R)
                 20.10   25.44   43.49 ^ clkbuf_2_1__f_clk/Y (BUFx4_ASAP7_75t_R)
    10    9.53                           clknet_2_1__leaf_clk (net)
                 20.10    0.15   43.64 ^ _372__9/A (INVx1_ASAP7_75t_R)
                  8.59    7.48   51.12 v _372__9/Y (INVx1_ASAP7_75t_R)
     1    0.73                           net62 (net)
                  8.59    0.04   51.16 v _610_/CLK (DFFLQNx3_ASAP7_75t_R)
                 15.12   45.32   96.48 ^ _610_/QN (DFFLQNx3_ASAP7_75t_R)
     1    0.83                           _050_ (net)
                 15.12    0.03   96.51 ^ _363_/A (INVx1_ASAP7_75t_R)
                 17.18   12.58  109.09 v _363_/Y (INVx1_ASAP7_75t_R)
     3    2.78                           dpath.a_lt_b$in0[7] (net)
                 17.18    0.11  109.20 v _578_/B (HAxp5_ASAP7_75t_R)
                 37.20   23.11  132.32 ^ _578_/CON (HAxp5_ASAP7_75t_R)
     3    2.55                           _016_ (net)
                 21.34   14.89  147.21 v _578_/SN (HAxp5_ASAP7_75t_R)
     1    0.89                           _063_ (net)
                 21.34    0.05  147.26 v rebuffer36/A (BUFx3_ASAP7_75t_R)
                  8.57   18.71  165.97 v rebuffer36/Y (BUFx3_ASAP7_75t_R)
     4    2.86                           net89 (net)
                  8.59    0.18  166.15 v _331_/A2 (OA21x2_ASAP7_75t_R)
                  9.29   18.45  184.60 v _331_/Y (OA21x2_ASAP7_75t_R)
     2    1.78                           _117_ (net)
                  9.29    0.05  184.65 v _333_/B (OA211x2_ASAP7_75t_R)
                 20.68   32.91  217.56 v _333_/Y (OA211x2_ASAP7_75t_R)
     4    4.95                           _119_ (net)
                 20.71    0.40  217.96 v _378_/A (OR2x2_ASAP7_75t_R)
                 11.80   25.08  243.05 v _378_/Y (OR2x2_ASAP7_75t_R)
     2    2.31                           _142_ (net)
                 11.80    0.15  243.19 v _380_/A1 (OAI21x1_ASAP7_75t_R)
                 23.27   15.30  258.50 ^ _380_/Y (OAI21x1_ASAP7_75t_R)
     2    2.92                           _291_ (net)
                 23.28    0.29  258.78 ^ _387_/A2 (AO21x1_ASAP7_75t_R)
                 17.00   20.93  279.72 ^ _387_/Y (AO21x1_ASAP7_75t_R)
     1    2.24                           _292_ (net)
                 17.00    0.14  279.85 ^ _567_/A (FAx1_ASAP7_75t_R)
                 32.33   21.02  300.88 v _567_/CON (FAx1_ASAP7_75t_R)
     1    1.87                           _041_ (net)
                 32.34    0.10  300.97 v _304_/A (XOR2x1_ASAP7_75t_R)
                 25.81   27.14  328.11 v _304_/Y (XOR2x1_ASAP7_75t_R)
     2    1.47                           net43 (net)
                 25.81    0.11  328.22 v output43/A (BUFx2_ASAP7_75t_R)
                  5.08   17.83  346.05 v output43/Y (BUFx2_ASAP7_75t_R)
     1    0.35                           resp_msg[15] (net)
                  5.08    0.01  346.07 v resp_msg[15] (out)
                                346.07   data arrival time

                        390.00  390.00   clock core_clock (rise edge)
                          0.00  390.00   clock network delay (propagated)
                          0.00  390.00   clock reconvergence pessimism
                        -78.00  312.00   output external delay
                                312.00   data required time
-----------------------------------------------------------------------------
                                312.00   data required time
                               -346.07   data arrival time
-----------------------------------------------------------------------------
                                -34.07   slack (VIOLATED)



==========================================================================
global route report_check_types -max_slew -max_cap -max_fanout -violators
--------------------------------------------------------------------------

==========================================================================
global route max_slew_check_slack
--------------------------------------------------------------------------
133.8464813232422

==========================================================================
global route max_slew_check_limit
--------------------------------------------------------------------------
320.0

==========================================================================
global route max_slew_check_slack_limit
--------------------------------------------------------------------------
0.4183

==========================================================================
global route max_fanout_check_slack
--------------------------------------------------------------------------
1.0000000150474662e+30

==========================================================================
global route max_fanout_check_limit
--------------------------------------------------------------------------
1.0000000150474662e+30

==========================================================================
global route max_capacitance_check_slack
--------------------------------------------------------------------------
17.87335968017578

==========================================================================
global route max_capacitance_check_limit
--------------------------------------------------------------------------
23.040000915527344

==========================================================================
global route max_capacitance_check_slack_limit
--------------------------------------------------------------------------
0.7758

==========================================================================
global route max_slew_violation_count
--------------------------------------------------------------------------
max slew violation count 0

==========================================================================
global route max_fanout_violation_count
--------------------------------------------------------------------------
max fanout violation count 0

==========================================================================
global route max_cap_violation_count
--------------------------------------------------------------------------
max cap violation count 0

==========================================================================
global route setup_violation_count
--------------------------------------------------------------------------
setup violation count 1

==========================================================================
global route hold_violation_count
--------------------------------------------------------------------------
hold violation count 0

==========================================================================
global route critical path delay
--------------------------------------------------------------------------
346.0693

==========================================================================
global route critical path slack
--------------------------------------------------------------------------
-34.0693

==========================================================================
global route slack div critical path delay
--------------------------------------------------------------------------
-9.844647

==========================================================================
global route report_design_area
--------------------------------------------------------------------------
Design area 50 u^2 25% utilization.


==========================================================================
check_antennas
--------------------------------------------------------------------------
[WARNING ANT-0011] -report_violating_nets is deprecated.
[INFO GRT-0043] No OR_DEFAULT vias defined.
[INFO ANT-0002] Found 0 net violations.
[INFO ANT-0001] Found 0 pin violations.
[INFO FLW-0007] clock core_clock period 390.000000
[INFO FLW-0008] Clock core_clock period 402.866
[INFO FLW-0009] Clock core_clock slack -34.069
[INFO FLW-0011] Path endpoint count 53
Elapsed time: 0:01.94[h:]min:sec. CPU time: user 1.82 sys 0.12 (99%). Peak memory: 247496KB.
