OpenROAD v2.0-6566-g970f89da6 
This program is licensed under the BSD-3 license. See the LICENSE file for details.
Components of this program may be licensed under more restrictive licenses which must be honored.
[WARNING STA-0164] ./platforms/asap7/lib/asap7sc7p5t_SIMPLE_RVT_FF_nldm_211120.lib.gz line 13178, timing group from output port.
[WARNING STA-0164] ./platforms/asap7/lib/asap7sc7p5t_SIMPLE_RVT_FF_nldm_211120.lib.gz line 13211, timing group from output port.
[WARNING STA-0164] ./platforms/asap7/lib/asap7sc7p5t_SIMPLE_RVT_FF_nldm_211120.lib.gz line 13244, timing group from output port.
[WARNING STA-0164] ./platforms/asap7/lib/asap7sc7p5t_SIMPLE_RVT_FF_nldm_211120.lib.gz line 13277, timing group from output port.
[WARNING STA-0164] ./platforms/asap7/lib/asap7sc7p5t_SIMPLE_RVT_FF_nldm_211120.lib.gz line 13310, timing group from output port.
[WARNING STA-0164] ./platforms/asap7/lib/asap7sc7p5t_SIMPLE_RVT_FF_nldm_211120.lib.gz line 13343, timing group from output port.
[WARNING STA-0164] ./platforms/asap7/lib/asap7sc7p5t_SIMPLE_RVT_FF_nldm_211120.lib.gz line 13376, timing group from output port.
[WARNING STA-0164] ./platforms/asap7/lib/asap7sc7p5t_SIMPLE_RVT_FF_nldm_211120.lib.gz line 14772, timing group from output port.
[WARNING STA-0164] ./platforms/asap7/lib/asap7sc7p5t_SIMPLE_RVT_FF_nldm_211120.lib.gz line 14805, timing group from output port.
[WARNING STA-0164] ./platforms/asap7/lib/asap7sc7p5t_SIMPLE_RVT_FF_nldm_211120.lib.gz line 14838, timing group from output port.
[INFO ODB-0222] Reading LEF file: ./platforms/asap7/lef/asap7_tech_1x_201209.lef
[INFO ODB-0223]     Created 24 technology layers
[INFO ODB-0224]     Created 9 technology vias
[INFO ODB-0226] Finished LEF file:  ./platforms/asap7/lef/asap7_tech_1x_201209.lef
[INFO ODB-0222] Reading LEF file: ./platforms/asap7/lef/asap7sc7p5t_28_R_1x_220121a.lef
[INFO ODB-0225]     Created 212 library cells
[INFO ODB-0226] Finished LEF file:  ./platforms/asap7/lef/asap7sc7p5t_28_R_1x_220121a.lef
[INFO ODB-0222] Reading LEF file: ./platforms/asap7/lef/fakeram7_256x32.lef
[INFO ODB-0225]     Created 1 library cells
[INFO ODB-0226] Finished LEF file:  ./platforms/asap7/lef/fakeram7_256x32.lef

==========================================================================
Floorplan check_setup
--------------------------------------------------------------------------
number instances in verilog is 10127
[WARNING IFP-0028] Core area lower left (5.000, 5.000) snapped to (5.022, 5.130).
[INFO IFP-0001] Added 388 rows of 1944 sites.
[INFO RSZ-0026] Removed 967 buffers.
Default units for flow
 time 1ps
 capacitance 1fF
 resistance 1kohm
 voltage 1v
 current 1mA
 power 1pW
 distance 1um

==========================================================================
floorplan final check_setup
--------------------------------------------------------------------------

==========================================================================
floorplan final report_tns
--------------------------------------------------------------------------
tns -1257820.00

==========================================================================
floorplan final report_wns
--------------------------------------------------------------------------
wns -1275.86

==========================================================================
floorplan final report_worst_slack
--------------------------------------------------------------------------
worst slack -1275.86

==========================================================================
floorplan final report_checks -path_delay min
--------------------------------------------------------------------------
Startpoint: reset (input port clocked by clk)
Endpoint: riscv/dp/pcreg/_67_ (removal check against rising-edge clock clk)
Path Group: **async_default**
Path Type: min

Fanout     Cap    Slew   Delay    Time   Description
-----------------------------------------------------------------------------
                  0.00    0.00    0.00   clock clk (rise edge)
                          0.00    0.00   clock network delay (ideal)
                        207.50  207.50 v input external delay
                  0.00    0.00  207.50 v reset (in)
     1    1.46                           reset (net)
                  0.00    0.00  207.50 v riscv/dp/pcreg/_34_/A (INVx3_ASAP7_75t_R)
                 59.70   27.19  234.69 ^ riscv/dp/pcreg/_34_/Y (INVx3_ASAP7_75t_R)
    32   29.08                           riscv/dp/pcreg/_32_ (net)
                 59.70    0.00  234.69 ^ riscv/dp/pcreg/_67_/SETN (DFFASRHQNx1_ASAP7_75t_R)
                                234.69   data arrival time

                  0.00    0.00    0.00   clock clk (rise edge)
                          0.00    0.00   clock network delay (ideal)
                          0.00    0.00   clock reconvergence pessimism
                                  0.00 ^ riscv/dp/pcreg/_67_/CLK (DFFASRHQNx1_ASAP7_75t_R)
                         11.41   11.41   library removal time
                                 11.41   data required time
-----------------------------------------------------------------------------
                                 11.41   data required time
                               -234.69   data arrival time
-----------------------------------------------------------------------------
                                223.27   slack (MET)


Startpoint: riscv/dp/rf/_13372_
            (falling edge-triggered flip-flop clocked by clk')
Endpoint: riscv/dp/rf/_13372_ (falling edge-triggered flip-flop clocked by clk')
Path Group: clk
Path Type: min

Fanout     Cap    Slew   Delay    Time   Description
-----------------------------------------------------------------------------
                  0.00    0.00    0.00   clock clk' (fall edge)
                          0.00    0.00   clock network delay (ideal)
                  0.00    0.00    0.00 v riscv/dp/rf/_13372_/CLK (DFFLQNx1_ASAP7_75t_R)
                 11.46   32.94   32.94 v riscv/dp/rf/_13372_/QN (DFFLQNx1_ASAP7_75t_R)
     1    0.51                           riscv/dp/rf/_00671_ (net)
                 11.46    0.00   32.94 v riscv/dp/rf/_07125_/A (INVx1_ASAP7_75t_R)
                 10.65    8.56   41.50 ^ riscv/dp/rf/_07125_/Y (INVx1_ASAP7_75t_R)
     3    1.24                           riscv/dp/rf/_01377_ (net)
                 10.65    0.00   41.50 ^ riscv/dp/rf/_13372_/D (DFFLQNx1_ASAP7_75t_R)
                                 41.50   data arrival time

                  0.00    0.00    0.00   clock clk' (fall edge)
                          0.00    0.00   clock network delay (ideal)
                          0.00    0.00   clock reconvergence pessimism
                                  0.00 v riscv/dp/rf/_13372_/CLK (DFFLQNx1_ASAP7_75t_R)
                          5.29    5.29   library hold time
                                  5.29   data required time
-----------------------------------------------------------------------------
                                  5.29   data required time
                                -41.50   data arrival time
-----------------------------------------------------------------------------
                                 36.21   slack (MET)



==========================================================================
floorplan final report_checks -path_delay max
--------------------------------------------------------------------------
Startpoint: reset (input port clocked by clk)
Endpoint: riscv/dp/pcreg/_67_ (recovery check against rising-edge clock clk)
Path Group: **async_default**
Path Type: max

Fanout     Cap    Slew   Delay    Time   Description
-----------------------------------------------------------------------------
                  0.00    0.00    0.00   clock clk (rise edge)
                          0.00    0.00   clock network delay (ideal)
                        207.50  207.50 v input external delay
                  0.00    0.00  207.50 v reset (in)
     1    1.96                           reset (net)
                  0.00    0.00  207.50 v riscv/dp/pcreg/_34_/A (INVx3_ASAP7_75t_R)
                 75.99   34.30  241.80 ^ riscv/dp/pcreg/_34_/Y (INVx3_ASAP7_75t_R)
    32   37.19                           riscv/dp/pcreg/_32_ (net)
                 75.99    0.00  241.80 ^ riscv/dp/pcreg/_67_/SETN (DFFASRHQNx1_ASAP7_75t_R)
                                241.80   data arrival time

                  0.00 1660.00 1660.00   clock clk (rise edge)
                          0.00 1660.00   clock network delay (ideal)
                          0.00 1660.00   clock reconvergence pessimism
                               1660.00 ^ riscv/dp/pcreg/_67_/CLK (DFFASRHQNx1_ASAP7_75t_R)
                         -6.45 1653.55   library recovery time
                               1653.55   data required time
-----------------------------------------------------------------------------
                               1653.55   data required time
                               -241.80   data arrival time
-----------------------------------------------------------------------------
                               1411.75   slack (MET)


Startpoint: instr[0] (input port clocked by clk)
Endpoint: riscv/dp/rf/_13308_ (falling edge-triggered flip-flop clocked by clk')
Path Group: clk
Path Type: max

Fanout     Cap    Slew   Delay    Time   Description
-----------------------------------------------------------------------------
                  0.00    0.00    0.00   clock clk (rise edge)
                          0.00    0.00   clock network delay (ideal)
                        207.50  207.50 v input external delay
                  0.00    0.00  207.50 v instr[0] (in)
     1    0.61                           instr[0] (net)
                  0.00    0.00  207.50 v pcmux/_041_/A1 (AO21x1_ASAP7_75t_R)
                 17.51   18.34  225.84 v pcmux/_041_/Y (AO21x1_ASAP7_75t_R)
     4    2.73                           instr_out[0] (net)
                 17.51    0.00  225.84 v riscv/c/md/_38_/B (NAND2x1_ASAP7_75t_R)
                 18.10   14.46  240.31 ^ riscv/c/md/_38_/Y (NAND2x1_ASAP7_75t_R)
     2    1.69                           riscv/c/md/_10_ (net)
                 18.10    0.00  240.31 ^ riscv/c/md/_39_/B (NOR2x1_ASAP7_75t_R)
                 25.38   18.21  258.52 v riscv/c/md/_39_/Y (NOR2x1_ASAP7_75t_R)
     6    3.54                           riscv/c/md/_11_ (net)
                 25.38    0.00  258.52 v riscv/c/md/_40_/D (AND4x2_ASAP7_75t_R)
                 64.27   51.49  310.01 v riscv/c/md/_40_/Y (AND4x2_ASAP7_75t_R)
    44   22.77                           riscv/imm[2] (net)
                 64.27    0.00  310.01 v riscv/dp/rs1mux/_06_/A (INVx1_ASAP7_75t_R)
                 33.29   26.84  336.86 ^ riscv/dp/rs1mux/_06_/Y (INVx1_ASAP7_75t_R)
     5    3.11                           riscv/dp/rs1mux/_00_ (net)
                 33.29    0.00  336.86 ^ riscv/dp/rs1mux/_08_/A2 (AO21x2_ASAP7_75t_R)
               1448.76  658.35  995.21 ^ riscv/dp/rs1mux/_08_/Y (AO21x2_ASAP7_75t_R)
   678  482.84                           riscv/dp/rs1[0] (net)
               1448.76    0.00  995.21 ^ riscv/dp/rf/_07012_/A (INVx1_ASAP7_75t_R)
                800.77 1090.26 2085.47 v riscv/dp/rf/_07012_/Y (INVx1_ASAP7_75t_R)
   201  115.39                           riscv/dp/rf/_02071_ (net)
                800.77    0.00 2085.47 v riscv/dp/rf/_07306_/C (OA211x2_ASAP7_75t_R)
                 28.13  170.32 2255.79 v riscv/dp/rf/_07306_/Y (OA211x2_ASAP7_75t_R)
     1    0.60                           riscv/dp/rf/_02359_ (net)
                 28.13    0.00 2255.79 v riscv/dp/rf/_07307_/C (OR3x1_ASAP7_75t_R)
                 12.82   26.71 2282.50 v riscv/dp/rf/_07307_/Y (OR3x1_ASAP7_75t_R)
     1    0.50                           riscv/dp/rf/_02360_ (net)
                 12.82    0.00 2282.50 v riscv/dp/rf/_07329_/B (AND5x1_ASAP7_75t_R)
                  7.36   19.22 2301.72 v riscv/dp/rf/_07329_/Y (AND5x1_ASAP7_75t_R)
     1    0.63                           riscv/dp/rf/_02381_ (net)
                  7.36    0.00 2301.72 v riscv/dp/rf/_07330_/B (AO21x1_ASAP7_75t_R)
                 35.77   30.50 2332.22 v riscv/dp/rf/_07330_/Y (AO21x1_ASAP7_75t_R)
     8    6.66                           riscv/dp/srca2[3] (net)
                 35.77    0.00 2332.22 v riscv/dp/alu/_744_/A (INVx1_ASAP7_75t_R)
                 15.24   12.69 2344.92 ^ riscv/dp/alu/_744_/Y (INVx1_ASAP7_75t_R)
     1    1.06                           riscv/dp/alu/_368_ (net)
                 15.24    0.00 2344.92 ^ riscv/dp/alu/_807_/A (HAxp5_ASAP7_75t_R)
                 67.20   63.03 2407.95 ^ riscv/dp/alu/_807_/SN (HAxp5_ASAP7_75t_R)
     5    4.48                           riscv/dp/alu/_078_ (net)
                 67.20    0.00 2407.95 ^ riscv/dp/alu/_547_/A2 (AO211x2_ASAP7_75t_R)
                  8.02   28.42 2436.36 ^ riscv/dp/alu/_547_/Y (AO211x2_ASAP7_75t_R)
     1    0.61                           riscv/dp/alu/_152_ (net)
                  8.02    0.00 2436.36 ^ riscv/dp/alu/_550_/A1 (OA21x2_ASAP7_75t_R)
                 14.09   19.86 2456.23 ^ riscv/dp/alu/_550_/Y (OA21x2_ASAP7_75t_R)
     3    3.30                           riscv/dp/alu/_323_ (net)
                 14.09    0.00 2456.23 ^ riscv/dp/alu/_552_/B2 (AO221x1_ASAP7_75t_R)
                 15.93   21.90 2478.12 ^ riscv/dp/alu/_552_/Y (AO221x1_ASAP7_75t_R)
     3    1.74                           riscv/dp/alu/_156_ (net)
                 15.93    0.00 2478.12 ^ riscv/dp/alu/_554_/B1 (OA22x2_ASAP7_75t_R)
                 18.81   24.48 2502.61 ^ riscv/dp/alu/_554_/Y (OA22x2_ASAP7_75t_R)
     6    4.80                           riscv/dp/alu/_158_ (net)
                 18.81    0.00 2502.61 ^ riscv/dp/alu/_573_/A1 (OAI21x1_ASAP7_75t_R)
                 17.90   12.89 2515.50 v riscv/dp/alu/_573_/Y (OAI21x1_ASAP7_75t_R)
     2    2.96                           riscv/dp/alu/_177_ (net)
                 17.90    0.00 2515.50 v riscv/dp/alu/_726_/A (INVx3_ASAP7_75t_R)
                 10.56    8.86 2524.36 ^ riscv/dp/alu/_726_/Y (INVx3_ASAP7_75t_R)
     2    2.78                           riscv/dp/alu/_357_ (net)
                 10.56    0.00 2524.36 ^ riscv/dp/alu/_734_/A1 (OA21x2_ASAP7_75t_R)
                 10.85   18.71 2543.07 ^ riscv/dp/alu/_734_/Y (OA21x2_ASAP7_75t_R)
     1    2.17                           riscv/dp/alu/_360_ (net)
                 10.85    0.00 2543.07 ^ riscv/dp/alu/_800_/B (FAx1_ASAP7_75t_R)
                 25.02   16.82 2559.89 v riscv/dp/alu/_800_/CON (FAx1_ASAP7_75t_R)
     1    1.05                           riscv/dp/alu/_071_ (net)
                 25.02    0.00 2559.89 v riscv/dp/alu/_739_/B (XOR2x2_ASAP7_75t_R)
                 10.10   26.74 2586.64 v riscv/dp/alu/_739_/Y (XOR2x2_ASAP7_75t_R)
     1    1.23                           riscv/dp/alu/_303_ (net)
                 10.10    0.00 2586.64 v riscv/dp/alu/_740_/B2 (OAI22x1_ASAP7_75t_R)
                 35.81   10.09 2596.73 ^ riscv/dp/alu/_740_/Y (OAI22x1_ASAP7_75t_R)
     1    0.53                           riscv/dp/alu/_304_ (net)
                 35.81    0.00 2596.73 ^ riscv/dp/alu/_741_/C (AO221x1_ASAP7_75t_R)
                 10.77   20.76 2617.49 ^ riscv/dp/alu/_741_/Y (AO221x1_ASAP7_75t_R)
     1    0.63                           riscv/dp/aluout2[31] (net)
                 10.77    0.00 2617.49 ^ riscv/dp/srccmux/_109_/A2 (AO21x1_ASAP7_75t_R)
                 95.90   54.39 2671.88 ^ riscv/dp/srccmux/_109_/Y (AO21x1_ASAP7_75t_R)
     9   15.82                           dataadr[31] (net)
                 95.90    0.00 2671.88 ^ dmem/_133_/C (NOR3x2_ASAP7_75t_R)
                 43.69   41.35 2713.23 v dmem/_133_/Y (NOR3x2_ASAP7_75t_R)
     3    6.03                           dmem/ce_mem[0] (net)
                 43.69    0.00 2713.23 v dmem/_145_/B2 (AO22x1_ASAP7_75t_R)
                  9.29   26.71 2739.94 v dmem/_145_/Y (AO22x1_ASAP7_75t_R)
     1    0.64                           dmem/_006_ (net)
                  9.29    0.00 2739.94 v dmem/_146_/B (AO21x2_ASAP7_75t_R)
                  8.96   19.48 2759.42 v dmem/_146_/Y (AO21x2_ASAP7_75t_R)
     3    1.63                           readdata[0] (net)
                  8.96    0.00 2759.42 v riscv/dp/halfbytemux1/_113_/A (AND2x2_ASAP7_75t_R)
                  6.49   16.64 2776.06 v riscv/dp/halfbytemux1/_113_/Y (AND2x2_ASAP7_75t_R)
     1    0.63                           riscv/dp/halfbytemux1/_003_ (net)
                  6.49    0.00 2776.06 v riscv/dp/halfbytemux1/_114_/B (AO21x1_ASAP7_75t_R)
                  7.94   15.06 2791.12 v riscv/dp/halfbytemux1/_114_/Y (AO21x1_ASAP7_75t_R)
     1    0.63                           riscv/dp/halfbytemux1/_004_ (net)
                  7.94    0.00 2791.12 v riscv/dp/halfbytemux1/_116_/A2 (AO21x1_ASAP7_75t_R)
                  8.43   13.70 2804.81 v riscv/dp/halfbytemux1/_116_/Y (AO21x1_ASAP7_75t_R)
     1    0.51                           riscv/dp/readdata4[0] (net)
                  8.43    0.00 2804.81 v riscv/dp/resmux/_040_/A (AND2x2_ASAP7_75t_R)
                  9.17   16.47 2821.28 v riscv/dp/resmux/_040_/Y (AND2x2_ASAP7_75t_R)
     1    0.63                           riscv/dp/resmux/_038_ (net)
                  9.17    0.00 2821.28 v riscv/dp/resmux/_041_/B (AO21x1_ASAP7_75t_R)
                  8.26   15.59 2836.87 v riscv/dp/resmux/_041_/Y (AO21x1_ASAP7_75t_R)
     1    0.61                           riscv/dp/result[0] (net)
                  8.26    0.00 2836.87 v riscv/dp/storepcmux/_041_/A1 (AO21x1_ASAP7_75t_R)
                 94.71   58.73 2895.60 v riscv/dp/storepcmux/_041_/Y (AO21x1_ASAP7_75t_R)
    31   18.96                           riscv/dp/result2[0] (net)
                 94.71    0.00 2895.60 v riscv/dp/rf/_11375_/A1 (AO21x1_ASAP7_75t_R)
                 12.25   30.15 2925.75 v riscv/dp/rf/_11375_/Y (AO21x1_ASAP7_75t_R)
     1    0.62                           riscv/dp/rf/_01313_ (net)
                 12.25    0.00 2925.75 v riscv/dp/rf/_13308_/D (DFFLQNx1_ASAP7_75t_R)
                               2925.75   data arrival time

                  0.00 1660.00 1660.00   clock clk' (fall edge)
                          0.00 1660.00   clock network delay (ideal)
                          0.00 1660.00   clock reconvergence pessimism
                               1660.00 v riscv/dp/rf/_13308_/CLK (DFFLQNx1_ASAP7_75t_R)
                        -10.11 1649.89   library setup time
                               1649.89   data required time
-----------------------------------------------------------------------------
                               1649.89   data required time
                               -2925.75   data arrival time
-----------------------------------------------------------------------------
                               -1275.86   slack (VIOLATED)



==========================================================================
floorplan final report_checks -unconstrained
--------------------------------------------------------------------------
Startpoint: reset (input port clocked by clk)
Endpoint: riscv/dp/pcreg/_67_ (recovery check against rising-edge clock clk)
Path Group: **async_default**
Path Type: max

Fanout     Cap    Slew   Delay    Time   Description
-----------------------------------------------------------------------------
                  0.00    0.00    0.00   clock clk (rise edge)
                          0.00    0.00   clock network delay (ideal)
                        207.50  207.50 v input external delay
                  0.00    0.00  207.50 v reset (in)
     1    1.96                           reset (net)
                  0.00    0.00  207.50 v riscv/dp/pcreg/_34_/A (INVx3_ASAP7_75t_R)
                 75.99   34.30  241.80 ^ riscv/dp/pcreg/_34_/Y (INVx3_ASAP7_75t_R)
    32   37.19                           riscv/dp/pcreg/_32_ (net)
                 75.99    0.00  241.80 ^ riscv/dp/pcreg/_67_/SETN (DFFASRHQNx1_ASAP7_75t_R)
                                241.80   data arrival time

                  0.00 1660.00 1660.00   clock clk (rise edge)
                          0.00 1660.00   clock network delay (ideal)
                          0.00 1660.00   clock reconvergence pessimism
                               1660.00 ^ riscv/dp/pcreg/_67_/CLK (DFFASRHQNx1_ASAP7_75t_R)
                         -6.45 1653.55   library recovery time
                               1653.55   data required time
-----------------------------------------------------------------------------
                               1653.55   data required time
                               -241.80   data arrival time
-----------------------------------------------------------------------------
                               1411.75   slack (MET)


Startpoint: instr[0] (input port clocked by clk)
Endpoint: riscv/dp/rf/_13308_ (falling edge-triggered flip-flop clocked by clk')
Path Group: clk
Path Type: max

Fanout     Cap    Slew   Delay    Time   Description
-----------------------------------------------------------------------------
                  0.00    0.00    0.00   clock clk (rise edge)
                          0.00    0.00   clock network delay (ideal)
                        207.50  207.50 v input external delay
                  0.00    0.00  207.50 v instr[0] (in)
     1    0.61                           instr[0] (net)
                  0.00    0.00  207.50 v pcmux/_041_/A1 (AO21x1_ASAP7_75t_R)
                 17.51   18.34  225.84 v pcmux/_041_/Y (AO21x1_ASAP7_75t_R)
     4    2.73                           instr_out[0] (net)
                 17.51    0.00  225.84 v riscv/c/md/_38_/B (NAND2x1_ASAP7_75t_R)
                 18.10   14.46  240.31 ^ riscv/c/md/_38_/Y (NAND2x1_ASAP7_75t_R)
     2    1.69                           riscv/c/md/_10_ (net)
                 18.10    0.00  240.31 ^ riscv/c/md/_39_/B (NOR2x1_ASAP7_75t_R)
                 25.38   18.21  258.52 v riscv/c/md/_39_/Y (NOR2x1_ASAP7_75t_R)
     6    3.54                           riscv/c/md/_11_ (net)
                 25.38    0.00  258.52 v riscv/c/md/_40_/D (AND4x2_ASAP7_75t_R)
                 64.27   51.49  310.01 v riscv/c/md/_40_/Y (AND4x2_ASAP7_75t_R)
    44   22.77                           riscv/imm[2] (net)
                 64.27    0.00  310.01 v riscv/dp/rs1mux/_06_/A (INVx1_ASAP7_75t_R)
                 33.29   26.84  336.86 ^ riscv/dp/rs1mux/_06_/Y (INVx1_ASAP7_75t_R)
     5    3.11                           riscv/dp/rs1mux/_00_ (net)
                 33.29    0.00  336.86 ^ riscv/dp/rs1mux/_08_/A2 (AO21x2_ASAP7_75t_R)
               1448.76  658.35  995.21 ^ riscv/dp/rs1mux/_08_/Y (AO21x2_ASAP7_75t_R)
   678  482.84                           riscv/dp/rs1[0] (net)
               1448.76    0.00  995.21 ^ riscv/dp/rf/_07012_/A (INVx1_ASAP7_75t_R)
                800.77 1090.26 2085.47 v riscv/dp/rf/_07012_/Y (INVx1_ASAP7_75t_R)
   201  115.39                           riscv/dp/rf/_02071_ (net)
                800.77    0.00 2085.47 v riscv/dp/rf/_07306_/C (OA211x2_ASAP7_75t_R)
                 28.13  170.32 2255.79 v riscv/dp/rf/_07306_/Y (OA211x2_ASAP7_75t_R)
     1    0.60                           riscv/dp/rf/_02359_ (net)
                 28.13    0.00 2255.79 v riscv/dp/rf/_07307_/C (OR3x1_ASAP7_75t_R)
                 12.82   26.71 2282.50 v riscv/dp/rf/_07307_/Y (OR3x1_ASAP7_75t_R)
     1    0.50                           riscv/dp/rf/_02360_ (net)
                 12.82    0.00 2282.50 v riscv/dp/rf/_07329_/B (AND5x1_ASAP7_75t_R)
                  7.36   19.22 2301.72 v riscv/dp/rf/_07329_/Y (AND5x1_ASAP7_75t_R)
     1    0.63                           riscv/dp/rf/_02381_ (net)
                  7.36    0.00 2301.72 v riscv/dp/rf/_07330_/B (AO21x1_ASAP7_75t_R)
                 35.77   30.50 2332.22 v riscv/dp/rf/_07330_/Y (AO21x1_ASAP7_75t_R)
     8    6.66                           riscv/dp/srca2[3] (net)
                 35.77    0.00 2332.22 v riscv/dp/alu/_744_/A (INVx1_ASAP7_75t_R)
                 15.24   12.69 2344.92 ^ riscv/dp/alu/_744_/Y (INVx1_ASAP7_75t_R)
     1    1.06                           riscv/dp/alu/_368_ (net)
                 15.24    0.00 2344.92 ^ riscv/dp/alu/_807_/A (HAxp5_ASAP7_75t_R)
                 67.20   63.03 2407.95 ^ riscv/dp/alu/_807_/SN (HAxp5_ASAP7_75t_R)
     5    4.48                           riscv/dp/alu/_078_ (net)
                 67.20    0.00 2407.95 ^ riscv/dp/alu/_547_/A2 (AO211x2_ASAP7_75t_R)
                  8.02   28.42 2436.36 ^ riscv/dp/alu/_547_/Y (AO211x2_ASAP7_75t_R)
     1    0.61                           riscv/dp/alu/_152_ (net)
                  8.02    0.00 2436.36 ^ riscv/dp/alu/_550_/A1 (OA21x2_ASAP7_75t_R)
                 14.09   19.86 2456.23 ^ riscv/dp/alu/_550_/Y (OA21x2_ASAP7_75t_R)
     3    3.30                           riscv/dp/alu/_323_ (net)
                 14.09    0.00 2456.23 ^ riscv/dp/alu/_552_/B2 (AO221x1_ASAP7_75t_R)
                 15.93   21.90 2478.12 ^ riscv/dp/alu/_552_/Y (AO221x1_ASAP7_75t_R)
     3    1.74                           riscv/dp/alu/_156_ (net)
                 15.93    0.00 2478.12 ^ riscv/dp/alu/_554_/B1 (OA22x2_ASAP7_75t_R)
                 18.81   24.48 2502.61 ^ riscv/dp/alu/_554_/Y (OA22x2_ASAP7_75t_R)
     6    4.80                           riscv/dp/alu/_158_ (net)
                 18.81    0.00 2502.61 ^ riscv/dp/alu/_573_/A1 (OAI21x1_ASAP7_75t_R)
                 17.90   12.89 2515.50 v riscv/dp/alu/_573_/Y (OAI21x1_ASAP7_75t_R)
     2    2.96                           riscv/dp/alu/_177_ (net)
                 17.90    0.00 2515.50 v riscv/dp/alu/_726_/A (INVx3_ASAP7_75t_R)
                 10.56    8.86 2524.36 ^ riscv/dp/alu/_726_/Y (INVx3_ASAP7_75t_R)
     2    2.78                           riscv/dp/alu/_357_ (net)
                 10.56    0.00 2524.36 ^ riscv/dp/alu/_734_/A1 (OA21x2_ASAP7_75t_R)
                 10.85   18.71 2543.07 ^ riscv/dp/alu/_734_/Y (OA21x2_ASAP7_75t_R)
     1    2.17                           riscv/dp/alu/_360_ (net)
                 10.85    0.00 2543.07 ^ riscv/dp/alu/_800_/B (FAx1_ASAP7_75t_R)
                 25.02   16.82 2559.89 v riscv/dp/alu/_800_/CON (FAx1_ASAP7_75t_R)
     1    1.05                           riscv/dp/alu/_071_ (net)
                 25.02    0.00 2559.89 v riscv/dp/alu/_739_/B (XOR2x2_ASAP7_75t_R)
                 10.10   26.74 2586.64 v riscv/dp/alu/_739_/Y (XOR2x2_ASAP7_75t_R)
     1    1.23                           riscv/dp/alu/_303_ (net)
                 10.10    0.00 2586.64 v riscv/dp/alu/_740_/B2 (OAI22x1_ASAP7_75t_R)
                 35.81   10.09 2596.73 ^ riscv/dp/alu/_740_/Y (OAI22x1_ASAP7_75t_R)
     1    0.53                           riscv/dp/alu/_304_ (net)
                 35.81    0.00 2596.73 ^ riscv/dp/alu/_741_/C (AO221x1_ASAP7_75t_R)
                 10.77   20.76 2617.49 ^ riscv/dp/alu/_741_/Y (AO221x1_ASAP7_75t_R)
     1    0.63                           riscv/dp/aluout2[31] (net)
                 10.77    0.00 2617.49 ^ riscv/dp/srccmux/_109_/A2 (AO21x1_ASAP7_75t_R)
                 95.90   54.39 2671.88 ^ riscv/dp/srccmux/_109_/Y (AO21x1_ASAP7_75t_R)
     9   15.82                           dataadr[31] (net)
                 95.90    0.00 2671.88 ^ dmem/_133_/C (NOR3x2_ASAP7_75t_R)
                 43.69   41.35 2713.23 v dmem/_133_/Y (NOR3x2_ASAP7_75t_R)
     3    6.03                           dmem/ce_mem[0] (net)
                 43.69    0.00 2713.23 v dmem/_145_/B2 (AO22x1_ASAP7_75t_R)
                  9.29   26.71 2739.94 v dmem/_145_/Y (AO22x1_ASAP7_75t_R)
     1    0.64                           dmem/_006_ (net)
                  9.29    0.00 2739.94 v dmem/_146_/B (AO21x2_ASAP7_75t_R)
                  8.96   19.48 2759.42 v dmem/_146_/Y (AO21x2_ASAP7_75t_R)
     3    1.63                           readdata[0] (net)
                  8.96    0.00 2759.42 v riscv/dp/halfbytemux1/_113_/A (AND2x2_ASAP7_75t_R)
                  6.49   16.64 2776.06 v riscv/dp/halfbytemux1/_113_/Y (AND2x2_ASAP7_75t_R)
     1    0.63                           riscv/dp/halfbytemux1/_003_ (net)
                  6.49    0.00 2776.06 v riscv/dp/halfbytemux1/_114_/B (AO21x1_ASAP7_75t_R)
                  7.94   15.06 2791.12 v riscv/dp/halfbytemux1/_114_/Y (AO21x1_ASAP7_75t_R)
     1    0.63                           riscv/dp/halfbytemux1/_004_ (net)
                  7.94    0.00 2791.12 v riscv/dp/halfbytemux1/_116_/A2 (AO21x1_ASAP7_75t_R)
                  8.43   13.70 2804.81 v riscv/dp/halfbytemux1/_116_/Y (AO21x1_ASAP7_75t_R)
     1    0.51                           riscv/dp/readdata4[0] (net)
                  8.43    0.00 2804.81 v riscv/dp/resmux/_040_/A (AND2x2_ASAP7_75t_R)
                  9.17   16.47 2821.28 v riscv/dp/resmux/_040_/Y (AND2x2_ASAP7_75t_R)
     1    0.63                           riscv/dp/resmux/_038_ (net)
                  9.17    0.00 2821.28 v riscv/dp/resmux/_041_/B (AO21x1_ASAP7_75t_R)
                  8.26   15.59 2836.87 v riscv/dp/resmux/_041_/Y (AO21x1_ASAP7_75t_R)
     1    0.61                           riscv/dp/result[0] (net)
                  8.26    0.00 2836.87 v riscv/dp/storepcmux/_041_/A1 (AO21x1_ASAP7_75t_R)
                 94.71   58.73 2895.60 v riscv/dp/storepcmux/_041_/Y (AO21x1_ASAP7_75t_R)
    31   18.96                           riscv/dp/result2[0] (net)
                 94.71    0.00 2895.60 v riscv/dp/rf/_11375_/A1 (AO21x1_ASAP7_75t_R)
                 12.25   30.15 2925.75 v riscv/dp/rf/_11375_/Y (AO21x1_ASAP7_75t_R)
     1    0.62                           riscv/dp/rf/_01313_ (net)
                 12.25    0.00 2925.75 v riscv/dp/rf/_13308_/D (DFFLQNx1_ASAP7_75t_R)
                               2925.75   data arrival time

                  0.00 1660.00 1660.00   clock clk' (fall edge)
                          0.00 1660.00   clock network delay (ideal)
                          0.00 1660.00   clock reconvergence pessimism
                               1660.00 v riscv/dp/rf/_13308_/CLK (DFFLQNx1_ASAP7_75t_R)
                        -10.11 1649.89   library setup time
                               1649.89   data required time
-----------------------------------------------------------------------------
                               1649.89   data required time
                               -2925.75   data arrival time
-----------------------------------------------------------------------------
                               -1275.86   slack (VIOLATED)



==========================================================================
floorplan final report_design_area
--------------------------------------------------------------------------
Design area 2193 u^2 20% utilization.

Elapsed time: 0:02.89[h:]min:sec. CPU time: user 2.80 sys 0.08 (99%). Peak memory: 215948KB.
