OpenROAD v2.0-6566-g970f89da6 
This program is licensed under the BSD-3 license. See the LICENSE file for details.
Components of this program may be licensed under more restrictive licenses which must be honored.
[WARNING STA-0164] ./platforms/asap7/lib/asap7sc7p5t_SIMPLE_RVT_FF_nldm_211120.lib.gz line 13178, timing group from output port.
[WARNING STA-0164] ./platforms/asap7/lib/asap7sc7p5t_SIMPLE_RVT_FF_nldm_211120.lib.gz line 13211, timing group from output port.
[WARNING STA-0164] ./platforms/asap7/lib/asap7sc7p5t_SIMPLE_RVT_FF_nldm_211120.lib.gz line 13244, timing group from output port.
[WARNING STA-0164] ./platforms/asap7/lib/asap7sc7p5t_SIMPLE_RVT_FF_nldm_211120.lib.gz line 13277, timing group from output port.
[WARNING STA-0164] ./platforms/asap7/lib/asap7sc7p5t_SIMPLE_RVT_FF_nldm_211120.lib.gz line 13310, timing group from output port.
[WARNING STA-0164] ./platforms/asap7/lib/asap7sc7p5t_SIMPLE_RVT_FF_nldm_211120.lib.gz line 13343, timing group from output port.
[WARNING STA-0164] ./platforms/asap7/lib/asap7sc7p5t_SIMPLE_RVT_FF_nldm_211120.lib.gz line 13376, timing group from output port.
[WARNING STA-0164] ./platforms/asap7/lib/asap7sc7p5t_SIMPLE_RVT_FF_nldm_211120.lib.gz line 14772, timing group from output port.
[WARNING STA-0164] ./platforms/asap7/lib/asap7sc7p5t_SIMPLE_RVT_FF_nldm_211120.lib.gz line 14805, timing group from output port.
[WARNING STA-0164] ./platforms/asap7/lib/asap7sc7p5t_SIMPLE_RVT_FF_nldm_211120.lib.gz line 14838, timing group from output port.
[INFO GPL-0002] DBU: 1000
[INFO GPL-0003] SiteSize: 54 270
[INFO GPL-0004] CoreAreaLxLy: 5022 5130
[INFO GPL-0005] CoreAreaUxUy: 109998 109890
[INFO GPL-0006] NumInstances: 15841
[INFO GPL-0007] NumPlaceInstances: 9156
[INFO GPL-0008] NumFixedInstances: 3154
[INFO GPL-0009] NumDummyInstances: 3531
[INFO GPL-0010] NumNets: 9490
[INFO GPL-0011] NumPins: 33146
[INFO GPL-0012] DieAreaLxLy: 0 0
[INFO GPL-0013] DieAreaUxUy: 120000 120000
[INFO GPL-0014] CoreAreaLxLy: 5022 5130
[INFO GPL-0015] CoreAreaUxUy: 109998 109890
[INFO GPL-0016] CoreArea: 10997285760
[INFO GPL-0017] NonPlaceInstsArea: 8443254300
[INFO GPL-0018] PlaceInstsArea: 1603245960
[INFO GPL-0019] Util(%): 62.77
[INFO GPL-0020] StdInstsArea: 1603245960
[INFO GPL-0021] MacroInstsArea: 0
[InitialPlace]  Iter: 1 CG residual: 0.00007966 HPWL: 34046484
[InitialPlace]  Iter: 2 CG residual: 0.00004535 HPWL: 31754089
[InitialPlace]  Iter: 3 CG residual: 0.00000564 HPWL: 30339897
[InitialPlace]  Iter: 4 CG residual: 0.00000408 HPWL: 29612756
[InitialPlace]  Iter: 5 CG residual: 0.00000020 HPWL: 29339608
[INFO GPL-0031] FillerInit: NumGCells: 11003
[INFO GPL-0032] FillerInit: NumGNets: 9490
[INFO GPL-0033] FillerInit: NumGPins: 33146
[INFO GPL-0023] TargetDensity: 0.75
[INFO GPL-0024] AveragePlaceInstArea: 175103
[INFO GPL-0025] IdealBinArea: 233471
[INFO GPL-0026] IdealBinCnt: 47103
[INFO GPL-0027] TotalBinArea: 10997285760
[INFO GPL-0028] BinCnt: 128 128
[INFO GPL-0029] BinSize: 821 819
[INFO GPL-0030] NumBins: 16384
[NesterovSolve] Iter: 1 overflow: 0.987646 HPWL: 14192170
[NesterovSolve] Iter: 10 overflow: 0.959675 HPWL: 16407502
[NesterovSolve] Iter: 20 overflow: 0.950514 HPWL: 17089127
[NesterovSolve] Iter: 30 overflow: 0.955367 HPWL: 17454344
[NesterovSolve] Iter: 40 overflow: 0.952825 HPWL: 17985215
[NesterovSolve] Iter: 50 overflow: 0.955295 HPWL: 18237592
[NesterovSolve] Iter: 60 overflow: 0.958978 HPWL: 18350553
[NesterovSolve] Iter: 70 overflow: 0.963366 HPWL: 18388376
[NesterovSolve] Iter: 80 overflow: 0.965593 HPWL: 18267811
[NesterovSolve] Iter: 90 overflow: 0.967624 HPWL: 18111862
[NesterovSolve] Iter: 100 overflow: 0.969101 HPWL: 17983922
[NesterovSolve] Iter: 110 overflow: 0.971203 HPWL: 17904111
[NesterovSolve] Iter: 120 overflow: 0.97234 HPWL: 17872555
[NesterovSolve] Iter: 130 overflow: 0.972401 HPWL: 17879678
[NesterovSolve] Iter: 140 overflow: 0.973038 HPWL: 17964470
[NesterovSolve] Iter: 150 overflow: 0.973296 HPWL: 18123804
[NesterovSolve] Iter: 160 overflow: 0.97368 HPWL: 18341980
[NesterovSolve] Iter: 170 overflow: 0.973513 HPWL: 18659594
[NesterovSolve] Iter: 180 overflow: 0.972781 HPWL: 19067129
[NesterovSolve] Iter: 190 overflow: 0.971111 HPWL: 19599724
[NesterovSolve] Iter: 200 overflow: 0.966536 HPWL: 20300100
[NesterovSolve] Iter: 210 overflow: 0.952043 HPWL: 21112709
[NesterovSolve] Iter: 220 overflow: 0.92477 HPWL: 21870808
[NesterovSolve] Iter: 230 overflow: 0.884616 HPWL: 22490225
[NesterovSolve] Iter: 240 overflow: 0.832769 HPWL: 23008421
[NesterovSolve] Iter: 250 overflow: 0.787776 HPWL: 23557374
[INFO GPL-0100] worst slack 1.75e-10
[INFO GPL-0103] Weighted 1249 nets.
[NesterovSolve] Iter: 260 overflow: 0.744693 HPWL: 25092715
[NesterovSolve] Iter: 270 overflow: 0.720875 HPWL: 26976837
[NesterovSolve] Iter: 280 overflow: 0.695569 HPWL: 29349178
[NesterovSolve] Iter: 290 overflow: 0.644147 HPWL: 31856044
[INFO GPL-0100] worst slack 1.39e-10
[INFO GPL-0103] Weighted 1249 nets.
[NesterovSolve] Iter: 300 overflow: 0.605131 HPWL: 33354203
[NesterovSolve] Snapshot saved at iter = 303
[NesterovSolve] Iter: 310 overflow: 0.575755 HPWL: 35181199
[NesterovSolve] Iter: 320 overflow: 0.502071 HPWL: 36253701
[INFO GPL-0100] worst slack 9.7e-11
[INFO GPL-0103] Weighted 1252 nets.
[NesterovSolve] Iter: 330 overflow: 0.462135 HPWL: 36418334
[NesterovSolve] Iter: 340 overflow: 0.394356 HPWL: 36656685
[NesterovSolve] Iter: 350 overflow: 0.336161 HPWL: 37735701
[NesterovSolve] Iter: 360 overflow: 0.299422 HPWL: 36766309
[NesterovSolve] Iter: 370 overflow: 0.270323 HPWL: 36237424
[INFO GPL-0100] worst slack 7.04e-11
[INFO GPL-0103] Weighted 1248 nets.
[NesterovSolve] Iter: 380 overflow: 0.229232 HPWL: 35912161
[NesterovSolve] Iter: 390 overflow: 0.206626 HPWL: 35399923
[INFO GPL-0075] Routability numCall: 1 inflationIterCnt: 1 bloatIterCnt: 0
[INFO GPL-0036] TileLxLy: 0 0
[INFO GPL-0037] TileSize: 540 540
[INFO GPL-0038] TileCnt: 222 222
[INFO GPL-0039] numRoutingLayers: 10
[INFO GPL-0040] NumTiles: 49284
[INFO GPL-0063] TotalRouteOverflowH2: 0.09090912342071533
[INFO GPL-0064] TotalRouteOverflowV2: 0.0
[INFO GPL-0065] OverflowTileCnt2: 1
[INFO GPL-0066] 0.5%RC: 1.0001379501114123
[INFO GPL-0067] 1.0%RC: 1.0000689750557061
[INFO GPL-0068] 2.0%RC: 0.9898729837854281
[INFO GPL-0069] 5.0%RC: 0.9291113252594895
[INFO GPL-0070] 0.5rcK: 1.0
[INFO GPL-0071] 1.0rcK: 1.0
[INFO GPL-0072] 2.0rcK: 0.0
[INFO GPL-0073] 5.0rcK: 0.0
[INFO GPL-0074] FinalRC: 1.0001035
[INFO GPL-0100] worst slack 7.58e-11
[INFO GPL-0103] Weighted 1249 nets.
[NesterovSolve] Iter: 400 overflow: 0.179593 HPWL: 35207208
[NesterovSolve] Iter: 410 overflow: 0.155968 HPWL: 34991985
[NesterovSolve] Iter: 420 overflow: 0.13444 HPWL: 34734897
[INFO GPL-0100] worst slack 1e-10
[INFO GPL-0103] Weighted 1248 nets.
[NesterovSolve] Iter: 430 overflow: 0.116614 HPWL: 34537890
[NesterovSolve] Iter: 440 overflow: 0.0987512 HPWL: 34534377
[NesterovSolve] Finished with Overflow: 0.098751

==========================================================================
global place check_setup
--------------------------------------------------------------------------

==========================================================================
global place report_tns
--------------------------------------------------------------------------
tns -2829862.00

==========================================================================
global place report_wns
--------------------------------------------------------------------------
wns -2825.30

==========================================================================
global place report_worst_slack
--------------------------------------------------------------------------
worst slack -2825.30

==========================================================================
global place report_checks -path_delay min
--------------------------------------------------------------------------
Startpoint: reset (input port clocked by clk)
Endpoint: riscv/dp/pcreg/_67_ (removal check against rising-edge clock clk)
Path Group: **async_default**
Path Type: min

Fanout     Cap    Slew   Delay    Time   Description
-----------------------------------------------------------------------------
                  0.00    0.00    0.00   clock clk (rise edge)
                          0.00    0.00   clock network delay (ideal)
                        207.50  207.50 v input external delay
                  0.00    0.00  207.50 v reset (in)
     1    2.88                           reset (net)
                  0.92    0.29  207.79 v riscv/dp/pcreg/_34_/A (INVx3_ASAP7_75t_R)
                 94.35   36.41  244.20 ^ riscv/dp/pcreg/_34_/Y (INVx3_ASAP7_75t_R)
    32   42.73                           riscv/dp/pcreg/_32_ (net)
                 94.38    1.00  245.21 ^ riscv/dp/pcreg/_67_/SETN (DFFASRHQNx1_ASAP7_75t_R)
                                245.21   data arrival time

                  0.00    0.00    0.00   clock clk (rise edge)
                          0.00    0.00   clock network delay (ideal)
                          0.00    0.00   clock reconvergence pessimism
                                  0.00 ^ riscv/dp/pcreg/_67_/CLK (DFFASRHQNx1_ASAP7_75t_R)
                         11.61   11.61   library removal time
                                 11.61   data required time
-----------------------------------------------------------------------------
                                 11.61   data required time
                               -245.21   data arrival time
-----------------------------------------------------------------------------
                                233.59   slack (MET)


Startpoint: riscv/dp/rf/_13398_
            (falling edge-triggered flip-flop clocked by clk')
Endpoint: riscv/dp/rf/_13398_ (falling edge-triggered flip-flop clocked by clk')
Path Group: clk
Path Type: min

Fanout     Cap    Slew   Delay    Time   Description
-----------------------------------------------------------------------------
                  0.00    0.00    0.00   clock clk' (fall edge)
                          0.00    0.00   clock network delay (ideal)
                  0.00    0.00    0.00 v riscv/dp/rf/_13398_/CLK (DFFLQNx1_ASAP7_75t_R)
                 12.45   33.97   33.97 v riscv/dp/rf/_13398_/QN (DFFLQNx1_ASAP7_75t_R)
     1    0.72                           riscv/dp/rf/_00645_ (net)
                 12.45    0.00   33.97 v riscv/dp/rf/_08698_/A (INVx1_ASAP7_75t_R)
                 14.18   10.55   44.52 ^ riscv/dp/rf/_08698_/Y (INVx1_ASAP7_75t_R)
     3    1.84                           riscv/dp/rf/_01403_ (net)
                 14.18    0.02   44.54 ^ riscv/dp/rf/_13398_/D (DFFLQNx1_ASAP7_75t_R)
                                 44.54   data arrival time

                  0.00    0.00    0.00   clock clk' (fall edge)
                          0.00    0.00   clock network delay (ideal)
                          0.00    0.00   clock reconvergence pessimism
                                  0.00 v riscv/dp/rf/_13398_/CLK (DFFLQNx1_ASAP7_75t_R)
                          5.00    5.00   library hold time
                                  5.00   data required time
-----------------------------------------------------------------------------
                                  5.00   data required time
                                -44.54   data arrival time
-----------------------------------------------------------------------------
                                 39.54   slack (MET)



==========================================================================
global place report_checks -path_delay max
--------------------------------------------------------------------------
Startpoint: reset (input port clocked by clk)
Endpoint: riscv/dp/pcreg/_83_ (recovery check against rising-edge clock clk)
Path Group: **async_default**
Path Type: max

Fanout     Cap    Slew   Delay    Time   Description
-----------------------------------------------------------------------------
                  0.00    0.00    0.00   clock clk (rise edge)
                          0.00    0.00   clock network delay (ideal)
                        207.50  207.50 v input external delay
                  0.00    0.00  207.50 v reset (in)
     1    2.88                           reset (net)
                  0.92    0.29  207.79 v riscv/dp/pcreg/_34_/A (INVx3_ASAP7_75t_R)
                 94.35   36.41  244.20 ^ riscv/dp/pcreg/_34_/Y (INVx3_ASAP7_75t_R)
    32   42.73                           riscv/dp/pcreg/_32_ (net)
                 96.64    8.08  252.29 ^ riscv/dp/pcreg/_83_/SETN (DFFASRHQNx1_ASAP7_75t_R)
                                252.29   data arrival time

                  0.00 1660.00 1660.00   clock clk (rise edge)
                          0.00 1660.00   clock network delay (ideal)
                          0.00 1660.00   clock reconvergence pessimism
                               1660.00 ^ riscv/dp/pcreg/_83_/CLK (DFFASRHQNx1_ASAP7_75t_R)
                         -8.97 1651.03   library recovery time
                               1651.03   data required time
-----------------------------------------------------------------------------
                               1651.03   data required time
                               -252.29   data arrival time
-----------------------------------------------------------------------------
                               1398.74   slack (MET)


Startpoint: instr[0] (input port clocked by clk)
Endpoint: riscv/dp/rf/_13244_ (falling edge-triggered flip-flop clocked by clk')
Path Group: clk
Path Type: max

Fanout     Cap    Slew   Delay    Time   Description
-----------------------------------------------------------------------------
                  0.00    0.00    0.00   clock clk (rise edge)
                          0.00    0.00   clock network delay (ideal)
                        207.50  207.50 v input external delay
                  0.00    0.00  207.50 v instr[0] (in)
     1    1.42                           instr[0] (net)
                  0.34    0.11  207.61 v pcmux/_041_/A1 (AO21x1_ASAP7_75t_R)
                 20.87   19.65  227.26 v pcmux/_041_/Y (AO21x1_ASAP7_75t_R)
     4    3.28                           instr_out[0] (net)
                 20.88    0.26  227.51 v riscv/c/md/_38_/B (NAND2x1_ASAP7_75t_R)
                 18.27   15.70  243.22 ^ riscv/c/md/_38_/Y (NAND2x1_ASAP7_75t_R)
     2    1.73                           riscv/c/md/_10_ (net)
                 18.27    0.01  243.23 ^ riscv/c/md/_39_/B (NOR2x1_ASAP7_75t_R)
                 27.26   18.79  262.02 v riscv/c/md/_39_/Y (NOR2x1_ASAP7_75t_R)
     6    3.76                           riscv/c/md/_11_ (net)
                 27.26    0.02  262.05 v riscv/c/md/_40_/D (AND4x2_ASAP7_75t_R)
                 84.58   55.63  317.67 v riscv/c/md/_40_/Y (AND4x2_ASAP7_75t_R)
    44   27.46                           riscv/imm[2] (net)
                 84.61    1.03  318.70 v riscv/dp/rs1mux/_06_/A (INVx1_ASAP7_75t_R)
                 38.46   30.85  349.56 ^ riscv/dp/rs1mux/_06_/Y (INVx1_ASAP7_75t_R)
     5    3.20                           riscv/dp/rs1mux/_00_ (net)
                 38.46    0.00  349.56 ^ riscv/dp/rs1mux/_08_/A2 (AO21x2_ASAP7_75t_R)
               1983.34  637.68  987.24 ^ riscv/dp/rs1mux/_08_/Y (AO21x2_ASAP7_75t_R)
   678  588.84                           riscv/dp/rs1[0] (net)
               2024.72  162.64 1149.88 ^ riscv/dp/rf/_07012_/A (INVx1_ASAP7_75t_R)
               1118.42 2022.02 3171.89 v riscv/dp/rf/_07012_/Y (INVx1_ASAP7_75t_R)
   201  172.68                           riscv/dp/rf/_02071_ (net)
               1118.42  151.06 3322.95 v riscv/dp/rf/_08460_/C (OA211x2_ASAP7_75t_R)
                 35.27  221.80 3544.75 v riscv/dp/rf/_08460_/Y (OA211x2_ASAP7_75t_R)
     1    0.62                           riscv/dp/rf/_03480_ (net)
                 35.27    0.00 3544.75 v riscv/dp/rf/_08461_/C (OR3x1_ASAP7_75t_R)
                 17.56   28.13 3572.88 v riscv/dp/rf/_08461_/Y (OR3x1_ASAP7_75t_R)
     1    0.55                           riscv/dp/rf/_03481_ (net)
                 17.56    0.01 3572.88 v riscv/dp/rf/_08482_/B (AND5x1_ASAP7_75t_R)
                 20.11   25.46 3598.34 v riscv/dp/rf/_08482_/Y (AND5x1_ASAP7_75t_R)
     1    2.47                           riscv/dp/rf/_03501_ (net)
                 20.16    0.53 3598.87 v riscv/dp/rf/_08483_/B (AO21x1_ASAP7_75t_R)
                 96.27   47.99 3646.87 v riscv/dp/rf/_08483_/Y (AO21x1_ASAP7_75t_R)
     8   16.53                           riscv/dp/srca2[22] (net)
                103.44   13.92 3660.79 v riscv/dp/alu/_763_/A (INVx1_ASAP7_75t_R)
                 41.12   32.91 3693.70 ^ riscv/dp/alu/_763_/Y (INVx1_ASAP7_75t_R)
     2    3.11                           riscv/dp/alu/_347_ (net)
                 41.12    0.01 3693.71 ^ riscv/dp/alu/_845_/A (HAxp5_ASAP7_75t_R)
                 62.66   59.32 3753.03 ^ riscv/dp/alu/_845_/SN (HAxp5_ASAP7_75t_R)
     5    3.64                           riscv/dp/alu/_011_ (net)
                 62.66    0.09 3753.13 ^ riscv/dp/alu/_566_/A1 (OA21x2_ASAP7_75t_R)
                  7.88   25.98 3779.11 ^ riscv/dp/alu/_566_/Y (OA21x2_ASAP7_75t_R)
     1    0.69                           riscv/dp/alu/_170_ (net)
                  7.88    0.01 3779.12 ^ riscv/dp/alu/_567_/A2 (AO21x1_ASAP7_75t_R)
                  7.29   12.61 3791.73 ^ riscv/dp/alu/_567_/Y (AO21x1_ASAP7_75t_R)
     1    0.54                           riscv/dp/alu/_171_ (net)
                  7.29    0.01 3791.74 ^ riscv/dp/alu/_568_/B (OA211x2_ASAP7_75t_R)
                 10.17   20.25 3811.99 ^ riscv/dp/alu/_568_/Y (OA211x2_ASAP7_75t_R)
     2    1.34                           riscv/dp/alu/_172_ (net)
                 10.17    0.01 3812.00 ^ riscv/dp/alu/_572_/A2 (OA21x2_ASAP7_75t_R)
                 10.40   17.61 3829.61 ^ riscv/dp/alu/_572_/Y (OA21x2_ASAP7_75t_R)
     2    2.00                           riscv/dp/alu/_176_ (net)
                 10.40    0.06 3829.67 ^ riscv/dp/alu/_573_/B (OAI21x1_ASAP7_75t_R)
                 20.54   13.46 3843.13 v riscv/dp/alu/_573_/Y (OAI21x1_ASAP7_75t_R)
     2    3.44                           riscv/dp/alu/_177_ (net)
                 20.55    0.27 3843.39 v riscv/dp/alu/_726_/A (INVx3_ASAP7_75t_R)
                 11.45    9.63 3853.03 ^ riscv/dp/alu/_726_/Y (INVx3_ASAP7_75t_R)
     2    2.95                           riscv/dp/alu/_357_ (net)
                 11.45    0.03 3853.06 ^ riscv/dp/alu/_734_/A1 (OA21x2_ASAP7_75t_R)
                 11.24   19.17 3872.23 ^ riscv/dp/alu/_734_/Y (OA21x2_ASAP7_75t_R)
     1    2.30                           riscv/dp/alu/_360_ (net)
                 11.24    0.05 3872.28 ^ riscv/dp/alu/_800_/B (FAx1_ASAP7_75t_R)
                 26.81   17.59 3889.87 v riscv/dp/alu/_800_/CON (FAx1_ASAP7_75t_R)
     1    1.18                           riscv/dp/alu/_071_ (net)
                 26.81    0.03 3889.90 v riscv/dp/alu/_739_/B (XOR2x2_ASAP7_75t_R)
                 11.05   27.25 3917.16 v riscv/dp/alu/_739_/Y (XOR2x2_ASAP7_75t_R)
     1    1.28                           riscv/dp/alu/_303_ (net)
                 11.05    0.01 3917.17 v riscv/dp/alu/_740_/B2 (OAI22x1_ASAP7_75t_R)
                 40.91   10.41 3927.58 ^ riscv/dp/alu/_740_/Y (OAI22x1_ASAP7_75t_R)
     1    0.55                           riscv/dp/alu/_304_ (net)
                 40.91    0.00 3927.58 ^ riscv/dp/alu/_741_/C (AO221x1_ASAP7_75t_R)
                 11.66   21.75 3949.33 ^ riscv/dp/alu/_741_/Y (AO221x1_ASAP7_75t_R)
     1    0.65                           riscv/dp/aluout2[31] (net)
                 11.66    0.00 3949.33 ^ riscv/dp/srccmux/_109_/A2 (AO21x1_ASAP7_75t_R)
                241.67   75.92 4025.26 ^ riscv/dp/srccmux/_109_/Y (AO21x1_ASAP7_75t_R)
     9   35.73                           dataadr[31] (net)
                293.89   58.72 4083.98 ^ dmem/_133_/C (NOR3x2_ASAP7_75t_R)
                133.25  104.94 4188.92 v dmem/_133_/Y (NOR3x2_ASAP7_75t_R)
     3   20.34                           dmem/ce_mem[0] (net)
                134.29    6.71 4195.63 v dmem/_145_/B2 (AO22x1_ASAP7_75t_R)
                 11.52   39.31 4234.94 v dmem/_145_/Y (AO22x1_ASAP7_75t_R)
     1    0.68                           dmem/_006_ (net)
                 11.52    0.01 4234.94 v dmem/_146_/B (AO21x2_ASAP7_75t_R)
                 16.19   22.45 4257.39 v dmem/_146_/Y (AO21x2_ASAP7_75t_R)
     3    3.28                           readdata[0] (net)
                 16.30    0.75 4258.14 v riscv/dp/halfbytemux1/_113_/A (AND2x2_ASAP7_75t_R)
                  7.20   19.43 4277.57 v riscv/dp/halfbytemux1/_113_/Y (AND2x2_ASAP7_75t_R)
     1    0.67                           riscv/dp/halfbytemux1/_003_ (net)
                  7.20    0.00 4277.57 v riscv/dp/halfbytemux1/_114_/B (AO21x1_ASAP7_75t_R)
                  8.68   15.56 4293.13 v riscv/dp/halfbytemux1/_114_/Y (AO21x1_ASAP7_75t_R)
     1    0.75                           riscv/dp/halfbytemux1/_004_ (net)
                  8.68    0.01 4293.15 v riscv/dp/halfbytemux1/_116_/A2 (AO21x1_ASAP7_75t_R)
                  9.19   14.08 4307.22 v riscv/dp/halfbytemux1/_116_/Y (AO21x1_ASAP7_75t_R)
     1    0.57                           riscv/dp/readdata4[0] (net)
                  9.19    0.01 4307.23 v riscv/dp/resmux/_040_/A (AND2x2_ASAP7_75t_R)
                 10.41   16.93 4324.16 v riscv/dp/resmux/_040_/Y (AND2x2_ASAP7_75t_R)
     1    0.75                           riscv/dp/resmux/_038_ (net)
                 10.41    0.02 4324.17 v riscv/dp/resmux/_041_/B (AO21x1_ASAP7_75t_R)
                 14.33   18.72 4342.89 v riscv/dp/resmux/_041_/Y (AO21x1_ASAP7_75t_R)
     1    1.60                           riscv/dp/result[0] (net)
                 14.34    0.20 4343.09 v riscv/dp/storepcmux/_041_/A1 (AO21x1_ASAP7_75t_R)
                167.66   64.59 4407.69 v riscv/dp/storepcmux/_041_/Y (AO21x1_ASAP7_75t_R)
    31   28.84                           riscv/dp/result2[0] (net)
                184.38   27.84 4435.52 v riscv/dp/rf/_11230_/A1 (AO21x1_ASAP7_75t_R)
                 12.92   39.58 4475.11 v riscv/dp/rf/_11230_/Y (AO21x1_ASAP7_75t_R)
     1    0.66                           riscv/dp/rf/_01249_ (net)
                 12.92    0.00 4475.11 v riscv/dp/rf/_13244_/D (DFFLQNx1_ASAP7_75t_R)
                               4475.11   data arrival time

                  0.00 1660.00 1660.00   clock clk' (fall edge)
                          0.00 1660.00   clock network delay (ideal)
                          0.00 1660.00   clock reconvergence pessimism
                               1660.00 v riscv/dp/rf/_13244_/CLK (DFFLQNx1_ASAP7_75t_R)
                        -10.19 1649.81   library setup time
                               1649.81   data required time
-----------------------------------------------------------------------------
                               1649.81   data required time
                               -4475.11   data arrival time
-----------------------------------------------------------------------------
                               -2825.30   slack (VIOLATED)



==========================================================================
global place report_checks -unconstrained
--------------------------------------------------------------------------
Startpoint: reset (input port clocked by clk)
Endpoint: riscv/dp/pcreg/_83_ (recovery check against rising-edge clock clk)
Path Group: **async_default**
Path Type: max

Fanout     Cap    Slew   Delay    Time   Description
-----------------------------------------------------------------------------
                  0.00    0.00    0.00   clock clk (rise edge)
                          0.00    0.00   clock network delay (ideal)
                        207.50  207.50 v input external delay
                  0.00    0.00  207.50 v reset (in)
     1    2.88                           reset (net)
                  0.92    0.29  207.79 v riscv/dp/pcreg/_34_/A (INVx3_ASAP7_75t_R)
                 94.35   36.41  244.20 ^ riscv/dp/pcreg/_34_/Y (INVx3_ASAP7_75t_R)
    32   42.73                           riscv/dp/pcreg/_32_ (net)
                 96.64    8.08  252.29 ^ riscv/dp/pcreg/_83_/SETN (DFFASRHQNx1_ASAP7_75t_R)
                                252.29   data arrival time

                  0.00 1660.00 1660.00   clock clk (rise edge)
                          0.00 1660.00   clock network delay (ideal)
                          0.00 1660.00   clock reconvergence pessimism
                               1660.00 ^ riscv/dp/pcreg/_83_/CLK (DFFASRHQNx1_ASAP7_75t_R)
                         -8.97 1651.03   library recovery time
                               1651.03   data required time
-----------------------------------------------------------------------------
                               1651.03   data required time
                               -252.29   data arrival time
-----------------------------------------------------------------------------
                               1398.74   slack (MET)


Startpoint: instr[0] (input port clocked by clk)
Endpoint: riscv/dp/rf/_13244_ (falling edge-triggered flip-flop clocked by clk')
Path Group: clk
Path Type: max

Fanout     Cap    Slew   Delay    Time   Description
-----------------------------------------------------------------------------
                  0.00    0.00    0.00   clock clk (rise edge)
                          0.00    0.00   clock network delay (ideal)
                        207.50  207.50 v input external delay
                  0.00    0.00  207.50 v instr[0] (in)
     1    1.42                           instr[0] (net)
                  0.34    0.11  207.61 v pcmux/_041_/A1 (AO21x1_ASAP7_75t_R)
                 20.87   19.65  227.26 v pcmux/_041_/Y (AO21x1_ASAP7_75t_R)
     4    3.28                           instr_out[0] (net)
                 20.88    0.26  227.51 v riscv/c/md/_38_/B (NAND2x1_ASAP7_75t_R)
                 18.27   15.70  243.22 ^ riscv/c/md/_38_/Y (NAND2x1_ASAP7_75t_R)
     2    1.73                           riscv/c/md/_10_ (net)
                 18.27    0.01  243.23 ^ riscv/c/md/_39_/B (NOR2x1_ASAP7_75t_R)
                 27.26   18.79  262.02 v riscv/c/md/_39_/Y (NOR2x1_ASAP7_75t_R)
     6    3.76                           riscv/c/md/_11_ (net)
                 27.26    0.02  262.05 v riscv/c/md/_40_/D (AND4x2_ASAP7_75t_R)
                 84.58   55.63  317.67 v riscv/c/md/_40_/Y (AND4x2_ASAP7_75t_R)
    44   27.46                           riscv/imm[2] (net)
                 84.61    1.03  318.70 v riscv/dp/rs1mux/_06_/A (INVx1_ASAP7_75t_R)
                 38.46   30.85  349.56 ^ riscv/dp/rs1mux/_06_/Y (INVx1_ASAP7_75t_R)
     5    3.20                           riscv/dp/rs1mux/_00_ (net)
                 38.46    0.00  349.56 ^ riscv/dp/rs1mux/_08_/A2 (AO21x2_ASAP7_75t_R)
               1983.34  637.68  987.24 ^ riscv/dp/rs1mux/_08_/Y (AO21x2_ASAP7_75t_R)
   678  588.84                           riscv/dp/rs1[0] (net)
               2024.72  162.64 1149.88 ^ riscv/dp/rf/_07012_/A (INVx1_ASAP7_75t_R)
               1118.42 2022.02 3171.89 v riscv/dp/rf/_07012_/Y (INVx1_ASAP7_75t_R)
   201  172.68                           riscv/dp/rf/_02071_ (net)
               1118.42  151.06 3322.95 v riscv/dp/rf/_08460_/C (OA211x2_ASAP7_75t_R)
                 35.27  221.80 3544.75 v riscv/dp/rf/_08460_/Y (OA211x2_ASAP7_75t_R)
     1    0.62                           riscv/dp/rf/_03480_ (net)
                 35.27    0.00 3544.75 v riscv/dp/rf/_08461_/C (OR3x1_ASAP7_75t_R)
                 17.56   28.13 3572.88 v riscv/dp/rf/_08461_/Y (OR3x1_ASAP7_75t_R)
     1    0.55                           riscv/dp/rf/_03481_ (net)
                 17.56    0.01 3572.88 v riscv/dp/rf/_08482_/B (AND5x1_ASAP7_75t_R)
                 20.11   25.46 3598.34 v riscv/dp/rf/_08482_/Y (AND5x1_ASAP7_75t_R)
     1    2.47                           riscv/dp/rf/_03501_ (net)
                 20.16    0.53 3598.87 v riscv/dp/rf/_08483_/B (AO21x1_ASAP7_75t_R)
                 96.27   47.99 3646.87 v riscv/dp/rf/_08483_/Y (AO21x1_ASAP7_75t_R)
     8   16.53                           riscv/dp/srca2[22] (net)
                103.44   13.92 3660.79 v riscv/dp/alu/_763_/A (INVx1_ASAP7_75t_R)
                 41.12   32.91 3693.70 ^ riscv/dp/alu/_763_/Y (INVx1_ASAP7_75t_R)
     2    3.11                           riscv/dp/alu/_347_ (net)
                 41.12    0.01 3693.71 ^ riscv/dp/alu/_845_/A (HAxp5_ASAP7_75t_R)
                 62.66   59.32 3753.03 ^ riscv/dp/alu/_845_/SN (HAxp5_ASAP7_75t_R)
     5    3.64                           riscv/dp/alu/_011_ (net)
                 62.66    0.09 3753.13 ^ riscv/dp/alu/_566_/A1 (OA21x2_ASAP7_75t_R)
                  7.88   25.98 3779.11 ^ riscv/dp/alu/_566_/Y (OA21x2_ASAP7_75t_R)
     1    0.69                           riscv/dp/alu/_170_ (net)
                  7.88    0.01 3779.12 ^ riscv/dp/alu/_567_/A2 (AO21x1_ASAP7_75t_R)
                  7.29   12.61 3791.73 ^ riscv/dp/alu/_567_/Y (AO21x1_ASAP7_75t_R)
     1    0.54                           riscv/dp/alu/_171_ (net)
                  7.29    0.01 3791.74 ^ riscv/dp/alu/_568_/B (OA211x2_ASAP7_75t_R)
                 10.17   20.25 3811.99 ^ riscv/dp/alu/_568_/Y (OA211x2_ASAP7_75t_R)
     2    1.34                           riscv/dp/alu/_172_ (net)
                 10.17    0.01 3812.00 ^ riscv/dp/alu/_572_/A2 (OA21x2_ASAP7_75t_R)
                 10.40   17.61 3829.61 ^ riscv/dp/alu/_572_/Y (OA21x2_ASAP7_75t_R)
     2    2.00                           riscv/dp/alu/_176_ (net)
                 10.40    0.06 3829.67 ^ riscv/dp/alu/_573_/B (OAI21x1_ASAP7_75t_R)
                 20.54   13.46 3843.13 v riscv/dp/alu/_573_/Y (OAI21x1_ASAP7_75t_R)
     2    3.44                           riscv/dp/alu/_177_ (net)
                 20.55    0.27 3843.39 v riscv/dp/alu/_726_/A (INVx3_ASAP7_75t_R)
                 11.45    9.63 3853.03 ^ riscv/dp/alu/_726_/Y (INVx3_ASAP7_75t_R)
     2    2.95                           riscv/dp/alu/_357_ (net)
                 11.45    0.03 3853.06 ^ riscv/dp/alu/_734_/A1 (OA21x2_ASAP7_75t_R)
                 11.24   19.17 3872.23 ^ riscv/dp/alu/_734_/Y (OA21x2_ASAP7_75t_R)
     1    2.30                           riscv/dp/alu/_360_ (net)
                 11.24    0.05 3872.28 ^ riscv/dp/alu/_800_/B (FAx1_ASAP7_75t_R)
                 26.81   17.59 3889.87 v riscv/dp/alu/_800_/CON (FAx1_ASAP7_75t_R)
     1    1.18                           riscv/dp/alu/_071_ (net)
                 26.81    0.03 3889.90 v riscv/dp/alu/_739_/B (XOR2x2_ASAP7_75t_R)
                 11.05   27.25 3917.16 v riscv/dp/alu/_739_/Y (XOR2x2_ASAP7_75t_R)
     1    1.28                           riscv/dp/alu/_303_ (net)
                 11.05    0.01 3917.17 v riscv/dp/alu/_740_/B2 (OAI22x1_ASAP7_75t_R)
                 40.91   10.41 3927.58 ^ riscv/dp/alu/_740_/Y (OAI22x1_ASAP7_75t_R)
     1    0.55                           riscv/dp/alu/_304_ (net)
                 40.91    0.00 3927.58 ^ riscv/dp/alu/_741_/C (AO221x1_ASAP7_75t_R)
                 11.66   21.75 3949.33 ^ riscv/dp/alu/_741_/Y (AO221x1_ASAP7_75t_R)
     1    0.65                           riscv/dp/aluout2[31] (net)
                 11.66    0.00 3949.33 ^ riscv/dp/srccmux/_109_/A2 (AO21x1_ASAP7_75t_R)
                241.67   75.92 4025.26 ^ riscv/dp/srccmux/_109_/Y (AO21x1_ASAP7_75t_R)
     9   35.73                           dataadr[31] (net)
                293.89   58.72 4083.98 ^ dmem/_133_/C (NOR3x2_ASAP7_75t_R)
                133.25  104.94 4188.92 v dmem/_133_/Y (NOR3x2_ASAP7_75t_R)
     3   20.34                           dmem/ce_mem[0] (net)
                134.29    6.71 4195.63 v dmem/_145_/B2 (AO22x1_ASAP7_75t_R)
                 11.52   39.31 4234.94 v dmem/_145_/Y (AO22x1_ASAP7_75t_R)
     1    0.68                           dmem/_006_ (net)
                 11.52    0.01 4234.94 v dmem/_146_/B (AO21x2_ASAP7_75t_R)
                 16.19   22.45 4257.39 v dmem/_146_/Y (AO21x2_ASAP7_75t_R)
     3    3.28                           readdata[0] (net)
                 16.30    0.75 4258.14 v riscv/dp/halfbytemux1/_113_/A (AND2x2_ASAP7_75t_R)
                  7.20   19.43 4277.57 v riscv/dp/halfbytemux1/_113_/Y (AND2x2_ASAP7_75t_R)
     1    0.67                           riscv/dp/halfbytemux1/_003_ (net)
                  7.20    0.00 4277.57 v riscv/dp/halfbytemux1/_114_/B (AO21x1_ASAP7_75t_R)
                  8.68   15.56 4293.13 v riscv/dp/halfbytemux1/_114_/Y (AO21x1_ASAP7_75t_R)
     1    0.75                           riscv/dp/halfbytemux1/_004_ (net)
                  8.68    0.01 4293.15 v riscv/dp/halfbytemux1/_116_/A2 (AO21x1_ASAP7_75t_R)
                  9.19   14.08 4307.22 v riscv/dp/halfbytemux1/_116_/Y (AO21x1_ASAP7_75t_R)
     1    0.57                           riscv/dp/readdata4[0] (net)
                  9.19    0.01 4307.23 v riscv/dp/resmux/_040_/A (AND2x2_ASAP7_75t_R)
                 10.41   16.93 4324.16 v riscv/dp/resmux/_040_/Y (AND2x2_ASAP7_75t_R)
     1    0.75                           riscv/dp/resmux/_038_ (net)
                 10.41    0.02 4324.17 v riscv/dp/resmux/_041_/B (AO21x1_ASAP7_75t_R)
                 14.33   18.72 4342.89 v riscv/dp/resmux/_041_/Y (AO21x1_ASAP7_75t_R)
     1    1.60                           riscv/dp/result[0] (net)
                 14.34    0.20 4343.09 v riscv/dp/storepcmux/_041_/A1 (AO21x1_ASAP7_75t_R)
                167.66   64.59 4407.69 v riscv/dp/storepcmux/_041_/Y (AO21x1_ASAP7_75t_R)
    31   28.84                           riscv/dp/result2[0] (net)
                184.38   27.84 4435.52 v riscv/dp/rf/_11230_/A1 (AO21x1_ASAP7_75t_R)
                 12.92   39.58 4475.11 v riscv/dp/rf/_11230_/Y (AO21x1_ASAP7_75t_R)
     1    0.66                           riscv/dp/rf/_01249_ (net)
                 12.92    0.00 4475.11 v riscv/dp/rf/_13244_/D (DFFLQNx1_ASAP7_75t_R)
                               4475.11   data arrival time

                  0.00 1660.00 1660.00   clock clk' (fall edge)
                          0.00 1660.00   clock network delay (ideal)
                          0.00 1660.00   clock reconvergence pessimism
                               1660.00 v riscv/dp/rf/_13244_/CLK (DFFLQNx1_ASAP7_75t_R)
                        -10.19 1649.81   library setup time
                               1649.81   data required time
-----------------------------------------------------------------------------
                               1649.81   data required time
                               -4475.11   data arrival time
-----------------------------------------------------------------------------
                               -2825.30   slack (VIOLATED)



==========================================================================
global place report_design_area
--------------------------------------------------------------------------
Design area 2285 u^2 21% utilization.

Elapsed time: 0:35.62[h:]min:sec. CPU time: user 35.51 sys 0.11 (99%). Peak memory: 348296KB.
