OpenROAD v2.0-6566-g970f89da6 
This program is licensed under the BSD-3 license. See the LICENSE file for details.
Components of this program may be licensed under more restrictive licenses which must be honored.
[WARNING STA-0164] ./platforms/asap7/lib/asap7sc7p5t_SIMPLE_RVT_FF_nldm_211120.lib.gz line 13178, timing group from output port.
[WARNING STA-0164] ./platforms/asap7/lib/asap7sc7p5t_SIMPLE_RVT_FF_nldm_211120.lib.gz line 13211, timing group from output port.
[WARNING STA-0164] ./platforms/asap7/lib/asap7sc7p5t_SIMPLE_RVT_FF_nldm_211120.lib.gz line 13244, timing group from output port.
[WARNING STA-0164] ./platforms/asap7/lib/asap7sc7p5t_SIMPLE_RVT_FF_nldm_211120.lib.gz line 13277, timing group from output port.
[WARNING STA-0164] ./platforms/asap7/lib/asap7sc7p5t_SIMPLE_RVT_FF_nldm_211120.lib.gz line 13310, timing group from output port.
[WARNING STA-0164] ./platforms/asap7/lib/asap7sc7p5t_SIMPLE_RVT_FF_nldm_211120.lib.gz line 13343, timing group from output port.
[WARNING STA-0164] ./platforms/asap7/lib/asap7sc7p5t_SIMPLE_RVT_FF_nldm_211120.lib.gz line 13376, timing group from output port.
[WARNING STA-0164] ./platforms/asap7/lib/asap7sc7p5t_SIMPLE_RVT_FF_nldm_211120.lib.gz line 14772, timing group from output port.
[WARNING STA-0164] ./platforms/asap7/lib/asap7sc7p5t_SIMPLE_RVT_FF_nldm_211120.lib.gz line 14805, timing group from output port.
[WARNING STA-0164] ./platforms/asap7/lib/asap7sc7p5t_SIMPLE_RVT_FF_nldm_211120.lib.gz line 14838, timing group from output port.

==========================================================================
resizer pre check_setup
--------------------------------------------------------------------------

==========================================================================
resizer pre report_tns
--------------------------------------------------------------------------
tns -2829862.00

==========================================================================
resizer pre report_wns
--------------------------------------------------------------------------
wns -2825.30

==========================================================================
resizer pre report_worst_slack
--------------------------------------------------------------------------
worst slack -2825.30

==========================================================================
resizer pre report_checks -path_delay min
--------------------------------------------------------------------------
Startpoint: reset (input port clocked by clk)
Endpoint: riscv/dp/pcreg/_67_ (removal check against rising-edge clock clk)
Path Group: **async_default**
Path Type: min

Fanout     Cap    Slew   Delay    Time   Description
-----------------------------------------------------------------------------
                  0.00    0.00    0.00   clock clk (rise edge)
                          0.00    0.00   clock network delay (ideal)
                        207.50  207.50 v input external delay
                  0.00    0.00  207.50 v reset (in)
     1    2.88                           reset (net)
                  0.92    0.29  207.79 v riscv/dp/pcreg/_34_/A (INVx3_ASAP7_75t_R)
                 94.35   36.41  244.20 ^ riscv/dp/pcreg/_34_/Y (INVx3_ASAP7_75t_R)
    32   42.73                           riscv/dp/pcreg/_32_ (net)
                 94.38    1.00  245.21 ^ riscv/dp/pcreg/_67_/SETN (DFFASRHQNx1_ASAP7_75t_R)
                                245.21   data arrival time

                  0.00    0.00    0.00   clock clk (rise edge)
                          0.00    0.00   clock network delay (ideal)
                          0.00    0.00   clock reconvergence pessimism
                                  0.00 ^ riscv/dp/pcreg/_67_/CLK (DFFASRHQNx1_ASAP7_75t_R)
                         11.61   11.61   library removal time
                                 11.61   data required time
-----------------------------------------------------------------------------
                                 11.61   data required time
                               -245.21   data arrival time
-----------------------------------------------------------------------------
                                233.59   slack (MET)


Startpoint: riscv/dp/rf/_13398_
            (falling edge-triggered flip-flop clocked by clk')
Endpoint: riscv/dp/rf/_13398_ (falling edge-triggered flip-flop clocked by clk')
Path Group: clk
Path Type: min

Fanout     Cap    Slew   Delay    Time   Description
-----------------------------------------------------------------------------
                  0.00    0.00    0.00   clock clk' (fall edge)
                          0.00    0.00   clock network delay (ideal)
                  0.00    0.00    0.00 v riscv/dp/rf/_13398_/CLK (DFFLQNx1_ASAP7_75t_R)
                 12.45   33.97   33.97 v riscv/dp/rf/_13398_/QN (DFFLQNx1_ASAP7_75t_R)
     1    0.72                           riscv/dp/rf/_00645_ (net)
                 12.45    0.00   33.97 v riscv/dp/rf/_08698_/A (INVx1_ASAP7_75t_R)
                 14.18   10.55   44.52 ^ riscv/dp/rf/_08698_/Y (INVx1_ASAP7_75t_R)
     3    1.84                           riscv/dp/rf/_01403_ (net)
                 14.18    0.02   44.54 ^ riscv/dp/rf/_13398_/D (DFFLQNx1_ASAP7_75t_R)
                                 44.54   data arrival time

                  0.00    0.00    0.00   clock clk' (fall edge)
                          0.00    0.00   clock network delay (ideal)
                          0.00    0.00   clock reconvergence pessimism
                                  0.00 v riscv/dp/rf/_13398_/CLK (DFFLQNx1_ASAP7_75t_R)
                          5.00    5.00   library hold time
                                  5.00   data required time
-----------------------------------------------------------------------------
                                  5.00   data required time
                                -44.54   data arrival time
-----------------------------------------------------------------------------
                                 39.54   slack (MET)



==========================================================================
resizer pre report_checks -path_delay max
--------------------------------------------------------------------------
Startpoint: reset (input port clocked by clk)
Endpoint: riscv/dp/pcreg/_83_ (recovery check against rising-edge clock clk)
Path Group: **async_default**
Path Type: max

Fanout     Cap    Slew   Delay    Time   Description
-----------------------------------------------------------------------------
                  0.00    0.00    0.00   clock clk (rise edge)
                          0.00    0.00   clock network delay (ideal)
                        207.50  207.50 v input external delay
                  0.00    0.00  207.50 v reset (in)
     1    2.88                           reset (net)
                  0.92    0.29  207.79 v riscv/dp/pcreg/_34_/A (INVx3_ASAP7_75t_R)
                 94.35   36.41  244.20 ^ riscv/dp/pcreg/_34_/Y (INVx3_ASAP7_75t_R)
    32   42.73                           riscv/dp/pcreg/_32_ (net)
                 96.64    8.08  252.29 ^ riscv/dp/pcreg/_83_/SETN (DFFASRHQNx1_ASAP7_75t_R)
                                252.29   data arrival time

                  0.00 1660.00 1660.00   clock clk (rise edge)
                          0.00 1660.00   clock network delay (ideal)
                          0.00 1660.00   clock reconvergence pessimism
                               1660.00 ^ riscv/dp/pcreg/_83_/CLK (DFFASRHQNx1_ASAP7_75t_R)
                         -8.97 1651.03   library recovery time
                               1651.03   data required time
-----------------------------------------------------------------------------
                               1651.03   data required time
                               -252.29   data arrival time
-----------------------------------------------------------------------------
                               1398.74   slack (MET)


Startpoint: instr[0] (input port clocked by clk)
Endpoint: riscv/dp/rf/_13244_ (falling edge-triggered flip-flop clocked by clk')
Path Group: clk
Path Type: max

Fanout     Cap    Slew   Delay    Time   Description
-----------------------------------------------------------------------------
                  0.00    0.00    0.00   clock clk (rise edge)
                          0.00    0.00   clock network delay (ideal)
                        207.50  207.50 v input external delay
                  0.00    0.00  207.50 v instr[0] (in)
     1    1.42                           instr[0] (net)
                  0.34    0.11  207.61 v pcmux/_041_/A1 (AO21x1_ASAP7_75t_R)
                 20.87   19.65  227.26 v pcmux/_041_/Y (AO21x1_ASAP7_75t_R)
     4    3.28                           instr_out[0] (net)
                 20.88    0.26  227.51 v riscv/c/md/_38_/B (NAND2x1_ASAP7_75t_R)
                 18.27   15.70  243.22 ^ riscv/c/md/_38_/Y (NAND2x1_ASAP7_75t_R)
     2    1.73                           riscv/c/md/_10_ (net)
                 18.27    0.01  243.23 ^ riscv/c/md/_39_/B (NOR2x1_ASAP7_75t_R)
                 27.26   18.79  262.02 v riscv/c/md/_39_/Y (NOR2x1_ASAP7_75t_R)
     6    3.76                           riscv/c/md/_11_ (net)
                 27.26    0.02  262.05 v riscv/c/md/_40_/D (AND4x2_ASAP7_75t_R)
                 84.58   55.63  317.67 v riscv/c/md/_40_/Y (AND4x2_ASAP7_75t_R)
    44   27.46                           riscv/imm[2] (net)
                 84.61    1.03  318.70 v riscv/dp/rs1mux/_06_/A (INVx1_ASAP7_75t_R)
                 38.46   30.85  349.56 ^ riscv/dp/rs1mux/_06_/Y (INVx1_ASAP7_75t_R)
     5    3.20                           riscv/dp/rs1mux/_00_ (net)
                 38.46    0.00  349.56 ^ riscv/dp/rs1mux/_08_/A2 (AO21x2_ASAP7_75t_R)
               1983.34  637.68  987.24 ^ riscv/dp/rs1mux/_08_/Y (AO21x2_ASAP7_75t_R)
   678  588.84                           riscv/dp/rs1[0] (net)
               2024.72  162.64 1149.88 ^ riscv/dp/rf/_07012_/A (INVx1_ASAP7_75t_R)
               1118.42 2022.02 3171.89 v riscv/dp/rf/_07012_/Y (INVx1_ASAP7_75t_R)
   201  172.68                           riscv/dp/rf/_02071_ (net)
               1118.42  151.06 3322.95 v riscv/dp/rf/_08460_/C (OA211x2_ASAP7_75t_R)
                 35.27  221.80 3544.75 v riscv/dp/rf/_08460_/Y (OA211x2_ASAP7_75t_R)
     1    0.62                           riscv/dp/rf/_03480_ (net)
                 35.27    0.00 3544.75 v riscv/dp/rf/_08461_/C (OR3x1_ASAP7_75t_R)
                 17.56   28.13 3572.88 v riscv/dp/rf/_08461_/Y (OR3x1_ASAP7_75t_R)
     1    0.55                           riscv/dp/rf/_03481_ (net)
                 17.56    0.01 3572.88 v riscv/dp/rf/_08482_/B (AND5x1_ASAP7_75t_R)
                 20.11   25.46 3598.34 v riscv/dp/rf/_08482_/Y (AND5x1_ASAP7_75t_R)
     1    2.47                           riscv/dp/rf/_03501_ (net)
                 20.16    0.53 3598.87 v riscv/dp/rf/_08483_/B (AO21x1_ASAP7_75t_R)
                 96.27   47.99 3646.87 v riscv/dp/rf/_08483_/Y (AO21x1_ASAP7_75t_R)
     8   16.53                           riscv/dp/srca2[22] (net)
                103.44   13.92 3660.79 v riscv/dp/alu/_763_/A (INVx1_ASAP7_75t_R)
                 41.12   32.91 3693.70 ^ riscv/dp/alu/_763_/Y (INVx1_ASAP7_75t_R)
     2    3.11                           riscv/dp/alu/_347_ (net)
                 41.12    0.01 3693.71 ^ riscv/dp/alu/_845_/A (HAxp5_ASAP7_75t_R)
                 62.66   59.32 3753.03 ^ riscv/dp/alu/_845_/SN (HAxp5_ASAP7_75t_R)
     5    3.64                           riscv/dp/alu/_011_ (net)
                 62.66    0.09 3753.13 ^ riscv/dp/alu/_566_/A1 (OA21x2_ASAP7_75t_R)
                  7.88   25.98 3779.11 ^ riscv/dp/alu/_566_/Y (OA21x2_ASAP7_75t_R)
     1    0.69                           riscv/dp/alu/_170_ (net)
                  7.88    0.01 3779.12 ^ riscv/dp/alu/_567_/A2 (AO21x1_ASAP7_75t_R)
                  7.29   12.61 3791.73 ^ riscv/dp/alu/_567_/Y (AO21x1_ASAP7_75t_R)
     1    0.54                           riscv/dp/alu/_171_ (net)
                  7.29    0.01 3791.74 ^ riscv/dp/alu/_568_/B (OA211x2_ASAP7_75t_R)
                 10.17   20.25 3811.99 ^ riscv/dp/alu/_568_/Y (OA211x2_ASAP7_75t_R)
     2    1.34                           riscv/dp/alu/_172_ (net)
                 10.17    0.01 3812.00 ^ riscv/dp/alu/_572_/A2 (OA21x2_ASAP7_75t_R)
                 10.40   17.61 3829.61 ^ riscv/dp/alu/_572_/Y (OA21x2_ASAP7_75t_R)
     2    2.00                           riscv/dp/alu/_176_ (net)
                 10.40    0.06 3829.67 ^ riscv/dp/alu/_573_/B (OAI21x1_ASAP7_75t_R)
                 20.54   13.46 3843.13 v riscv/dp/alu/_573_/Y (OAI21x1_ASAP7_75t_R)
     2    3.44                           riscv/dp/alu/_177_ (net)
                 20.55    0.27 3843.39 v riscv/dp/alu/_726_/A (INVx3_ASAP7_75t_R)
                 11.45    9.63 3853.03 ^ riscv/dp/alu/_726_/Y (INVx3_ASAP7_75t_R)
     2    2.95                           riscv/dp/alu/_357_ (net)
                 11.45    0.03 3853.06 ^ riscv/dp/alu/_734_/A1 (OA21x2_ASAP7_75t_R)
                 11.24   19.17 3872.23 ^ riscv/dp/alu/_734_/Y (OA21x2_ASAP7_75t_R)
     1    2.30                           riscv/dp/alu/_360_ (net)
                 11.24    0.05 3872.28 ^ riscv/dp/alu/_800_/B (FAx1_ASAP7_75t_R)
                 26.81   17.59 3889.87 v riscv/dp/alu/_800_/CON (FAx1_ASAP7_75t_R)
     1    1.18                           riscv/dp/alu/_071_ (net)
                 26.81    0.03 3889.90 v riscv/dp/alu/_739_/B (XOR2x2_ASAP7_75t_R)
                 11.05   27.25 3917.16 v riscv/dp/alu/_739_/Y (XOR2x2_ASAP7_75t_R)
     1    1.28                           riscv/dp/alu/_303_ (net)
                 11.05    0.01 3917.17 v riscv/dp/alu/_740_/B2 (OAI22x1_ASAP7_75t_R)
                 40.91   10.41 3927.58 ^ riscv/dp/alu/_740_/Y (OAI22x1_ASAP7_75t_R)
     1    0.55                           riscv/dp/alu/_304_ (net)
                 40.91    0.00 3927.58 ^ riscv/dp/alu/_741_/C (AO221x1_ASAP7_75t_R)
                 11.66   21.75 3949.33 ^ riscv/dp/alu/_741_/Y (AO221x1_ASAP7_75t_R)
     1    0.65                           riscv/dp/aluout2[31] (net)
                 11.66    0.00 3949.33 ^ riscv/dp/srccmux/_109_/A2 (AO21x1_ASAP7_75t_R)
                241.67   75.92 4025.26 ^ riscv/dp/srccmux/_109_/Y (AO21x1_ASAP7_75t_R)
     9   35.73                           dataadr[31] (net)
                293.89   58.72 4083.98 ^ dmem/_133_/C (NOR3x2_ASAP7_75t_R)
                133.25  104.94 4188.92 v dmem/_133_/Y (NOR3x2_ASAP7_75t_R)
     3   20.34                           dmem/ce_mem[0] (net)
                134.29    6.71 4195.63 v dmem/_145_/B2 (AO22x1_ASAP7_75t_R)
                 11.52   39.31 4234.94 v dmem/_145_/Y (AO22x1_ASAP7_75t_R)
     1    0.68                           dmem/_006_ (net)
                 11.52    0.01 4234.94 v dmem/_146_/B (AO21x2_ASAP7_75t_R)
                 16.19   22.45 4257.39 v dmem/_146_/Y (AO21x2_ASAP7_75t_R)
     3    3.28                           readdata[0] (net)
                 16.30    0.75 4258.14 v riscv/dp/halfbytemux1/_113_/A (AND2x2_ASAP7_75t_R)
                  7.20   19.43 4277.57 v riscv/dp/halfbytemux1/_113_/Y (AND2x2_ASAP7_75t_R)
     1    0.67                           riscv/dp/halfbytemux1/_003_ (net)
                  7.20    0.00 4277.57 v riscv/dp/halfbytemux1/_114_/B (AO21x1_ASAP7_75t_R)
                  8.68   15.56 4293.13 v riscv/dp/halfbytemux1/_114_/Y (AO21x1_ASAP7_75t_R)
     1    0.75                           riscv/dp/halfbytemux1/_004_ (net)
                  8.68    0.01 4293.15 v riscv/dp/halfbytemux1/_116_/A2 (AO21x1_ASAP7_75t_R)
                  9.19   14.08 4307.22 v riscv/dp/halfbytemux1/_116_/Y (AO21x1_ASAP7_75t_R)
     1    0.57                           riscv/dp/readdata4[0] (net)
                  9.19    0.01 4307.23 v riscv/dp/resmux/_040_/A (AND2x2_ASAP7_75t_R)
                 10.41   16.93 4324.16 v riscv/dp/resmux/_040_/Y (AND2x2_ASAP7_75t_R)
     1    0.75                           riscv/dp/resmux/_038_ (net)
                 10.41    0.02 4324.17 v riscv/dp/resmux/_041_/B (AO21x1_ASAP7_75t_R)
                 14.33   18.72 4342.89 v riscv/dp/resmux/_041_/Y (AO21x1_ASAP7_75t_R)
     1    1.60                           riscv/dp/result[0] (net)
                 14.34    0.20 4343.09 v riscv/dp/storepcmux/_041_/A1 (AO21x1_ASAP7_75t_R)
                167.66   64.59 4407.69 v riscv/dp/storepcmux/_041_/Y (AO21x1_ASAP7_75t_R)
    31   28.84                           riscv/dp/result2[0] (net)
                184.38   27.84 4435.52 v riscv/dp/rf/_11230_/A1 (AO21x1_ASAP7_75t_R)
                 12.92   39.58 4475.11 v riscv/dp/rf/_11230_/Y (AO21x1_ASAP7_75t_R)
     1    0.66                           riscv/dp/rf/_01249_ (net)
                 12.92    0.00 4475.11 v riscv/dp/rf/_13244_/D (DFFLQNx1_ASAP7_75t_R)
                               4475.11   data arrival time

                  0.00 1660.00 1660.00   clock clk' (fall edge)
                          0.00 1660.00   clock network delay (ideal)
                          0.00 1660.00   clock reconvergence pessimism
                               1660.00 v riscv/dp/rf/_13244_/CLK (DFFLQNx1_ASAP7_75t_R)
                        -10.19 1649.81   library setup time
                               1649.81   data required time
-----------------------------------------------------------------------------
                               1649.81   data required time
                               -4475.11   data arrival time
-----------------------------------------------------------------------------
                               -2825.30   slack (VIOLATED)



==========================================================================
resizer pre report_checks -unconstrained
--------------------------------------------------------------------------
Startpoint: reset (input port clocked by clk)
Endpoint: riscv/dp/pcreg/_83_ (recovery check against rising-edge clock clk)
Path Group: **async_default**
Path Type: max

Fanout     Cap    Slew   Delay    Time   Description
-----------------------------------------------------------------------------
                  0.00    0.00    0.00   clock clk (rise edge)
                          0.00    0.00   clock network delay (ideal)
                        207.50  207.50 v input external delay
                  0.00    0.00  207.50 v reset (in)
     1    2.88                           reset (net)
                  0.92    0.29  207.79 v riscv/dp/pcreg/_34_/A (INVx3_ASAP7_75t_R)
                 94.35   36.41  244.20 ^ riscv/dp/pcreg/_34_/Y (INVx3_ASAP7_75t_R)
    32   42.73                           riscv/dp/pcreg/_32_ (net)
                 96.64    8.08  252.29 ^ riscv/dp/pcreg/_83_/SETN (DFFASRHQNx1_ASAP7_75t_R)
                                252.29   data arrival time

                  0.00 1660.00 1660.00   clock clk (rise edge)
                          0.00 1660.00   clock network delay (ideal)
                          0.00 1660.00   clock reconvergence pessimism
                               1660.00 ^ riscv/dp/pcreg/_83_/CLK (DFFASRHQNx1_ASAP7_75t_R)
                         -8.97 1651.03   library recovery time
                               1651.03   data required time
-----------------------------------------------------------------------------
                               1651.03   data required time
                               -252.29   data arrival time
-----------------------------------------------------------------------------
                               1398.74   slack (MET)


Startpoint: instr[0] (input port clocked by clk)
Endpoint: riscv/dp/rf/_13244_ (falling edge-triggered flip-flop clocked by clk')
Path Group: clk
Path Type: max

Fanout     Cap    Slew   Delay    Time   Description
-----------------------------------------------------------------------------
                  0.00    0.00    0.00   clock clk (rise edge)
                          0.00    0.00   clock network delay (ideal)
                        207.50  207.50 v input external delay
                  0.00    0.00  207.50 v instr[0] (in)
     1    1.42                           instr[0] (net)
                  0.34    0.11  207.61 v pcmux/_041_/A1 (AO21x1_ASAP7_75t_R)
                 20.87   19.65  227.26 v pcmux/_041_/Y (AO21x1_ASAP7_75t_R)
     4    3.28                           instr_out[0] (net)
                 20.88    0.26  227.51 v riscv/c/md/_38_/B (NAND2x1_ASAP7_75t_R)
                 18.27   15.70  243.22 ^ riscv/c/md/_38_/Y (NAND2x1_ASAP7_75t_R)
     2    1.73                           riscv/c/md/_10_ (net)
                 18.27    0.01  243.23 ^ riscv/c/md/_39_/B (NOR2x1_ASAP7_75t_R)
                 27.26   18.79  262.02 v riscv/c/md/_39_/Y (NOR2x1_ASAP7_75t_R)
     6    3.76                           riscv/c/md/_11_ (net)
                 27.26    0.02  262.05 v riscv/c/md/_40_/D (AND4x2_ASAP7_75t_R)
                 84.58   55.63  317.67 v riscv/c/md/_40_/Y (AND4x2_ASAP7_75t_R)
    44   27.46                           riscv/imm[2] (net)
                 84.61    1.03  318.70 v riscv/dp/rs1mux/_06_/A (INVx1_ASAP7_75t_R)
                 38.46   30.85  349.56 ^ riscv/dp/rs1mux/_06_/Y (INVx1_ASAP7_75t_R)
     5    3.20                           riscv/dp/rs1mux/_00_ (net)
                 38.46    0.00  349.56 ^ riscv/dp/rs1mux/_08_/A2 (AO21x2_ASAP7_75t_R)
               1983.34  637.68  987.24 ^ riscv/dp/rs1mux/_08_/Y (AO21x2_ASAP7_75t_R)
   678  588.84                           riscv/dp/rs1[0] (net)
               2024.72  162.64 1149.88 ^ riscv/dp/rf/_07012_/A (INVx1_ASAP7_75t_R)
               1118.42 2022.02 3171.89 v riscv/dp/rf/_07012_/Y (INVx1_ASAP7_75t_R)
   201  172.68                           riscv/dp/rf/_02071_ (net)
               1118.42  151.06 3322.95 v riscv/dp/rf/_08460_/C (OA211x2_ASAP7_75t_R)
                 35.27  221.80 3544.75 v riscv/dp/rf/_08460_/Y (OA211x2_ASAP7_75t_R)
     1    0.62                           riscv/dp/rf/_03480_ (net)
                 35.27    0.00 3544.75 v riscv/dp/rf/_08461_/C (OR3x1_ASAP7_75t_R)
                 17.56   28.13 3572.88 v riscv/dp/rf/_08461_/Y (OR3x1_ASAP7_75t_R)
     1    0.55                           riscv/dp/rf/_03481_ (net)
                 17.56    0.01 3572.88 v riscv/dp/rf/_08482_/B (AND5x1_ASAP7_75t_R)
                 20.11   25.46 3598.34 v riscv/dp/rf/_08482_/Y (AND5x1_ASAP7_75t_R)
     1    2.47                           riscv/dp/rf/_03501_ (net)
                 20.16    0.53 3598.87 v riscv/dp/rf/_08483_/B (AO21x1_ASAP7_75t_R)
                 96.27   47.99 3646.87 v riscv/dp/rf/_08483_/Y (AO21x1_ASAP7_75t_R)
     8   16.53                           riscv/dp/srca2[22] (net)
                103.44   13.92 3660.79 v riscv/dp/alu/_763_/A (INVx1_ASAP7_75t_R)
                 41.12   32.91 3693.70 ^ riscv/dp/alu/_763_/Y (INVx1_ASAP7_75t_R)
     2    3.11                           riscv/dp/alu/_347_ (net)
                 41.12    0.01 3693.71 ^ riscv/dp/alu/_845_/A (HAxp5_ASAP7_75t_R)
                 62.66   59.32 3753.03 ^ riscv/dp/alu/_845_/SN (HAxp5_ASAP7_75t_R)
     5    3.64                           riscv/dp/alu/_011_ (net)
                 62.66    0.09 3753.13 ^ riscv/dp/alu/_566_/A1 (OA21x2_ASAP7_75t_R)
                  7.88   25.98 3779.11 ^ riscv/dp/alu/_566_/Y (OA21x2_ASAP7_75t_R)
     1    0.69                           riscv/dp/alu/_170_ (net)
                  7.88    0.01 3779.12 ^ riscv/dp/alu/_567_/A2 (AO21x1_ASAP7_75t_R)
                  7.29   12.61 3791.73 ^ riscv/dp/alu/_567_/Y (AO21x1_ASAP7_75t_R)
     1    0.54                           riscv/dp/alu/_171_ (net)
                  7.29    0.01 3791.74 ^ riscv/dp/alu/_568_/B (OA211x2_ASAP7_75t_R)
                 10.17   20.25 3811.99 ^ riscv/dp/alu/_568_/Y (OA211x2_ASAP7_75t_R)
     2    1.34                           riscv/dp/alu/_172_ (net)
                 10.17    0.01 3812.00 ^ riscv/dp/alu/_572_/A2 (OA21x2_ASAP7_75t_R)
                 10.40   17.61 3829.61 ^ riscv/dp/alu/_572_/Y (OA21x2_ASAP7_75t_R)
     2    2.00                           riscv/dp/alu/_176_ (net)
                 10.40    0.06 3829.67 ^ riscv/dp/alu/_573_/B (OAI21x1_ASAP7_75t_R)
                 20.54   13.46 3843.13 v riscv/dp/alu/_573_/Y (OAI21x1_ASAP7_75t_R)
     2    3.44                           riscv/dp/alu/_177_ (net)
                 20.55    0.27 3843.39 v riscv/dp/alu/_726_/A (INVx3_ASAP7_75t_R)
                 11.45    9.63 3853.03 ^ riscv/dp/alu/_726_/Y (INVx3_ASAP7_75t_R)
     2    2.95                           riscv/dp/alu/_357_ (net)
                 11.45    0.03 3853.06 ^ riscv/dp/alu/_734_/A1 (OA21x2_ASAP7_75t_R)
                 11.24   19.17 3872.23 ^ riscv/dp/alu/_734_/Y (OA21x2_ASAP7_75t_R)
     1    2.30                           riscv/dp/alu/_360_ (net)
                 11.24    0.05 3872.28 ^ riscv/dp/alu/_800_/B (FAx1_ASAP7_75t_R)
                 26.81   17.59 3889.87 v riscv/dp/alu/_800_/CON (FAx1_ASAP7_75t_R)
     1    1.18                           riscv/dp/alu/_071_ (net)
                 26.81    0.03 3889.90 v riscv/dp/alu/_739_/B (XOR2x2_ASAP7_75t_R)
                 11.05   27.25 3917.16 v riscv/dp/alu/_739_/Y (XOR2x2_ASAP7_75t_R)
     1    1.28                           riscv/dp/alu/_303_ (net)
                 11.05    0.01 3917.17 v riscv/dp/alu/_740_/B2 (OAI22x1_ASAP7_75t_R)
                 40.91   10.41 3927.58 ^ riscv/dp/alu/_740_/Y (OAI22x1_ASAP7_75t_R)
     1    0.55                           riscv/dp/alu/_304_ (net)
                 40.91    0.00 3927.58 ^ riscv/dp/alu/_741_/C (AO221x1_ASAP7_75t_R)
                 11.66   21.75 3949.33 ^ riscv/dp/alu/_741_/Y (AO221x1_ASAP7_75t_R)
     1    0.65                           riscv/dp/aluout2[31] (net)
                 11.66    0.00 3949.33 ^ riscv/dp/srccmux/_109_/A2 (AO21x1_ASAP7_75t_R)
                241.67   75.92 4025.26 ^ riscv/dp/srccmux/_109_/Y (AO21x1_ASAP7_75t_R)
     9   35.73                           dataadr[31] (net)
                293.89   58.72 4083.98 ^ dmem/_133_/C (NOR3x2_ASAP7_75t_R)
                133.25  104.94 4188.92 v dmem/_133_/Y (NOR3x2_ASAP7_75t_R)
     3   20.34                           dmem/ce_mem[0] (net)
                134.29    6.71 4195.63 v dmem/_145_/B2 (AO22x1_ASAP7_75t_R)
                 11.52   39.31 4234.94 v dmem/_145_/Y (AO22x1_ASAP7_75t_R)
     1    0.68                           dmem/_006_ (net)
                 11.52    0.01 4234.94 v dmem/_146_/B (AO21x2_ASAP7_75t_R)
                 16.19   22.45 4257.39 v dmem/_146_/Y (AO21x2_ASAP7_75t_R)
     3    3.28                           readdata[0] (net)
                 16.30    0.75 4258.14 v riscv/dp/halfbytemux1/_113_/A (AND2x2_ASAP7_75t_R)
                  7.20   19.43 4277.57 v riscv/dp/halfbytemux1/_113_/Y (AND2x2_ASAP7_75t_R)
     1    0.67                           riscv/dp/halfbytemux1/_003_ (net)
                  7.20    0.00 4277.57 v riscv/dp/halfbytemux1/_114_/B (AO21x1_ASAP7_75t_R)
                  8.68   15.56 4293.13 v riscv/dp/halfbytemux1/_114_/Y (AO21x1_ASAP7_75t_R)
     1    0.75                           riscv/dp/halfbytemux1/_004_ (net)
                  8.68    0.01 4293.15 v riscv/dp/halfbytemux1/_116_/A2 (AO21x1_ASAP7_75t_R)
                  9.19   14.08 4307.22 v riscv/dp/halfbytemux1/_116_/Y (AO21x1_ASAP7_75t_R)
     1    0.57                           riscv/dp/readdata4[0] (net)
                  9.19    0.01 4307.23 v riscv/dp/resmux/_040_/A (AND2x2_ASAP7_75t_R)
                 10.41   16.93 4324.16 v riscv/dp/resmux/_040_/Y (AND2x2_ASAP7_75t_R)
     1    0.75                           riscv/dp/resmux/_038_ (net)
                 10.41    0.02 4324.17 v riscv/dp/resmux/_041_/B (AO21x1_ASAP7_75t_R)
                 14.33   18.72 4342.89 v riscv/dp/resmux/_041_/Y (AO21x1_ASAP7_75t_R)
     1    1.60                           riscv/dp/result[0] (net)
                 14.34    0.20 4343.09 v riscv/dp/storepcmux/_041_/A1 (AO21x1_ASAP7_75t_R)
                167.66   64.59 4407.69 v riscv/dp/storepcmux/_041_/Y (AO21x1_ASAP7_75t_R)
    31   28.84                           riscv/dp/result2[0] (net)
                184.38   27.84 4435.52 v riscv/dp/rf/_11230_/A1 (AO21x1_ASAP7_75t_R)
                 12.92   39.58 4475.11 v riscv/dp/rf/_11230_/Y (AO21x1_ASAP7_75t_R)
     1    0.66                           riscv/dp/rf/_01249_ (net)
                 12.92    0.00 4475.11 v riscv/dp/rf/_13244_/D (DFFLQNx1_ASAP7_75t_R)
                               4475.11   data arrival time

                  0.00 1660.00 1660.00   clock clk' (fall edge)
                          0.00 1660.00   clock network delay (ideal)
                          0.00 1660.00   clock reconvergence pessimism
                               1660.00 v riscv/dp/rf/_13244_/CLK (DFFLQNx1_ASAP7_75t_R)
                        -10.19 1649.81   library setup time
                               1649.81   data required time
-----------------------------------------------------------------------------
                               1649.81   data required time
                               -4475.11   data arrival time
-----------------------------------------------------------------------------
                               -2825.30   slack (VIOLATED)



==========================================================================
resizer pre report_design_area
--------------------------------------------------------------------------
Design area 2285 u^2 21% utilization.


==========================================================================
instance_count
--------------------------------------------------------------------------
12310

==========================================================================
pin_count
--------------------------------------------------------------------------
33011

Perform port buffering...
[INFO RSZ-0027] Inserted 34 input buffers.
[INFO RSZ-0028] Inserted 99 output buffers.
Perform buffer insertion...
[INFO RSZ-0058] Using max wire length 162um.
[INFO RSZ-0034] Found 32 slew violations.
[INFO RSZ-0036] Found 7 capacitance violations.
[INFO RSZ-0037] Found 2 long wires.
[INFO RSZ-0038] Inserted 99 buffers in 33 nets.
[INFO RSZ-0039] Resized 1610 instances.
Repair tie lo fanout...
[INFO RSZ-0042] Inserted 248 tie TIELOx1_ASAP7_75t_R instances.
Repair tie hi fanout...
[INFO RSZ-0042] Inserted 35 tie TIEHIx1_ASAP7_75t_R instances.

==========================================================================
report_floating_nets
--------------------------------------------------------------------------

==========================================================================
resizer check_setup
--------------------------------------------------------------------------

==========================================================================
resizer report_tns
--------------------------------------------------------------------------
tns -0.16

==========================================================================
resizer report_wns
--------------------------------------------------------------------------
wns 0.00

==========================================================================
resizer report_worst_slack
--------------------------------------------------------------------------
worst slack 56.31

==========================================================================
resizer report_checks -path_delay min
--------------------------------------------------------------------------
Startpoint: reset (input port clocked by clk)
Endpoint: riscv/dp/pcreg/_67_ (removal check against rising-edge clock clk)
Path Group: **async_default**
Path Type: min

Fanout     Cap    Slew   Delay    Time   Description
-----------------------------------------------------------------------------
                  0.00    0.00    0.00   clock clk (rise edge)
                          0.00    0.00   clock network delay (ideal)
                        207.50  207.50 v input external delay
                  0.00    0.00  207.50 v reset (in)
     1    2.01                           reset (net)
                  0.47    0.15  207.65 v input33/A (BUFx6f_ASAP7_75t_R)
                 15.74   14.94  222.59 v input33/Y (BUFx6f_ASAP7_75t_R)
     1   13.54                           net33 (net)
                 15.86    0.79  223.38 v riscv/dp/pcreg/_34_/A (CKINVDCx20_ASAP7_75t_R)
                 23.74   13.03  236.41 ^ riscv/dp/pcreg/_34_/Y (CKINVDCx20_ASAP7_75t_R)
    32   42.64                           riscv/dp/pcreg/_32_ (net)
                 23.77    0.66  237.07 ^ riscv/dp/pcreg/_67_/SETN (DFFASRHQNx1_ASAP7_75t_R)
                                237.07   data arrival time

                  0.00    0.00    0.00   clock clk (rise edge)
                          0.00    0.00   clock network delay (ideal)
                          0.00    0.00   clock reconvergence pessimism
                                  0.00 ^ riscv/dp/pcreg/_67_/CLK (DFFASRHQNx1_ASAP7_75t_R)
                         14.23   14.23   library removal time
                                 14.23   data required time
-----------------------------------------------------------------------------
                                 14.23   data required time
                               -237.07   data arrival time
-----------------------------------------------------------------------------
                                222.84   slack (MET)


Startpoint: riscv/dp/rf/_13380_
            (falling edge-triggered flip-flop clocked by clk')
Endpoint: riscv/dp/rf/_13380_ (falling edge-triggered flip-flop clocked by clk')
Path Group: clk
Path Type: min

Fanout     Cap    Slew   Delay    Time   Description
-----------------------------------------------------------------------------
                  0.00    0.00    0.00   clock clk' (fall edge)
                          0.00    0.00   clock network delay (ideal)
                  0.00    0.00    0.00 v riscv/dp/rf/_13380_/CLK (DFFLQNx2_ASAP7_75t_R)
                 15.53   40.11   40.11 v riscv/dp/rf/_13380_/QN (DFFLQNx2_ASAP7_75t_R)
     2    1.37                           riscv/dp/rf/_00663_ (net)
                 15.53    0.01   40.11 v riscv/dp/rf/_09528_/A (INVx1_ASAP7_75t_R)
                 11.71    9.67   49.78 ^ riscv/dp/rf/_09528_/Y (INVx1_ASAP7_75t_R)
     2    1.26                           riscv/dp/rf/_01385_ (net)
                 11.71    0.01   49.79 ^ riscv/dp/rf/_13380_/D (DFFLQNx2_ASAP7_75t_R)
                                 49.79   data arrival time

                  0.00    0.00    0.00   clock clk' (fall edge)
                          0.00    0.00   clock network delay (ideal)
                          0.00    0.00   clock reconvergence pessimism
                                  0.00 v riscv/dp/rf/_13380_/CLK (DFFLQNx2_ASAP7_75t_R)
                          7.75    7.75   library hold time
                                  7.75   data required time
-----------------------------------------------------------------------------
                                  7.75   data required time
                                -49.79   data arrival time
-----------------------------------------------------------------------------
                                 42.03   slack (MET)



==========================================================================
resizer report_checks -path_delay max
--------------------------------------------------------------------------
Startpoint: reset (input port clocked by clk)
Endpoint: riscv/dp/pcreg/_83_ (recovery check against rising-edge clock clk)
Path Group: **async_default**
Path Type: max

Fanout     Cap    Slew   Delay    Time   Description
-----------------------------------------------------------------------------
                  0.00    0.00    0.00   clock clk (rise edge)
                          0.00    0.00   clock network delay (ideal)
                        207.50  207.50 v input external delay
                  0.00    0.00  207.50 v reset (in)
     1    2.01                           reset (net)
                  0.47    0.15  207.65 v input33/A (BUFx6f_ASAP7_75t_R)
                 15.74   14.94  222.59 v input33/Y (BUFx6f_ASAP7_75t_R)
     1   13.54                           net33 (net)
                 15.86    0.79  223.38 v riscv/dp/pcreg/_34_/A (CKINVDCx20_ASAP7_75t_R)
                 23.74   13.03  236.41 ^ riscv/dp/pcreg/_34_/Y (CKINVDCx20_ASAP7_75t_R)
    32   42.64                           riscv/dp/pcreg/_32_ (net)
                 30.82    6.74  243.15 ^ riscv/dp/pcreg/_83_/SETN (DFFASRHQNx1_ASAP7_75t_R)
                                243.15   data arrival time

                  0.00 1660.00 1660.00   clock clk (rise edge)
                          0.00 1660.00   clock network delay (ideal)
                          0.00 1660.00   clock reconvergence pessimism
                               1660.00 ^ riscv/dp/pcreg/_83_/CLK (DFFASRHQNx1_ASAP7_75t_R)
                         -0.49 1659.51   library recovery time
                               1659.51   data required time
-----------------------------------------------------------------------------
                               1659.51   data required time
                               -243.15   data arrival time
-----------------------------------------------------------------------------
                               1416.36   slack (MET)


Startpoint: instr[0] (input port clocked by clk)
Endpoint: riscv/dp/rf/_13244_ (falling edge-triggered flip-flop clocked by clk')
Path Group: clk
Path Type: max

Fanout     Cap    Slew   Delay    Time   Description
-----------------------------------------------------------------------------
                  0.00    0.00    0.00   clock clk (rise edge)
                          0.00    0.00   clock network delay (ideal)
                        207.50  207.50 ^ input external delay
                  0.00    0.00  207.50 ^ instr[0] (in)
     1    1.26                           instr[0] (net)
                  0.26    0.08  207.58 ^ input1/A (BUFx2_ASAP7_75t_R)
                  5.44   10.21  217.79 ^ input1/Y (BUFx2_ASAP7_75t_R)
     1    0.72                           net1 (net)
                  5.44    0.01  217.81 ^ pcmux/_041_/A1 (AO21x2_ASAP7_75t_R)
                 19.53   20.61  238.42 ^ pcmux/_041_/Y (AO21x2_ASAP7_75t_R)
     4    5.01                           instr_out[0] (net)
                 19.55    0.41  238.83 ^ riscv/c/md/_38_/B (NAND2x2_ASAP7_75t_R)
                 13.34   11.37  250.20 v riscv/c/md/_38_/Y (NAND2x2_ASAP7_75t_R)
     2    2.85                           riscv/c/md/_10_ (net)
                 13.34    0.03  250.23 v riscv/c/md/_39_/B (NOR2x2_ASAP7_75t_R)
                 20.62   14.10  264.33 ^ riscv/c/md/_39_/Y (NOR2x2_ASAP7_75t_R)
     6    4.29                           riscv/c/md/_11_ (net)
                 20.62    0.02  264.35 ^ riscv/c/md/_40_/D (AND4x2_ASAP7_75t_R)
                139.82   87.87  352.22 ^ riscv/c/md/_40_/Y (AND4x2_ASAP7_75t_R)
    44   35.97                           riscv/imm[2] (net)
                139.85    1.34  353.56 ^ riscv/dp/rs1mux/_06_/A (INVx1_ASAP7_75t_R)
                 41.42   30.45  384.02 v riscv/dp/rs1mux/_06_/Y (INVx1_ASAP7_75t_R)
     5    3.17                           riscv/dp/rs1mux/_00_ (net)
                 41.42    0.00  384.02 v riscv/dp/rs1mux/_08_/A2 (AO21x2_ASAP7_75t_R)
                 83.82   55.95  439.97 v riscv/dp/rs1mux/_08_/Y (AO21x2_ASAP7_75t_R)
    31   29.04                           riscv/dp/rs1[0] (net)
                 83.82    0.01  439.98 v load_slew197/A (BUFx16f_ASAP7_75t_R)
                 21.96   34.59  474.57 v load_slew197/Y (BUFx16f_ASAP7_75t_R)
    34   31.51                           net197 (net)
                 21.99    0.58  475.14 v load_slew196/A (BUFx16f_ASAP7_75t_R)
                 18.80   19.81  494.95 v load_slew196/Y (BUFx16f_ASAP7_75t_R)
    48   45.28                           net196 (net)
                 83.10   25.43  520.38 v wire195/A (BUFx16f_ASAP7_75t_R)
                 29.76   37.86  558.24 v wire195/Y (BUFx16f_ASAP7_75t_R)
    56   49.53                           net195 (net)
                 33.16    5.22  563.46 v load_slew194/A (BUFx16f_ASAP7_75t_R)
                 20.42   24.76  588.22 v load_slew194/Y (BUFx16f_ASAP7_75t_R)
    36   32.38                           net194 (net)
                 26.83    5.62  593.84 v load_slew193/A (BUFx16f_ASAP7_75t_R)
                 24.91   23.72  617.56 v load_slew193/Y (BUFx16f_ASAP7_75t_R)
    45   42.01                           net193 (net)
                 44.01   12.02  629.58 v load_slew192/A (BUFx16f_ASAP7_75t_R)
                 25.65   27.79  657.36 v load_slew192/Y (BUFx16f_ASAP7_75t_R)
    58   49.07                           net192 (net)
                 54.57   15.23  672.60 v riscv/dp/rf/_08462_/A (AND2x2_ASAP7_75t_R)
                  7.68   30.34  702.94 v riscv/dp/rf/_08462_/Y (AND2x2_ASAP7_75t_R)
     1    0.65                           riscv/dp/rf/_03482_ (net)
                  7.68    0.00  702.94 v riscv/dp/rf/_08463_/B (AO21x1_ASAP7_75t_R)
                  7.56   14.88  717.82 v riscv/dp/rf/_08463_/Y (AO21x1_ASAP7_75t_R)
     1    0.49                           riscv/dp/rf/_03483_ (net)
                  7.56    0.00  717.83 v riscv/dp/rf/_08466_/A2 (AO22x1_ASAP7_75t_R)
                 16.51   21.29  739.12 v riscv/dp/rf/_08466_/Y (AO22x1_ASAP7_75t_R)
     1    1.72                           riscv/dp/rf/_03486_ (net)
                 16.51    0.17  739.29 v riscv/dp/rf/_08467_/B (NAND2x1_ASAP7_75t_R)
                 40.80   13.81  753.10 ^ riscv/dp/rf/_08467_/Y (NAND2x1_ASAP7_75t_R)
     1    1.61                           riscv/dp/rf/_03487_ (net)
                 40.80    0.14  753.24 ^ riscv/dp/rf/_08482_/C (AND5x2_ASAP7_75t_R)
                 19.16   40.97  794.21 ^ riscv/dp/rf/_08482_/Y (AND5x2_ASAP7_75t_R)
     1    2.55                           riscv/dp/rf/_03501_ (net)
                 19.22    0.57  794.78 ^ riscv/dp/rf/_08483_/B (AO21x2_ASAP7_75t_R)
                 65.17   29.94  824.72 ^ riscv/dp/rf/_08483_/Y (AO21x2_ASAP7_75t_R)
     8   17.64                           riscv/dp/srca2[22] (net)
                 77.14   14.48  839.20 ^ riscv/dp/alu/_763_/A (INVx1_ASAP7_75t_R)
                 31.91   24.50  863.71 v riscv/dp/alu/_763_/Y (INVx1_ASAP7_75t_R)
     2    3.10                           riscv/dp/alu/_347_ (net)
                 31.91    0.01  863.71 v riscv/dp/alu/_845_/A (HAxp5_ASAP7_75t_R)
                 74.60   68.29  932.00 v riscv/dp/alu/_845_/SN (HAxp5_ASAP7_75t_R)
     5    3.65                           riscv/dp/alu/_011_ (net)
                 74.60    0.13  932.13 v riscv/dp/alu/_565_/A (OR3x1_ASAP7_75t_R)
                 10.96   36.51  968.64 v riscv/dp/alu/_565_/Y (OR3x1_ASAP7_75t_R)
     1    0.65                           riscv/dp/alu/_169_ (net)
                 10.96    0.00  968.64 v riscv/dp/alu/_567_/A1 (AO21x1_ASAP7_75t_R)
                  7.86   15.45  984.09 v riscv/dp/alu/_567_/Y (AO21x1_ASAP7_75t_R)
     1    0.53                           riscv/dp/alu/_171_ (net)
                  7.86    0.01  984.10 v riscv/dp/alu/_568_/B (OA211x2_ASAP7_75t_R)
                 10.90   26.26 1010.36 v riscv/dp/alu/_568_/Y (OA211x2_ASAP7_75t_R)
     2    1.34                           riscv/dp/alu/_172_ (net)
                 10.90    0.01 1010.38 v riscv/dp/alu/_572_/A2 (OA21x2_ASAP7_75t_R)
                  9.62   19.47 1029.85 v riscv/dp/alu/_572_/Y (OA21x2_ASAP7_75t_R)
     2    1.99                           riscv/dp/alu/_176_ (net)
                  9.62    0.06 1029.91 v riscv/dp/alu/_573_/B (OAI21x1_ASAP7_75t_R)
                 27.24    9.76 1039.66 ^ riscv/dp/alu/_573_/Y (OAI21x1_ASAP7_75t_R)
     2    3.43                           riscv/dp/alu/_177_ (net)
                 27.25    0.27 1039.93 ^ riscv/dp/alu/_726_/A (INVx3_ASAP7_75t_R)
                 11.08    9.10 1049.03 v riscv/dp/alu/_726_/Y (INVx3_ASAP7_75t_R)
     2    2.96                           riscv/dp/alu/_357_ (net)
                 11.08    0.03 1049.07 v riscv/dp/alu/_734_/A1 (OA21x2_ASAP7_75t_R)
                 10.34   19.76 1068.82 v riscv/dp/alu/_734_/Y (OA21x2_ASAP7_75t_R)
     1    2.30                           riscv/dp/alu/_360_ (net)
                 10.34    0.05 1068.88 v riscv/dp/alu/_800_/B (FAx1_ASAP7_75t_R)
                 41.90   25.53 1094.41 ^ riscv/dp/alu/_800_/CON (FAx1_ASAP7_75t_R)
     1    1.79                           riscv/dp/alu/_071_ (net)
                 41.90    0.05 1094.46 ^ riscv/dp/alu/_739_/B (XOR2x1_ASAP7_75t_R)
                 19.90   16.61 1111.07 v riscv/dp/alu/_739_/Y (XOR2x1_ASAP7_75t_R)
     1    1.29                           riscv/dp/alu/_303_ (net)
                 19.90    0.01 1111.08 v riscv/dp/alu/_740_/B2 (OAI22x1_ASAP7_75t_R)
                 23.66   12.84 1123.92 ^ riscv/dp/alu/_740_/Y (OAI22x1_ASAP7_75t_R)
     1    0.55                           riscv/dp/alu/_304_ (net)
                 23.66    0.00 1123.92 ^ riscv/dp/alu/_741_/C (AO221x1_ASAP7_75t_R)
                  9.90   18.40 1142.32 ^ riscv/dp/alu/_741_/Y (AO221x1_ASAP7_75t_R)
     1    0.65                           riscv/dp/aluout2[31] (net)
                  9.90    0.00 1142.32 ^ riscv/dp/srccmux/_109_/A2 (AO21x2_ASAP7_75t_R)
                141.34   37.67 1179.99 ^ riscv/dp/srccmux/_109_/Y (AO21x2_ASAP7_75t_R)
     9   41.08                           net59 (net)
                246.98   70.06 1250.05 ^ dmem/_133_/C (NOR3x2_ASAP7_75t_R)
                123.67   96.19 1346.24 v dmem/_133_/Y (NOR3x2_ASAP7_75t_R)
     3   20.34                           dmem/ce_mem[0] (net)
                124.79    6.71 1352.94 v dmem/_145_/B2 (AO22x1_ASAP7_75t_R)
                 10.64   38.19 1391.13 v dmem/_145_/Y (AO22x1_ASAP7_75t_R)
     1    0.68                           dmem/_006_ (net)
                 10.64    0.01 1391.14 v dmem/_146_/B (AO21x2_ASAP7_75t_R)
                 14.41   22.25 1413.39 v dmem/_146_/Y (AO21x2_ASAP7_75t_R)
     3    3.28                           readdata[0] (net)
                 14.54    0.75 1414.14 v riscv/dp/halfbytemux1/_113_/A (AND2x2_ASAP7_75t_R)
                  7.17   18.77 1432.90 v riscv/dp/halfbytemux1/_113_/Y (AND2x2_ASAP7_75t_R)
     1    0.67                           riscv/dp/halfbytemux1/_003_ (net)
                  7.17    0.00 1432.91 v riscv/dp/halfbytemux1/_114_/B (AO21x1_ASAP7_75t_R)
                  7.57   15.55 1448.46 v riscv/dp/halfbytemux1/_114_/Y (AO21x1_ASAP7_75t_R)
     1    0.75                           riscv/dp/halfbytemux1/_004_ (net)
                  7.57    0.01 1448.47 v riscv/dp/halfbytemux1/_116_/A2 (AO21x1_ASAP7_75t_R)
                  6.78   13.77 1462.24 v riscv/dp/halfbytemux1/_116_/Y (AO21x1_ASAP7_75t_R)
     1    0.57                           riscv/dp/readdata4[0] (net)
                  6.78    0.01 1462.25 v riscv/dp/resmux/_040_/A (AND2x2_ASAP7_75t_R)
                  6.39   16.12 1478.37 v riscv/dp/resmux/_040_/Y (AND2x2_ASAP7_75t_R)
     1    0.75                           riscv/dp/resmux/_038_ (net)
                  6.39    0.02 1478.38 v riscv/dp/resmux/_041_/B (AO21x1_ASAP7_75t_R)
                 13.27   17.83 1496.21 v riscv/dp/resmux/_041_/Y (AO21x1_ASAP7_75t_R)
     1    1.60                           riscv/dp/result[0] (net)
                 13.28    0.20 1496.41 v riscv/dp/storepcmux/_041_/A1 (AO21x2_ASAP7_75t_R)
                 87.85   36.30 1532.71 v riscv/dp/storepcmux/_041_/Y (AO21x2_ASAP7_75t_R)
    31   28.84                           riscv/dp/result2[0] (net)
                117.30   27.94 1560.65 v riscv/dp/rf/_11230_/A1 (AO21x1_ASAP7_75t_R)
                 11.15   32.78 1593.43 v riscv/dp/rf/_11230_/Y (AO21x1_ASAP7_75t_R)
     1    0.66                           riscv/dp/rf/_01249_ (net)
                 11.15    0.00 1593.44 v riscv/dp/rf/_13244_/D (DFFLQNx2_ASAP7_75t_R)
                               1593.44   data arrival time

                  0.00 1660.00 1660.00   clock clk' (fall edge)
                          0.00 1660.00   clock network delay (ideal)
                          0.00 1660.00   clock reconvergence pessimism
                               1660.00 v riscv/dp/rf/_13244_/CLK (DFFLQNx2_ASAP7_75t_R)
                        -10.25 1649.75   library setup time
                               1649.75   data required time
-----------------------------------------------------------------------------
                               1649.75   data required time
                               -1593.44   data arrival time
-----------------------------------------------------------------------------
                                 56.31   slack (MET)



==========================================================================
resizer report_checks -unconstrained
--------------------------------------------------------------------------
Startpoint: reset (input port clocked by clk)
Endpoint: riscv/dp/pcreg/_83_ (recovery check against rising-edge clock clk)
Path Group: **async_default**
Path Type: max

Fanout     Cap    Slew   Delay    Time   Description
-----------------------------------------------------------------------------
                  0.00    0.00    0.00   clock clk (rise edge)
                          0.00    0.00   clock network delay (ideal)
                        207.50  207.50 v input external delay
                  0.00    0.00  207.50 v reset (in)
     1    2.01                           reset (net)
                  0.47    0.15  207.65 v input33/A (BUFx6f_ASAP7_75t_R)
                 15.74   14.94  222.59 v input33/Y (BUFx6f_ASAP7_75t_R)
     1   13.54                           net33 (net)
                 15.86    0.79  223.38 v riscv/dp/pcreg/_34_/A (CKINVDCx20_ASAP7_75t_R)
                 23.74   13.03  236.41 ^ riscv/dp/pcreg/_34_/Y (CKINVDCx20_ASAP7_75t_R)
    32   42.64                           riscv/dp/pcreg/_32_ (net)
                 30.82    6.74  243.15 ^ riscv/dp/pcreg/_83_/SETN (DFFASRHQNx1_ASAP7_75t_R)
                                243.15   data arrival time

                  0.00 1660.00 1660.00   clock clk (rise edge)
                          0.00 1660.00   clock network delay (ideal)
                          0.00 1660.00   clock reconvergence pessimism
                               1660.00 ^ riscv/dp/pcreg/_83_/CLK (DFFASRHQNx1_ASAP7_75t_R)
                         -0.49 1659.51   library recovery time
                               1659.51   data required time
-----------------------------------------------------------------------------
                               1659.51   data required time
                               -243.15   data arrival time
-----------------------------------------------------------------------------
                               1416.36   slack (MET)


Startpoint: instr[0] (input port clocked by clk)
Endpoint: riscv/dp/rf/_13244_ (falling edge-triggered flip-flop clocked by clk')
Path Group: clk
Path Type: max

Fanout     Cap    Slew   Delay    Time   Description
-----------------------------------------------------------------------------
                  0.00    0.00    0.00   clock clk (rise edge)
                          0.00    0.00   clock network delay (ideal)
                        207.50  207.50 ^ input external delay
                  0.00    0.00  207.50 ^ instr[0] (in)
     1    1.26                           instr[0] (net)
                  0.26    0.08  207.58 ^ input1/A (BUFx2_ASAP7_75t_R)
                  5.44   10.21  217.79 ^ input1/Y (BUFx2_ASAP7_75t_R)
     1    0.72                           net1 (net)
                  5.44    0.01  217.81 ^ pcmux/_041_/A1 (AO21x2_ASAP7_75t_R)
                 19.53   20.61  238.42 ^ pcmux/_041_/Y (AO21x2_ASAP7_75t_R)
     4    5.01                           instr_out[0] (net)
                 19.55    0.41  238.83 ^ riscv/c/md/_38_/B (NAND2x2_ASAP7_75t_R)
                 13.34   11.37  250.20 v riscv/c/md/_38_/Y (NAND2x2_ASAP7_75t_R)
     2    2.85                           riscv/c/md/_10_ (net)
                 13.34    0.03  250.23 v riscv/c/md/_39_/B (NOR2x2_ASAP7_75t_R)
                 20.62   14.10  264.33 ^ riscv/c/md/_39_/Y (NOR2x2_ASAP7_75t_R)
     6    4.29                           riscv/c/md/_11_ (net)
                 20.62    0.02  264.35 ^ riscv/c/md/_40_/D (AND4x2_ASAP7_75t_R)
                139.82   87.87  352.22 ^ riscv/c/md/_40_/Y (AND4x2_ASAP7_75t_R)
    44   35.97                           riscv/imm[2] (net)
                139.85    1.34  353.56 ^ riscv/dp/rs1mux/_06_/A (INVx1_ASAP7_75t_R)
                 41.42   30.45  384.02 v riscv/dp/rs1mux/_06_/Y (INVx1_ASAP7_75t_R)
     5    3.17                           riscv/dp/rs1mux/_00_ (net)
                 41.42    0.00  384.02 v riscv/dp/rs1mux/_08_/A2 (AO21x2_ASAP7_75t_R)
                 83.82   55.95  439.97 v riscv/dp/rs1mux/_08_/Y (AO21x2_ASAP7_75t_R)
    31   29.04                           riscv/dp/rs1[0] (net)
                 83.82    0.01  439.98 v load_slew197/A (BUFx16f_ASAP7_75t_R)
                 21.96   34.59  474.57 v load_slew197/Y (BUFx16f_ASAP7_75t_R)
    34   31.51                           net197 (net)
                 21.99    0.58  475.14 v load_slew196/A (BUFx16f_ASAP7_75t_R)
                 18.80   19.81  494.95 v load_slew196/Y (BUFx16f_ASAP7_75t_R)
    48   45.28                           net196 (net)
                 83.10   25.43  520.38 v wire195/A (BUFx16f_ASAP7_75t_R)
                 29.76   37.86  558.24 v wire195/Y (BUFx16f_ASAP7_75t_R)
    56   49.53                           net195 (net)
                 33.16    5.22  563.46 v load_slew194/A (BUFx16f_ASAP7_75t_R)
                 20.42   24.76  588.22 v load_slew194/Y (BUFx16f_ASAP7_75t_R)
    36   32.38                           net194 (net)
                 26.83    5.62  593.84 v load_slew193/A (BUFx16f_ASAP7_75t_R)
                 24.91   23.72  617.56 v load_slew193/Y (BUFx16f_ASAP7_75t_R)
    45   42.01                           net193 (net)
                 44.01   12.02  629.58 v load_slew192/A (BUFx16f_ASAP7_75t_R)
                 25.65   27.79  657.36 v load_slew192/Y (BUFx16f_ASAP7_75t_R)
    58   49.07                           net192 (net)
                 54.57   15.23  672.60 v riscv/dp/rf/_08462_/A (AND2x2_ASAP7_75t_R)
                  7.68   30.34  702.94 v riscv/dp/rf/_08462_/Y (AND2x2_ASAP7_75t_R)
     1    0.65                           riscv/dp/rf/_03482_ (net)
                  7.68    0.00  702.94 v riscv/dp/rf/_08463_/B (AO21x1_ASAP7_75t_R)
                  7.56   14.88  717.82 v riscv/dp/rf/_08463_/Y (AO21x1_ASAP7_75t_R)
     1    0.49                           riscv/dp/rf/_03483_ (net)
                  7.56    0.00  717.83 v riscv/dp/rf/_08466_/A2 (AO22x1_ASAP7_75t_R)
                 16.51   21.29  739.12 v riscv/dp/rf/_08466_/Y (AO22x1_ASAP7_75t_R)
     1    1.72                           riscv/dp/rf/_03486_ (net)
                 16.51    0.17  739.29 v riscv/dp/rf/_08467_/B (NAND2x1_ASAP7_75t_R)
                 40.80   13.81  753.10 ^ riscv/dp/rf/_08467_/Y (NAND2x1_ASAP7_75t_R)
     1    1.61                           riscv/dp/rf/_03487_ (net)
                 40.80    0.14  753.24 ^ riscv/dp/rf/_08482_/C (AND5x2_ASAP7_75t_R)
                 19.16   40.97  794.21 ^ riscv/dp/rf/_08482_/Y (AND5x2_ASAP7_75t_R)
     1    2.55                           riscv/dp/rf/_03501_ (net)
                 19.22    0.57  794.78 ^ riscv/dp/rf/_08483_/B (AO21x2_ASAP7_75t_R)
                 65.17   29.94  824.72 ^ riscv/dp/rf/_08483_/Y (AO21x2_ASAP7_75t_R)
     8   17.64                           riscv/dp/srca2[22] (net)
                 77.14   14.48  839.20 ^ riscv/dp/alu/_763_/A (INVx1_ASAP7_75t_R)
                 31.91   24.50  863.71 v riscv/dp/alu/_763_/Y (INVx1_ASAP7_75t_R)
     2    3.10                           riscv/dp/alu/_347_ (net)
                 31.91    0.01  863.71 v riscv/dp/alu/_845_/A (HAxp5_ASAP7_75t_R)
                 74.60   68.29  932.00 v riscv/dp/alu/_845_/SN (HAxp5_ASAP7_75t_R)
     5    3.65                           riscv/dp/alu/_011_ (net)
                 74.60    0.13  932.13 v riscv/dp/alu/_565_/A (OR3x1_ASAP7_75t_R)
                 10.96   36.51  968.64 v riscv/dp/alu/_565_/Y (OR3x1_ASAP7_75t_R)
     1    0.65                           riscv/dp/alu/_169_ (net)
                 10.96    0.00  968.64 v riscv/dp/alu/_567_/A1 (AO21x1_ASAP7_75t_R)
                  7.86   15.45  984.09 v riscv/dp/alu/_567_/Y (AO21x1_ASAP7_75t_R)
     1    0.53                           riscv/dp/alu/_171_ (net)
                  7.86    0.01  984.10 v riscv/dp/alu/_568_/B (OA211x2_ASAP7_75t_R)
                 10.90   26.26 1010.36 v riscv/dp/alu/_568_/Y (OA211x2_ASAP7_75t_R)
     2    1.34                           riscv/dp/alu/_172_ (net)
                 10.90    0.01 1010.38 v riscv/dp/alu/_572_/A2 (OA21x2_ASAP7_75t_R)
                  9.62   19.47 1029.85 v riscv/dp/alu/_572_/Y (OA21x2_ASAP7_75t_R)
     2    1.99                           riscv/dp/alu/_176_ (net)
                  9.62    0.06 1029.91 v riscv/dp/alu/_573_/B (OAI21x1_ASAP7_75t_R)
                 27.24    9.76 1039.66 ^ riscv/dp/alu/_573_/Y (OAI21x1_ASAP7_75t_R)
     2    3.43                           riscv/dp/alu/_177_ (net)
                 27.25    0.27 1039.93 ^ riscv/dp/alu/_726_/A (INVx3_ASAP7_75t_R)
                 11.08    9.10 1049.03 v riscv/dp/alu/_726_/Y (INVx3_ASAP7_75t_R)
     2    2.96                           riscv/dp/alu/_357_ (net)
                 11.08    0.03 1049.07 v riscv/dp/alu/_734_/A1 (OA21x2_ASAP7_75t_R)
                 10.34   19.76 1068.82 v riscv/dp/alu/_734_/Y (OA21x2_ASAP7_75t_R)
     1    2.30                           riscv/dp/alu/_360_ (net)
                 10.34    0.05 1068.88 v riscv/dp/alu/_800_/B (FAx1_ASAP7_75t_R)
                 41.90   25.53 1094.41 ^ riscv/dp/alu/_800_/CON (FAx1_ASAP7_75t_R)
     1    1.79                           riscv/dp/alu/_071_ (net)
                 41.90    0.05 1094.46 ^ riscv/dp/alu/_739_/B (XOR2x1_ASAP7_75t_R)
                 19.90   16.61 1111.07 v riscv/dp/alu/_739_/Y (XOR2x1_ASAP7_75t_R)
     1    1.29                           riscv/dp/alu/_303_ (net)
                 19.90    0.01 1111.08 v riscv/dp/alu/_740_/B2 (OAI22x1_ASAP7_75t_R)
                 23.66   12.84 1123.92 ^ riscv/dp/alu/_740_/Y (OAI22x1_ASAP7_75t_R)
     1    0.55                           riscv/dp/alu/_304_ (net)
                 23.66    0.00 1123.92 ^ riscv/dp/alu/_741_/C (AO221x1_ASAP7_75t_R)
                  9.90   18.40 1142.32 ^ riscv/dp/alu/_741_/Y (AO221x1_ASAP7_75t_R)
     1    0.65                           riscv/dp/aluout2[31] (net)
                  9.90    0.00 1142.32 ^ riscv/dp/srccmux/_109_/A2 (AO21x2_ASAP7_75t_R)
                141.34   37.67 1179.99 ^ riscv/dp/srccmux/_109_/Y (AO21x2_ASAP7_75t_R)
     9   41.08                           net59 (net)
                246.98   70.06 1250.05 ^ dmem/_133_/C (NOR3x2_ASAP7_75t_R)
                123.67   96.19 1346.24 v dmem/_133_/Y (NOR3x2_ASAP7_75t_R)
     3   20.34                           dmem/ce_mem[0] (net)
                124.79    6.71 1352.94 v dmem/_145_/B2 (AO22x1_ASAP7_75t_R)
                 10.64   38.19 1391.13 v dmem/_145_/Y (AO22x1_ASAP7_75t_R)
     1    0.68                           dmem/_006_ (net)
                 10.64    0.01 1391.14 v dmem/_146_/B (AO21x2_ASAP7_75t_R)
                 14.41   22.25 1413.39 v dmem/_146_/Y (AO21x2_ASAP7_75t_R)
     3    3.28                           readdata[0] (net)
                 14.54    0.75 1414.14 v riscv/dp/halfbytemux1/_113_/A (AND2x2_ASAP7_75t_R)
                  7.17   18.77 1432.90 v riscv/dp/halfbytemux1/_113_/Y (AND2x2_ASAP7_75t_R)
     1    0.67                           riscv/dp/halfbytemux1/_003_ (net)
                  7.17    0.00 1432.91 v riscv/dp/halfbytemux1/_114_/B (AO21x1_ASAP7_75t_R)
                  7.57   15.55 1448.46 v riscv/dp/halfbytemux1/_114_/Y (AO21x1_ASAP7_75t_R)
     1    0.75                           riscv/dp/halfbytemux1/_004_ (net)
                  7.57    0.01 1448.47 v riscv/dp/halfbytemux1/_116_/A2 (AO21x1_ASAP7_75t_R)
                  6.78   13.77 1462.24 v riscv/dp/halfbytemux1/_116_/Y (AO21x1_ASAP7_75t_R)
     1    0.57                           riscv/dp/readdata4[0] (net)
                  6.78    0.01 1462.25 v riscv/dp/resmux/_040_/A (AND2x2_ASAP7_75t_R)
                  6.39   16.12 1478.37 v riscv/dp/resmux/_040_/Y (AND2x2_ASAP7_75t_R)
     1    0.75                           riscv/dp/resmux/_038_ (net)
                  6.39    0.02 1478.38 v riscv/dp/resmux/_041_/B (AO21x1_ASAP7_75t_R)
                 13.27   17.83 1496.21 v riscv/dp/resmux/_041_/Y (AO21x1_ASAP7_75t_R)
     1    1.60                           riscv/dp/result[0] (net)
                 13.28    0.20 1496.41 v riscv/dp/storepcmux/_041_/A1 (AO21x2_ASAP7_75t_R)
                 87.85   36.30 1532.71 v riscv/dp/storepcmux/_041_/Y (AO21x2_ASAP7_75t_R)
    31   28.84                           riscv/dp/result2[0] (net)
                117.30   27.94 1560.65 v riscv/dp/rf/_11230_/A1 (AO21x1_ASAP7_75t_R)
                 11.15   32.78 1593.43 v riscv/dp/rf/_11230_/Y (AO21x1_ASAP7_75t_R)
     1    0.66                           riscv/dp/rf/_01249_ (net)
                 11.15    0.00 1593.44 v riscv/dp/rf/_13244_/D (DFFLQNx2_ASAP7_75t_R)
                               1593.44   data arrival time

                  0.00 1660.00 1660.00   clock clk' (fall edge)
                          0.00 1660.00   clock network delay (ideal)
                          0.00 1660.00   clock reconvergence pessimism
                               1660.00 v riscv/dp/rf/_13244_/CLK (DFFLQNx2_ASAP7_75t_R)
                        -10.25 1649.75   library setup time
                               1649.75   data required time
-----------------------------------------------------------------------------
                               1649.75   data required time
                               -1593.44   data arrival time
-----------------------------------------------------------------------------
                                 56.31   slack (MET)



==========================================================================
resizer report_check_types -max_slew -max_cap -max_fanout -violators
--------------------------------------------------------------------------

==========================================================================
resizer max_slew_check_slack
--------------------------------------------------------------------------
14.11523723602295

==========================================================================
resizer max_slew_check_limit
--------------------------------------------------------------------------
320.0

==========================================================================
resizer max_slew_check_slack_limit
--------------------------------------------------------------------------
0.0441

==========================================================================
resizer max_fanout_check_slack
--------------------------------------------------------------------------
1.0000000150474662e+30

==========================================================================
resizer max_fanout_check_limit
--------------------------------------------------------------------------
1.0000000150474662e+30

==========================================================================
resizer max_capacitance_check_slack
--------------------------------------------------------------------------
9.148504257202148

==========================================================================
resizer max_capacitance_check_limit
--------------------------------------------------------------------------
92.16000366210938

==========================================================================
resizer max_capacitance_check_slack_limit
--------------------------------------------------------------------------
0.0993

==========================================================================
resizer max_slew_violation_count
--------------------------------------------------------------------------
max slew violation count 0

==========================================================================
resizer max_fanout_violation_count
--------------------------------------------------------------------------
max fanout violation count 0

==========================================================================
resizer max_cap_violation_count
--------------------------------------------------------------------------
max cap violation count 0

==========================================================================
resizer setup_violation_count
--------------------------------------------------------------------------
setup violation count 0

==========================================================================
resizer hold_violation_count
--------------------------------------------------------------------------
hold violation count 0

==========================================================================
resizer critical path delay
--------------------------------------------------------------------------
1593.4365

==========================================================================
resizer critical path slack
--------------------------------------------------------------------------
56.3106

==========================================================================
resizer slack div critical path delay
--------------------------------------------------------------------------
3.533909

==========================================================================
resizer report_design_area
--------------------------------------------------------------------------
Design area 2374 u^2 22% utilization.


==========================================================================
instance_count
--------------------------------------------------------------------------
12815

==========================================================================
pin_count
--------------------------------------------------------------------------
33748

Elapsed time: 0:07.93[h:]min:sec. CPU time: user 7.81 sys 0.11 (99%). Peak memory: 256128KB.
