OpenROAD v2.0-6566-g970f89da6 
This program is licensed under the BSD-3 license. See the LICENSE file for details.
Components of this program may be licensed under more restrictive licenses which must be honored.
[WARNING STA-0164] ./platforms/asap7/lib/asap7sc7p5t_SIMPLE_RVT_FF_nldm_211120.lib.gz line 13178, timing group from output port.
[WARNING STA-0164] ./platforms/asap7/lib/asap7sc7p5t_SIMPLE_RVT_FF_nldm_211120.lib.gz line 13211, timing group from output port.
[WARNING STA-0164] ./platforms/asap7/lib/asap7sc7p5t_SIMPLE_RVT_FF_nldm_211120.lib.gz line 13244, timing group from output port.
[WARNING STA-0164] ./platforms/asap7/lib/asap7sc7p5t_SIMPLE_RVT_FF_nldm_211120.lib.gz line 13277, timing group from output port.
[WARNING STA-0164] ./platforms/asap7/lib/asap7sc7p5t_SIMPLE_RVT_FF_nldm_211120.lib.gz line 13310, timing group from output port.
[WARNING STA-0164] ./platforms/asap7/lib/asap7sc7p5t_SIMPLE_RVT_FF_nldm_211120.lib.gz line 13343, timing group from output port.
[WARNING STA-0164] ./platforms/asap7/lib/asap7sc7p5t_SIMPLE_RVT_FF_nldm_211120.lib.gz line 13376, timing group from output port.
[WARNING STA-0164] ./platforms/asap7/lib/asap7sc7p5t_SIMPLE_RVT_FF_nldm_211120.lib.gz line 14772, timing group from output port.
[WARNING STA-0164] ./platforms/asap7/lib/asap7sc7p5t_SIMPLE_RVT_FF_nldm_211120.lib.gz line 14805, timing group from output port.
[WARNING STA-0164] ./platforms/asap7/lib/asap7sc7p5t_SIMPLE_RVT_FF_nldm_211120.lib.gz line 14838, timing group from output port.
[INFO] Deleted 0 routing obstructions
[INFO RCX-0431] Defined process_corner X with ext_model_index 0
[INFO RCX-0029] Defined extraction corner X
[INFO RCX-0008] extracting parasitics of riscv_top ...
[INFO RCX-0435] Reading extraction model file ./platforms/asap7/rcx_patterns.rules ...
[INFO RCX-0436] RC segment generation riscv_top (max_merge_res 50.0) ...
[INFO RCX-0040] Final 75730 rc segments
[INFO RCX-0439] Coupling Cap extraction riscv_top ...
[INFO RCX-0440] Coupling threshhold is 0.1000 fF, coupling capacitance less than 0.1000 fF will be grounded.
[INFO RCX-0043] 83582 wires to be extracted
[INFO RCX-0442] 45% completion -- 38269 wires have been extracted
[INFO RCX-0442] 55% completion -- 46124 wires have been extracted
[INFO RCX-0442] 67% completion -- 56209 wires have been extracted
[INFO RCX-0442] 79% completion -- 66792 wires have been extracted
[INFO RCX-0442] 100% completion -- 83582 wires have been extracted
[INFO RCX-0045] Extract 11060 nets, 86632 rsegs, 86632 caps, 105372 ccs
[INFO RCX-0015] Finished extracting riscv_top.
[INFO RCX-0016] Writing SPEF ...
[INFO RCX-0443] 11060 nets finished
[INFO RCX-0017] Finished writing SPEF ...
[WARNING PSM-0016] Voltage pad location (VSRC) file not specified, defaulting pad location to checkerboard pattern on core area.
[WARNING PSM-0017] X direction bump pitch is not specified, defaulting to 140um.
[WARNING PSM-0018] Y direction bump pitch is not specified, defaulting to 140um.
[WARNING PSM-0063] Specified bump pitches of 140.000 and 140.000 are less than core width of 104.976 or core height of 104.760. Changing bump location to the center of the die at (57.510, 57.510).
[WARNING PSM-0065] VSRC location not specified, using default checkerboard pattern with one VDD every size bumps in x-direction and one in two bumps in the y-direction
[INFO PSM-0076] Setting metal node density to be standard cell height times 5.
[INFO PSM-0031] Number of PDN nodes on net VDD = 55208.
[WARNING PSM-0074] No nodes found in macro or pad bounding box for Instance dmem/dmem0 for the pin layer at routing level 4. Using layer 5.
[WARNING PSM-0074] No nodes found in macro or pad bounding box for Instance dmem/dmem1 for the pin layer at routing level 4. Using layer 5.
[WARNING PSM-0074] No nodes found in macro or pad bounding box for Instance dmem/dmem2 for the pin layer at routing level 4. Using layer 5.
[WARNING PSM-0074] No nodes found in macro or pad bounding box for Instance dmem/dmem3 for the pin layer at routing level 4. Using layer 5.
[INFO PSM-0064] Number of voltage sources = 1.
[INFO PSM-0040] All PDN stripes on net VDD are connected.
########## IR report #################
Worstcase voltage: 6.66e-01 V
Average IR drop  : 8.79e-02 V
Worstcase IR drop: 1.04e-01 V
######################################
[WARNING PSM-0016] Voltage pad location (VSRC) file not specified, defaulting pad location to checkerboard pattern on core area.
[WARNING PSM-0017] X direction bump pitch is not specified, defaulting to 140um.
[WARNING PSM-0018] Y direction bump pitch is not specified, defaulting to 140um.
[WARNING PSM-0063] Specified bump pitches of 140.000 and 140.000 are less than core width of 104.976 or core height of 104.760. Changing bump location to the center of the die at (57.510, 57.510).
[WARNING PSM-0065] VSRC location not specified, using default checkerboard pattern with one VDD every size bumps in x-direction and one in two bumps in the y-direction
[INFO PSM-0076] Setting metal node density to be standard cell height times 5.
[INFO PSM-0031] Number of PDN nodes on net VSS = 55569.
[WARNING PSM-0074] No nodes found in macro or pad bounding box for Instance dmem/dmem0 for the pin layer at routing level 4. Using layer 5.
[WARNING PSM-0074] No nodes found in macro or pad bounding box for Instance dmem/dmem1 for the pin layer at routing level 4. Using layer 5.
[WARNING PSM-0074] No nodes found in macro or pad bounding box for Instance dmem/dmem2 for the pin layer at routing level 4. Using layer 5.
[WARNING PSM-0074] No nodes found in macro or pad bounding box for Instance dmem/dmem3 for the pin layer at routing level 4. Using layer 5.
[INFO PSM-0064] Number of voltage sources = 1.
[INFO PSM-0040] All PDN stripes on net VSS are connected.
########## IR report #################
Worstcase voltage: 1.04e-01 V
Average IR drop  : 8.80e-02 V
Worstcase IR drop: 1.04e-01 V
######################################

==========================================================================
finish check_setup
--------------------------------------------------------------------------

==========================================================================
finish report_tns
--------------------------------------------------------------------------
tns 0.00

==========================================================================
finish report_wns
--------------------------------------------------------------------------
wns 0.00

==========================================================================
finish report_worst_slack
--------------------------------------------------------------------------
worst slack 63.39

==========================================================================
finish report_clock_skew
--------------------------------------------------------------------------
Clock clk
Latency      CRPR       Skew
riscv/dp/rf/_13972_/CLK v
 111.73
dmem/dmem2/clk ^
 201.62     -0.34     -90.22


==========================================================================
finish report_checks -path_delay min
--------------------------------------------------------------------------
Startpoint: reset (input port clocked by clk)
Endpoint: riscv/dp/pcreg/_96_ (removal check against rising-edge clock clk)
Path Group: **async_default**
Path Type: min

Fanout     Cap    Slew   Delay    Time   Description
-----------------------------------------------------------------------------
                          0.00    0.00   clock clk (rise edge)
                          0.00    0.00   clock network delay (propagated)
                        207.50  207.50 v input external delay
                  0.00    0.00  207.50 v reset (in)
     1    1.69                           reset (net)
                  0.81    0.26  207.76 v input33/A (BUFx6f_ASAP7_75t_R)
                 11.89   12.84  220.59 v input33/Y (BUFx6f_ASAP7_75t_R)
     1    8.86                           net33 (net)
                 12.16    0.99  221.58 v riscv/dp/pcreg/_34_/A (CKINVDCx20_ASAP7_75t_R)
                 19.36    9.70  231.28 ^ riscv/dp/pcreg/_34_/Y (CKINVDCx20_ASAP7_75t_R)
    32   36.10                           riscv/dp/pcreg/_32_ (net)
                 33.31    8.88  240.16 ^ riscv/dp/pcreg/_96_/SETN (DFFASRHQNx1_ASAP7_75t_R)
                                240.16   data arrival time

                          0.00    0.00   clock clk (rise edge)
                          0.00    0.00   clock source latency
                  0.00    0.00    0.00 ^ clk (in)
     1    7.69                           clk (net)
                 16.51    5.21    5.21 ^ clkbuf_0_clk/A (BUFx4_ASAP7_75t_R)
                 26.39   26.80   32.01 ^ clkbuf_0_clk/Y (BUFx4_ASAP7_75t_R)
     4   12.99                           clknet_0_clk (net)
                 28.22    3.70   35.71 ^ clkbuf_2_2__f_clk/A (BUFx4_ASAP7_75t_R)
                 34.61   31.15   66.86 ^ clkbuf_2_2__f_clk/Y (BUFx4_ASAP7_75t_R)
     9   18.34                           clknet_2_2__leaf_clk (net)
                 52.41   13.28   80.14 ^ clkbuf_leaf_17_clk/A (BUFx4_ASAP7_75t_R)
                 46.67   42.65  122.79 ^ clkbuf_leaf_17_clk/Y (BUFx4_ASAP7_75t_R)
    30   29.20                           clknet_leaf_17_clk (net)
                 53.03    9.03  131.81 ^ riscv/dp/pcreg/_96_/CLK (DFFASRHQNx1_ASAP7_75t_R)
                          0.00  131.81   clock reconvergence pessimism
                         25.04  156.85   library removal time
                                156.85   data required time
-----------------------------------------------------------------------------
                                156.85   data required time
                               -240.16   data arrival time
-----------------------------------------------------------------------------
                                 83.31   slack (MET)


Startpoint: riscv/dp/rf/_13383_
            (falling edge-triggered flip-flop clocked by clk')
Endpoint: riscv/dp/rf/_13383_ (falling edge-triggered flip-flop clocked by clk')
Path Group: clk
Path Type: min

Fanout     Cap    Slew   Delay    Time   Description
-----------------------------------------------------------------------------
                          0.00    0.00   clock clk' (fall edge)
                          0.00    0.00   clock source latency
                  0.00    0.00    0.00 ^ clk (in)
     1    7.55                           clk (net)
                 15.97    5.04    5.04 ^ clkbuf_0_clk/A (BUFx4_ASAP7_75t_R)
                 26.38   26.63   31.67 ^ clkbuf_0_clk/Y (BUFx4_ASAP7_75t_R)
     4   12.44                           clknet_0_clk (net)
                 33.16    6.93   38.60 ^ clkbuf_2_1__f_clk/A (BUFx4_ASAP7_75t_R)
                 40.31   38.21   76.82 ^ clkbuf_2_1__f_clk/Y (BUFx4_ASAP7_75t_R)
    12   21.14                           clknet_2_1__leaf_clk (net)
                 40.62    2.06   78.87 ^ clkbuf_leaf_20_clk/A (BUFx4_ASAP7_75t_R)
                 38.68   39.77  118.65 ^ clkbuf_leaf_20_clk/Y (BUFx4_ASAP7_75t_R)
    30   20.24                           clknet_leaf_20_clk (net)
                 39.38    2.91  121.55 ^ _643_661/A (INVx1_ASAP7_75t_R)
                 10.09    8.01  129.56 v _643_661/Y (INVx1_ASAP7_75t_R)
     1    0.47                           net1176 (net)
                 10.09    0.04  129.60 v riscv/dp/rf/_13383_/CLK (DFFLQNx2_ASAP7_75t_R)
                 15.65   43.53  173.13 v riscv/dp/rf/_13383_/QN (DFFLQNx2_ASAP7_75t_R)
     3    1.39                           riscv/dp/rf/_00660_ (net)
                 15.65    0.07  173.20 v riscv/dp/rf/_11547_/A (INVx1_ASAP7_75t_R)
                  8.89    7.78  180.98 ^ riscv/dp/rf/_11547_/Y (INVx1_ASAP7_75t_R)
     1    0.72                           riscv/dp/rf/_01388_ (net)
                  8.89    0.06  181.04 ^ riscv/dp/rf/_13383_/D (DFFLQNx2_ASAP7_75t_R)
                                181.04   data arrival time

                          0.00    0.00   clock clk' (fall edge)
                          0.00    0.00   clock source latency
                  0.00    0.00    0.00 ^ clk (in)
     1    7.69                           clk (net)
                 16.51    5.21    5.21 ^ clkbuf_0_clk/A (BUFx4_ASAP7_75t_R)
                 26.39   26.80   32.01 ^ clkbuf_0_clk/Y (BUFx4_ASAP7_75t_R)
     4   12.99                           clknet_0_clk (net)
                 33.16    6.93   38.94 ^ clkbuf_2_1__f_clk/A (BUFx4_ASAP7_75t_R)
                 40.31   38.22   77.15 ^ clkbuf_2_1__f_clk/Y (BUFx4_ASAP7_75t_R)
    12   22.80                           clknet_2_1__leaf_clk (net)
                 40.62    2.06   79.21 ^ clkbuf_leaf_20_clk/A (BUFx4_ASAP7_75t_R)
                 38.68   39.77  118.98 ^ clkbuf_leaf_20_clk/Y (BUFx4_ASAP7_75t_R)
    30   25.34                           clknet_leaf_20_clk (net)
                 39.38    2.91  121.89 ^ _643_661/A (INVx1_ASAP7_75t_R)
                 10.09    8.01  129.90 v _643_661/Y (INVx1_ASAP7_75t_R)
     1    0.59                           net1176 (net)
                 10.09    0.04  129.94 v riscv/dp/rf/_13383_/CLK (DFFLQNx2_ASAP7_75t_R)
                         -0.34  129.60   clock reconvergence pessimism
                         10.89  140.49   library hold time
                                140.49   data required time
-----------------------------------------------------------------------------
                                140.49   data required time
                               -181.04   data arrival time
-----------------------------------------------------------------------------
                                 40.54   slack (MET)



==========================================================================
finish report_checks -path_delay max
--------------------------------------------------------------------------
Startpoint: reset (input port clocked by clk)
Endpoint: riscv/dp/pcreg/_89_ (recovery check against rising-edge clock clk)
Path Group: **async_default**
Path Type: max

Fanout     Cap    Slew   Delay    Time   Description
-----------------------------------------------------------------------------
                          0.00    0.00   clock clk (rise edge)
                          0.00    0.00   clock network delay (propagated)
                        207.50  207.50 v input external delay
                  0.00    0.00  207.50 v reset (in)
     1    1.98                           reset (net)
                  0.98    0.31  207.81 v input33/A (BUFx6f_ASAP7_75t_R)
                 11.89   12.89  220.70 v input33/Y (BUFx6f_ASAP7_75t_R)
     1   13.42                           net33 (net)
                 12.16    0.99  221.69 v riscv/dp/pcreg/_34_/A (CKINVDCx20_ASAP7_75t_R)
                 19.36    9.70  231.39 ^ riscv/dp/pcreg/_34_/Y (CKINVDCx20_ASAP7_75t_R)
    32   44.20                           riscv/dp/pcreg/_32_ (net)
                 36.60   10.30  241.69 ^ riscv/dp/pcreg/_89_/SETN (DFFASRHQNx1_ASAP7_75t_R)
                                241.69   data arrival time

                       1660.00 1660.00   clock clk (rise edge)
                          0.00 1660.00   clock source latency
                  0.00    0.00 1660.00 ^ clk (in)
     1    7.55                           clk (net)
                 15.97    5.04 1665.04 ^ clkbuf_0_clk/A (BUFx4_ASAP7_75t_R)
                 26.38   26.63 1691.67 ^ clkbuf_0_clk/Y (BUFx4_ASAP7_75t_R)
     4   12.44                           clknet_0_clk (net)
                 28.22    3.70 1695.37 ^ clkbuf_2_2__f_clk/A (BUFx4_ASAP7_75t_R)
                 34.61   31.15 1726.52 ^ clkbuf_2_2__f_clk/Y (BUFx4_ASAP7_75t_R)
     9   17.10                           clknet_2_2__leaf_clk (net)
                 36.87    4.68 1731.20 ^ clkbuf_leaf_18_clk/A (BUFx4_ASAP7_75t_R)
                 38.97   39.45 1770.65 ^ clkbuf_leaf_18_clk/Y (BUFx4_ASAP7_75t_R)
    30   20.70                           clknet_leaf_18_clk (net)
                 39.10    1.29 1771.94 ^ riscv/dp/pcreg/_89_/CLK (DFFASRHQNx1_ASAP7_75t_R)
                          0.00 1771.94   clock reconvergence pessimism
                          9.71 1781.65   library recovery time
                               1781.65   data required time
-----------------------------------------------------------------------------
                               1781.65   data required time
                               -241.69   data arrival time
-----------------------------------------------------------------------------
                               1539.96   slack (MET)


Startpoint: riscv/dp/pcreg/_67_ (rising edge-triggered flip-flop clocked by clk)
Endpoint: riscv/dp/rf/_13532_ (falling edge-triggered flip-flop clocked by clk')
Path Group: clk
Path Type: max

Fanout     Cap    Slew   Delay    Time   Description
-----------------------------------------------------------------------------
                          0.00    0.00   clock clk (rise edge)
                          0.00    0.00   clock source latency
                  0.00    0.00    0.00 ^ clk (in)
     1    7.69                           clk (net)
                 16.51    5.21    5.21 ^ clkbuf_0_clk/A (BUFx4_ASAP7_75t_R)
                 26.39   26.80   32.01 ^ clkbuf_0_clk/Y (BUFx4_ASAP7_75t_R)
     4   12.99                           clknet_0_clk (net)
                 33.16    6.93   38.94 ^ clkbuf_2_1__f_clk/A (BUFx4_ASAP7_75t_R)
                 40.31   38.22   77.15 ^ clkbuf_2_1__f_clk/Y (BUFx4_ASAP7_75t_R)
    12   22.80                           clknet_2_1__leaf_clk (net)
                 41.31    3.51   80.67 ^ clkbuf_leaf_23_clk/A (BUFx4_ASAP7_75t_R)
                 39.27   39.71  120.38 ^ clkbuf_leaf_23_clk/Y (BUFx4_ASAP7_75t_R)
    30   25.33                           clknet_leaf_23_clk (net)
                 40.07    3.13  123.51 ^ riscv/dp/pcreg/_67_/CLK (DFFASRHQNx1_ASAP7_75t_R)
                 18.72   48.84  172.34 ^ riscv/dp/pcreg/_67_/QN (DFFASRHQNx1_ASAP7_75t_R)
     1    1.99                           riscv/dp/pcreg/_31_ (net)
                 18.72    0.11  172.46 ^ riscv/dp/pcreg/_66_/A (INVx3_ASAP7_75t_R)
                  9.86    7.98  180.44 v riscv/dp/pcreg/_66_/Y (INVx3_ASAP7_75t_R)
     4    3.49                           net68 (net)
                  9.92    0.42  180.86 v boot/_14_/D (OR4x1_ASAP7_75t_R)
                 10.16   30.55  211.41 v boot/_14_/Y (OR4x1_ASAP7_75t_R)
     1    0.64                           boot/_01_ (net)
                 10.16    0.03  211.43 v boot/_15_/E (OR5x1_ASAP7_75t_R)
                 13.98   39.61  251.04 v boot/_15_/Y (OR5x1_ASAP7_75t_R)
     1    1.15                           boot/_02_ (net)
                 13.98    0.07  251.11 v boot/_18_/A (NOR2x1_ASAP7_75t_R)
                 16.85   13.57  264.68 ^ boot/_18_/Y (NOR2x1_ASAP7_75t_R)
     3    2.49                           boot/_05_ (net)
                 16.86    0.23  264.92 ^ boot/_26_/A (AND4x2_ASAP7_75t_R)
                 19.92   34.67  299.58 ^ boot/_26_/Y (AND4x2_ASAP7_75t_R)
     6    4.40                           instr_int[9] (net)
                 19.94    0.36  299.95 ^ pcmux/_040_/A (AND2x2_ASAP7_75t_R)
                  6.94   18.25  318.20 ^ pcmux/_040_/Y (AND2x2_ASAP7_75t_R)
     1    0.70                           pcmux/_038_ (net)
                  6.94    0.04  318.24 ^ pcmux/_041_/B (AO21x2_ASAP7_75t_R)
                 16.85   15.96  334.20 ^ pcmux/_041_/Y (AO21x2_ASAP7_75t_R)
     4    5.67                           instr_out[0] (net)
                 16.91    0.59  334.79 ^ riscv/c/md/_38_/B (NAND2x2_ASAP7_75t_R)
                 10.24    8.91  343.70 v riscv/c/md/_38_/Y (NAND2x2_ASAP7_75t_R)
     2    2.91                           riscv/c/md/_10_ (net)
                 10.25    0.14  343.84 v riscv/c/md/_39_/B (NOR2x2_ASAP7_75t_R)
                 18.03   11.89  355.73 ^ riscv/c/md/_39_/Y (NOR2x2_ASAP7_75t_R)
     6    4.67                           riscv/c/md/_11_ (net)
                 18.04    0.29  356.03 ^ riscv/c/md/_40_/D (AND4x2_ASAP7_75t_R)
                124.23   74.95  430.98 ^ riscv/c/md/_40_/Y (AND4x2_ASAP7_75t_R)
    44   38.35                           riscv/imm[2] (net)
                124.39    2.86  433.84 ^ riscv/dp/rs1mux/_06_/A (INVx1_ASAP7_75t_R)
                 36.94   26.64  460.48 v riscv/dp/rs1mux/_06_/Y (INVx1_ASAP7_75t_R)
     5    3.61                           riscv/dp/rs1mux/_00_ (net)
                 36.94    0.26  460.74 v riscv/dp/rs1mux/_10_/A1 (AO21x2_ASAP7_75t_R)
                 91.36   56.91  517.65 v riscv/dp/rs1mux/_10_/Y (AO21x2_ASAP7_75t_R)
    31   37.83                           riscv/dp/rs1[1] (net)
                 97.23   12.37  530.01 v load_slew180/A (BUFx16f_ASAP7_75t_R)
                 20.43   35.04  565.06 v load_slew180/Y (BUFx16f_ASAP7_75t_R)
    55   54.03                           net180 (net)
                 96.64   29.99  595.04 v load_slew179/A (BUFx16f_ASAP7_75t_R)
                 13.81   34.57  629.61 v load_slew179/Y (BUFx16f_ASAP7_75t_R)
    38   49.04                           net179 (net)
                109.74   34.53  664.14 v riscv/dp/rf/_07034_/A (CKINVDCx20_ASAP7_75t_R)
                 43.62   20.95  685.09 ^ riscv/dp/rf/_07034_/Y (CKINVDCx20_ASAP7_75t_R)
    52   50.17                           riscv/dp/rf/_02093_ (net)
                107.93   30.64  715.73 ^ wire170/A (BUFx16f_ASAP7_75t_R)
                 13.34   30.92  746.65 ^ wire170/Y (BUFx16f_ASAP7_75t_R)
    43   50.94                           net170 (net)
                175.24   55.18  801.83 ^ max_length169/A (BUFx16f_ASAP7_75t_R)
                 15.34   35.92  837.74 ^ max_length169/Y (BUFx16f_ASAP7_75t_R)
    39   34.63                           net169 (net)
                106.67   33.48  871.22 ^ riscv/dp/rf/_08477_/C (OA211x2_ASAP7_75t_R)
                 10.44   26.65  897.88 ^ riscv/dp/rf/_08477_/Y (OA211x2_ASAP7_75t_R)
     1    0.74                           riscv/dp/rf/_03496_ (net)
                 10.44    0.05  897.93 ^ riscv/dp/rf/_08481_/B (OR3x1_ASAP7_75t_R)
                 15.16   16.05  913.98 ^ riscv/dp/rf/_08481_/Y (OR3x1_ASAP7_75t_R)
     1    1.74                           riscv/dp/rf/_03500_ (net)
                 15.17    0.24  914.22 ^ riscv/dp/rf/_08482_/E (AND5x2_ASAP7_75t_R)
                 20.22   38.30  952.52 ^ riscv/dp/rf/_08482_/Y (AND5x2_ASAP7_75t_R)
     1    3.03                           riscv/dp/rf/_03501_ (net)
                 20.41    0.90  953.42 ^ riscv/dp/rf/_08483_/B (AO21x2_ASAP7_75t_R)
                 58.96   24.21  977.62 ^ riscv/dp/rf/_08483_/Y (AO21x2_ASAP7_75t_R)
     8   17.91                           riscv/dp/srca2[22] (net)
                 83.33   20.93  998.55 ^ riscv/dp/alu/_763_/A (INVx1_ASAP7_75t_R)
                 31.30   23.70 1022.25 v riscv/dp/alu/_763_/Y (INVx1_ASAP7_75t_R)
     2    3.15                           riscv/dp/alu/_347_ (net)
                 31.30    0.18 1022.43 v riscv/dp/alu/_845_/A (HAxp5_ASAP7_75t_R)
                 66.42   62.18 1084.61 v riscv/dp/alu/_845_/SN (HAxp5_ASAP7_75t_R)
     5    4.05                           riscv/dp/alu/_011_ (net)
                 66.43    0.46 1085.07 v riscv/dp/alu/_565_/A (OR3x1_ASAP7_75t_R)
                  9.93   34.40 1119.48 v riscv/dp/alu/_565_/Y (OR3x1_ASAP7_75t_R)
     1    0.65                           riscv/dp/alu/_169_ (net)
                  9.93    0.02 1119.50 v riscv/dp/alu/_567_/A1 (AO21x1_ASAP7_75t_R)
                  7.18   14.79 1134.29 v riscv/dp/alu/_567_/Y (AO21x1_ASAP7_75t_R)
     1    0.49                           riscv/dp/alu/_171_ (net)
                  7.18    0.03 1134.32 v riscv/dp/alu/_568_/B (OA211x2_ASAP7_75t_R)
                 10.08   25.35 1159.67 v riscv/dp/alu/_568_/Y (OA211x2_ASAP7_75t_R)
     2    1.38                           riscv/dp/alu/_172_ (net)
                 10.08    0.07 1159.74 v riscv/dp/alu/_572_/A2 (OA21x2_ASAP7_75t_R)
                  8.32   18.37 1178.11 v riscv/dp/alu/_572_/Y (OA21x2_ASAP7_75t_R)
     2    2.10                           riscv/dp/alu/_176_ (net)
                  8.33    0.15 1178.26 v riscv/dp/alu/_573_/B (OAI21x1_ASAP7_75t_R)
                 22.75    8.17 1186.43 ^ riscv/dp/alu/_573_/Y (OAI21x1_ASAP7_75t_R)
     2    3.34                           riscv/dp/alu/_177_ (net)
                 22.78    0.40 1186.83 ^ riscv/dp/alu/_726_/A (INVx3_ASAP7_75t_R)
                  9.85    7.98 1194.80 v riscv/dp/alu/_726_/Y (INVx3_ASAP7_75t_R)
     2    3.09                           riscv/dp/alu/_357_ (net)
                  9.87    0.25 1195.05 v riscv/dp/alu/_734_/A1 (OA21x2_ASAP7_75t_R)
                  9.36   18.77 1213.82 v riscv/dp/alu/_734_/Y (OA21x2_ASAP7_75t_R)
     1    2.28                           riscv/dp/alu/_360_ (net)
                  9.36    0.14 1213.95 v riscv/dp/alu/_800_/B (FAx1_ASAP7_75t_R)
                 37.36   23.04 1237.00 ^ riscv/dp/alu/_800_/CON (FAx1_ASAP7_75t_R)
     1    1.83                           riscv/dp/alu/_071_ (net)
                 37.36    0.09 1237.09 ^ riscv/dp/alu/_739_/B (XOR2x1_ASAP7_75t_R)
                 17.62   14.38 1251.47 v riscv/dp/alu/_739_/Y (XOR2x1_ASAP7_75t_R)
     1    1.25                           riscv/dp/alu/_303_ (net)
                 17.62    0.07 1251.54 v riscv/dp/alu/_740_/B2 (OAI22x1_ASAP7_75t_R)
                 23.34   12.16 1263.69 ^ riscv/dp/alu/_740_/Y (OAI22x1_ASAP7_75t_R)
     1    0.62                           riscv/dp/alu/_304_ (net)
                 23.34    0.04 1263.73 ^ riscv/dp/alu/_741_/C (AO221x1_ASAP7_75t_R)
                  8.67   17.74 1281.47 ^ riscv/dp/alu/_741_/Y (AO221x1_ASAP7_75t_R)
     1    0.72                           riscv/dp/aluout2[31] (net)
                  8.67    0.04 1281.51 ^ riscv/dp/srccmux/_109_/A2 (AO21x2_ASAP7_75t_R)
                116.47   34.98 1316.49 ^ riscv/dp/srccmux/_109_/Y (AO21x2_ASAP7_75t_R)
     9   37.79                           net59 (net)
                222.03   63.86 1380.35 ^ dmem/_133_/C (NOR3x2_ASAP7_75t_R)
                104.66   84.43 1464.78 v dmem/_133_/Y (NOR3x2_ASAP7_75t_R)
     3   17.21                           dmem/ce_mem[0] (net)
                106.21    7.01 1471.79 v dmem/_145_/B2 (AO22x1_ASAP7_75t_R)
                  9.84   35.65 1507.44 v dmem/_145_/Y (AO22x1_ASAP7_75t_R)
     1    0.71                           dmem/_006_ (net)
                  9.84    0.05 1507.49 v dmem/_146_/B (AO21x2_ASAP7_75t_R)
                 12.10   20.51 1528.00 v dmem/_146_/Y (AO21x2_ASAP7_75t_R)
     3    2.69                           readdata[0] (net)
                 12.25    0.73 1528.73 v riscv/dp/halfbytemux1/_113_/A (AND2x2_ASAP7_75t_R)
                  7.30   17.81 1546.54 v riscv/dp/halfbytemux1/_113_/Y (AND2x2_ASAP7_75t_R)
     1    0.75                           riscv/dp/halfbytemux1/_003_ (net)
                  7.30    0.05 1546.59 v riscv/dp/halfbytemux1/_114_/B (AO21x1_ASAP7_75t_R)
                  6.61   14.73 1561.32 v riscv/dp/halfbytemux1/_114_/Y (AO21x1_ASAP7_75t_R)
     1    0.72                           riscv/dp/halfbytemux1/_004_ (net)
                  6.61    0.04 1561.35 v riscv/dp/halfbytemux1/_116_/A2 (AO21x1_ASAP7_75t_R)
                  6.80   13.31 1574.66 v riscv/dp/halfbytemux1/_116_/Y (AO21x1_ASAP7_75t_R)
     1    0.62                           riscv/dp/readdata4[0] (net)
                  6.80    0.04 1574.70 v riscv/dp/resmux/_040_/A (AND2x2_ASAP7_75t_R)
                  6.17   15.87 1590.57 v riscv/dp/resmux/_040_/Y (AND2x2_ASAP7_75t_R)
     1    0.74                           riscv/dp/resmux/_038_ (net)
                  6.17    0.05 1590.62 v riscv/dp/resmux/_041_/B (AO21x1_ASAP7_75t_R)
                 14.37   18.03 1608.66 v riscv/dp/resmux/_041_/Y (AO21x1_ASAP7_75t_R)
     1    1.89                           riscv/dp/result[0] (net)
                 14.41    0.46 1609.12 v riscv/dp/storepcmux/_041_/A1 (AO21x2_ASAP7_75t_R)
                 79.69   34.69 1643.81 v riscv/dp/storepcmux/_041_/Y (AO21x2_ASAP7_75t_R)
    31   30.41                           riscv/dp/result2[0] (net)
                112.32   28.62 1672.43 v riscv/dp/rf/_11843_/A1 (AO21x1_ASAP7_75t_R)
                  9.17   32.24 1704.67 v riscv/dp/rf/_11843_/Y (AO21x1_ASAP7_75t_R)
     1    0.74                           riscv/dp/rf/_01537_ (net)
                  9.17    0.05 1704.73 v riscv/dp/rf/_13532_/D (DFFLQNx2_ASAP7_75t_R)
                               1704.73   data arrival time

                       1660.00 1660.00   clock clk' (fall edge)
                          0.00 1660.00   clock source latency
                  0.00    0.00 1660.00 ^ clk (in)
     1    7.55                           clk (net)
                 15.97    5.04 1665.04 ^ clkbuf_0_clk/A (BUFx4_ASAP7_75t_R)
                 26.38   26.63 1691.67 ^ clkbuf_0_clk/Y (BUFx4_ASAP7_75t_R)
     4   12.44                           clknet_0_clk (net)
                 33.16    6.93 1698.60 ^ clkbuf_2_1__f_clk/A (BUFx4_ASAP7_75t_R)
                 40.31   38.21 1736.82 ^ clkbuf_2_1__f_clk/Y (BUFx4_ASAP7_75t_R)
    12   21.14                           clknet_2_1__leaf_clk (net)
                 41.97    4.43 1741.24 ^ clkbuf_leaf_36_clk/A (BUFx4_ASAP7_75t_R)
                 12.64   29.25 1770.49 ^ clkbuf_leaf_36_clk/Y (BUFx4_ASAP7_75t_R)
     6    4.16                           clknet_leaf_36_clk (net)
                 12.65    0.11 1770.61 ^ _493_512/A (INVx1_ASAP7_75t_R)
                  6.19    5.76 1776.37 v _493_512/Y (INVx1_ASAP7_75t_R)
     1    0.54                           net1027 (net)
                  6.19    0.06 1776.43 v riscv/dp/rf/_13532_/CLK (DFFLQNx2_ASAP7_75t_R)
                          0.34 1776.77   clock reconvergence pessimism
                         -8.65 1768.12   library setup time
                               1768.12   data required time
-----------------------------------------------------------------------------
                               1768.12   data required time
                               -1704.73   data arrival time
-----------------------------------------------------------------------------
                                 63.39   slack (MET)



==========================================================================
finish report_checks -unconstrained
--------------------------------------------------------------------------
Startpoint: reset (input port clocked by clk)
Endpoint: riscv/dp/pcreg/_89_ (recovery check against rising-edge clock clk)
Path Group: **async_default**
Path Type: max

Fanout     Cap    Slew   Delay    Time   Description
-----------------------------------------------------------------------------
                          0.00    0.00   clock clk (rise edge)
                          0.00    0.00   clock network delay (propagated)
                        207.50  207.50 v input external delay
                  0.00    0.00  207.50 v reset (in)
     1    1.98                           reset (net)
                  0.98    0.31  207.81 v input33/A (BUFx6f_ASAP7_75t_R)
                 11.89   12.89  220.70 v input33/Y (BUFx6f_ASAP7_75t_R)
     1   13.42                           net33 (net)
                 12.16    0.99  221.69 v riscv/dp/pcreg/_34_/A (CKINVDCx20_ASAP7_75t_R)
                 19.36    9.70  231.39 ^ riscv/dp/pcreg/_34_/Y (CKINVDCx20_ASAP7_75t_R)
    32   44.20                           riscv/dp/pcreg/_32_ (net)
                 36.60   10.30  241.69 ^ riscv/dp/pcreg/_89_/SETN (DFFASRHQNx1_ASAP7_75t_R)
                                241.69   data arrival time

                       1660.00 1660.00   clock clk (rise edge)
                          0.00 1660.00   clock source latency
                  0.00    0.00 1660.00 ^ clk (in)
     1    7.55                           clk (net)
                 15.97    5.04 1665.04 ^ clkbuf_0_clk/A (BUFx4_ASAP7_75t_R)
                 26.38   26.63 1691.67 ^ clkbuf_0_clk/Y (BUFx4_ASAP7_75t_R)
     4   12.44                           clknet_0_clk (net)
                 28.22    3.70 1695.37 ^ clkbuf_2_2__f_clk/A (BUFx4_ASAP7_75t_R)
                 34.61   31.15 1726.52 ^ clkbuf_2_2__f_clk/Y (BUFx4_ASAP7_75t_R)
     9   17.10                           clknet_2_2__leaf_clk (net)
                 36.87    4.68 1731.20 ^ clkbuf_leaf_18_clk/A (BUFx4_ASAP7_75t_R)
                 38.97   39.45 1770.65 ^ clkbuf_leaf_18_clk/Y (BUFx4_ASAP7_75t_R)
    30   20.70                           clknet_leaf_18_clk (net)
                 39.10    1.29 1771.94 ^ riscv/dp/pcreg/_89_/CLK (DFFASRHQNx1_ASAP7_75t_R)
                          0.00 1771.94   clock reconvergence pessimism
                          9.71 1781.65   library recovery time
                               1781.65   data required time
-----------------------------------------------------------------------------
                               1781.65   data required time
                               -241.69   data arrival time
-----------------------------------------------------------------------------
                               1539.96   slack (MET)


Startpoint: riscv/dp/pcreg/_67_ (rising edge-triggered flip-flop clocked by clk)
Endpoint: riscv/dp/rf/_13532_ (falling edge-triggered flip-flop clocked by clk')
Path Group: clk
Path Type: max

Fanout     Cap    Slew   Delay    Time   Description
-----------------------------------------------------------------------------
                          0.00    0.00   clock clk (rise edge)
                          0.00    0.00   clock source latency
                  0.00    0.00    0.00 ^ clk (in)
     1    7.69                           clk (net)
                 16.51    5.21    5.21 ^ clkbuf_0_clk/A (BUFx4_ASAP7_75t_R)
                 26.39   26.80   32.01 ^ clkbuf_0_clk/Y (BUFx4_ASAP7_75t_R)
     4   12.99                           clknet_0_clk (net)
                 33.16    6.93   38.94 ^ clkbuf_2_1__f_clk/A (BUFx4_ASAP7_75t_R)
                 40.31   38.22   77.15 ^ clkbuf_2_1__f_clk/Y (BUFx4_ASAP7_75t_R)
    12   22.80                           clknet_2_1__leaf_clk (net)
                 41.31    3.51   80.67 ^ clkbuf_leaf_23_clk/A (BUFx4_ASAP7_75t_R)
                 39.27   39.71  120.38 ^ clkbuf_leaf_23_clk/Y (BUFx4_ASAP7_75t_R)
    30   25.33                           clknet_leaf_23_clk (net)
                 40.07    3.13  123.51 ^ riscv/dp/pcreg/_67_/CLK (DFFASRHQNx1_ASAP7_75t_R)
                 18.72   48.84  172.34 ^ riscv/dp/pcreg/_67_/QN (DFFASRHQNx1_ASAP7_75t_R)
     1    1.99                           riscv/dp/pcreg/_31_ (net)
                 18.72    0.11  172.46 ^ riscv/dp/pcreg/_66_/A (INVx3_ASAP7_75t_R)
                  9.86    7.98  180.44 v riscv/dp/pcreg/_66_/Y (INVx3_ASAP7_75t_R)
     4    3.49                           net68 (net)
                  9.92    0.42  180.86 v boot/_14_/D (OR4x1_ASAP7_75t_R)
                 10.16   30.55  211.41 v boot/_14_/Y (OR4x1_ASAP7_75t_R)
     1    0.64                           boot/_01_ (net)
                 10.16    0.03  211.43 v boot/_15_/E (OR5x1_ASAP7_75t_R)
                 13.98   39.61  251.04 v boot/_15_/Y (OR5x1_ASAP7_75t_R)
     1    1.15                           boot/_02_ (net)
                 13.98    0.07  251.11 v boot/_18_/A (NOR2x1_ASAP7_75t_R)
                 16.85   13.57  264.68 ^ boot/_18_/Y (NOR2x1_ASAP7_75t_R)
     3    2.49                           boot/_05_ (net)
                 16.86    0.23  264.92 ^ boot/_26_/A (AND4x2_ASAP7_75t_R)
                 19.92   34.67  299.58 ^ boot/_26_/Y (AND4x2_ASAP7_75t_R)
     6    4.40                           instr_int[9] (net)
                 19.94    0.36  299.95 ^ pcmux/_040_/A (AND2x2_ASAP7_75t_R)
                  6.94   18.25  318.20 ^ pcmux/_040_/Y (AND2x2_ASAP7_75t_R)
     1    0.70                           pcmux/_038_ (net)
                  6.94    0.04  318.24 ^ pcmux/_041_/B (AO21x2_ASAP7_75t_R)
                 16.85   15.96  334.20 ^ pcmux/_041_/Y (AO21x2_ASAP7_75t_R)
     4    5.67                           instr_out[0] (net)
                 16.91    0.59  334.79 ^ riscv/c/md/_38_/B (NAND2x2_ASAP7_75t_R)
                 10.24    8.91  343.70 v riscv/c/md/_38_/Y (NAND2x2_ASAP7_75t_R)
     2    2.91                           riscv/c/md/_10_ (net)
                 10.25    0.14  343.84 v riscv/c/md/_39_/B (NOR2x2_ASAP7_75t_R)
                 18.03   11.89  355.73 ^ riscv/c/md/_39_/Y (NOR2x2_ASAP7_75t_R)
     6    4.67                           riscv/c/md/_11_ (net)
                 18.04    0.29  356.03 ^ riscv/c/md/_40_/D (AND4x2_ASAP7_75t_R)
                124.23   74.95  430.98 ^ riscv/c/md/_40_/Y (AND4x2_ASAP7_75t_R)
    44   38.35                           riscv/imm[2] (net)
                124.39    2.86  433.84 ^ riscv/dp/rs1mux/_06_/A (INVx1_ASAP7_75t_R)
                 36.94   26.64  460.48 v riscv/dp/rs1mux/_06_/Y (INVx1_ASAP7_75t_R)
     5    3.61                           riscv/dp/rs1mux/_00_ (net)
                 36.94    0.26  460.74 v riscv/dp/rs1mux/_10_/A1 (AO21x2_ASAP7_75t_R)
                 91.36   56.91  517.65 v riscv/dp/rs1mux/_10_/Y (AO21x2_ASAP7_75t_R)
    31   37.83                           riscv/dp/rs1[1] (net)
                 97.23   12.37  530.01 v load_slew180/A (BUFx16f_ASAP7_75t_R)
                 20.43   35.04  565.06 v load_slew180/Y (BUFx16f_ASAP7_75t_R)
    55   54.03                           net180 (net)
                 96.64   29.99  595.04 v load_slew179/A (BUFx16f_ASAP7_75t_R)
                 13.81   34.57  629.61 v load_slew179/Y (BUFx16f_ASAP7_75t_R)
    38   49.04                           net179 (net)
                109.74   34.53  664.14 v riscv/dp/rf/_07034_/A (CKINVDCx20_ASAP7_75t_R)
                 43.62   20.95  685.09 ^ riscv/dp/rf/_07034_/Y (CKINVDCx20_ASAP7_75t_R)
    52   50.17                           riscv/dp/rf/_02093_ (net)
                107.93   30.64  715.73 ^ wire170/A (BUFx16f_ASAP7_75t_R)
                 13.34   30.92  746.65 ^ wire170/Y (BUFx16f_ASAP7_75t_R)
    43   50.94                           net170 (net)
                175.24   55.18  801.83 ^ max_length169/A (BUFx16f_ASAP7_75t_R)
                 15.34   35.92  837.74 ^ max_length169/Y (BUFx16f_ASAP7_75t_R)
    39   34.63                           net169 (net)
                106.67   33.48  871.22 ^ riscv/dp/rf/_08477_/C (OA211x2_ASAP7_75t_R)
                 10.44   26.65  897.88 ^ riscv/dp/rf/_08477_/Y (OA211x2_ASAP7_75t_R)
     1    0.74                           riscv/dp/rf/_03496_ (net)
                 10.44    0.05  897.93 ^ riscv/dp/rf/_08481_/B (OR3x1_ASAP7_75t_R)
                 15.16   16.05  913.98 ^ riscv/dp/rf/_08481_/Y (OR3x1_ASAP7_75t_R)
     1    1.74                           riscv/dp/rf/_03500_ (net)
                 15.17    0.24  914.22 ^ riscv/dp/rf/_08482_/E (AND5x2_ASAP7_75t_R)
                 20.22   38.30  952.52 ^ riscv/dp/rf/_08482_/Y (AND5x2_ASAP7_75t_R)
     1    3.03                           riscv/dp/rf/_03501_ (net)
                 20.41    0.90  953.42 ^ riscv/dp/rf/_08483_/B (AO21x2_ASAP7_75t_R)
                 58.96   24.21  977.62 ^ riscv/dp/rf/_08483_/Y (AO21x2_ASAP7_75t_R)
     8   17.91                           riscv/dp/srca2[22] (net)
                 83.33   20.93  998.55 ^ riscv/dp/alu/_763_/A (INVx1_ASAP7_75t_R)
                 31.30   23.70 1022.25 v riscv/dp/alu/_763_/Y (INVx1_ASAP7_75t_R)
     2    3.15                           riscv/dp/alu/_347_ (net)
                 31.30    0.18 1022.43 v riscv/dp/alu/_845_/A (HAxp5_ASAP7_75t_R)
                 66.42   62.18 1084.61 v riscv/dp/alu/_845_/SN (HAxp5_ASAP7_75t_R)
     5    4.05                           riscv/dp/alu/_011_ (net)
                 66.43    0.46 1085.07 v riscv/dp/alu/_565_/A (OR3x1_ASAP7_75t_R)
                  9.93   34.40 1119.48 v riscv/dp/alu/_565_/Y (OR3x1_ASAP7_75t_R)
     1    0.65                           riscv/dp/alu/_169_ (net)
                  9.93    0.02 1119.50 v riscv/dp/alu/_567_/A1 (AO21x1_ASAP7_75t_R)
                  7.18   14.79 1134.29 v riscv/dp/alu/_567_/Y (AO21x1_ASAP7_75t_R)
     1    0.49                           riscv/dp/alu/_171_ (net)
                  7.18    0.03 1134.32 v riscv/dp/alu/_568_/B (OA211x2_ASAP7_75t_R)
                 10.08   25.35 1159.67 v riscv/dp/alu/_568_/Y (OA211x2_ASAP7_75t_R)
     2    1.38                           riscv/dp/alu/_172_ (net)
                 10.08    0.07 1159.74 v riscv/dp/alu/_572_/A2 (OA21x2_ASAP7_75t_R)
                  8.32   18.37 1178.11 v riscv/dp/alu/_572_/Y (OA21x2_ASAP7_75t_R)
     2    2.10                           riscv/dp/alu/_176_ (net)
                  8.33    0.15 1178.26 v riscv/dp/alu/_573_/B (OAI21x1_ASAP7_75t_R)
                 22.75    8.17 1186.43 ^ riscv/dp/alu/_573_/Y (OAI21x1_ASAP7_75t_R)
     2    3.34                           riscv/dp/alu/_177_ (net)
                 22.78    0.40 1186.83 ^ riscv/dp/alu/_726_/A (INVx3_ASAP7_75t_R)
                  9.85    7.98 1194.80 v riscv/dp/alu/_726_/Y (INVx3_ASAP7_75t_R)
     2    3.09                           riscv/dp/alu/_357_ (net)
                  9.87    0.25 1195.05 v riscv/dp/alu/_734_/A1 (OA21x2_ASAP7_75t_R)
                  9.36   18.77 1213.82 v riscv/dp/alu/_734_/Y (OA21x2_ASAP7_75t_R)
     1    2.28                           riscv/dp/alu/_360_ (net)
                  9.36    0.14 1213.95 v riscv/dp/alu/_800_/B (FAx1_ASAP7_75t_R)
                 37.36   23.04 1237.00 ^ riscv/dp/alu/_800_/CON (FAx1_ASAP7_75t_R)
     1    1.83                           riscv/dp/alu/_071_ (net)
                 37.36    0.09 1237.09 ^ riscv/dp/alu/_739_/B (XOR2x1_ASAP7_75t_R)
                 17.62   14.38 1251.47 v riscv/dp/alu/_739_/Y (XOR2x1_ASAP7_75t_R)
     1    1.25                           riscv/dp/alu/_303_ (net)
                 17.62    0.07 1251.54 v riscv/dp/alu/_740_/B2 (OAI22x1_ASAP7_75t_R)
                 23.34   12.16 1263.69 ^ riscv/dp/alu/_740_/Y (OAI22x1_ASAP7_75t_R)
     1    0.62                           riscv/dp/alu/_304_ (net)
                 23.34    0.04 1263.73 ^ riscv/dp/alu/_741_/C (AO221x1_ASAP7_75t_R)
                  8.67   17.74 1281.47 ^ riscv/dp/alu/_741_/Y (AO221x1_ASAP7_75t_R)
     1    0.72                           riscv/dp/aluout2[31] (net)
                  8.67    0.04 1281.51 ^ riscv/dp/srccmux/_109_/A2 (AO21x2_ASAP7_75t_R)
                116.47   34.98 1316.49 ^ riscv/dp/srccmux/_109_/Y (AO21x2_ASAP7_75t_R)
     9   37.79                           net59 (net)
                222.03   63.86 1380.35 ^ dmem/_133_/C (NOR3x2_ASAP7_75t_R)
                104.66   84.43 1464.78 v dmem/_133_/Y (NOR3x2_ASAP7_75t_R)
     3   17.21                           dmem/ce_mem[0] (net)
                106.21    7.01 1471.79 v dmem/_145_/B2 (AO22x1_ASAP7_75t_R)
                  9.84   35.65 1507.44 v dmem/_145_/Y (AO22x1_ASAP7_75t_R)
     1    0.71                           dmem/_006_ (net)
                  9.84    0.05 1507.49 v dmem/_146_/B (AO21x2_ASAP7_75t_R)
                 12.10   20.51 1528.00 v dmem/_146_/Y (AO21x2_ASAP7_75t_R)
     3    2.69                           readdata[0] (net)
                 12.25    0.73 1528.73 v riscv/dp/halfbytemux1/_113_/A (AND2x2_ASAP7_75t_R)
                  7.30   17.81 1546.54 v riscv/dp/halfbytemux1/_113_/Y (AND2x2_ASAP7_75t_R)
     1    0.75                           riscv/dp/halfbytemux1/_003_ (net)
                  7.30    0.05 1546.59 v riscv/dp/halfbytemux1/_114_/B (AO21x1_ASAP7_75t_R)
                  6.61   14.73 1561.32 v riscv/dp/halfbytemux1/_114_/Y (AO21x1_ASAP7_75t_R)
     1    0.72                           riscv/dp/halfbytemux1/_004_ (net)
                  6.61    0.04 1561.35 v riscv/dp/halfbytemux1/_116_/A2 (AO21x1_ASAP7_75t_R)
                  6.80   13.31 1574.66 v riscv/dp/halfbytemux1/_116_/Y (AO21x1_ASAP7_75t_R)
     1    0.62                           riscv/dp/readdata4[0] (net)
                  6.80    0.04 1574.70 v riscv/dp/resmux/_040_/A (AND2x2_ASAP7_75t_R)
                  6.17   15.87 1590.57 v riscv/dp/resmux/_040_/Y (AND2x2_ASAP7_75t_R)
     1    0.74                           riscv/dp/resmux/_038_ (net)
                  6.17    0.05 1590.62 v riscv/dp/resmux/_041_/B (AO21x1_ASAP7_75t_R)
                 14.37   18.03 1608.66 v riscv/dp/resmux/_041_/Y (AO21x1_ASAP7_75t_R)
     1    1.89                           riscv/dp/result[0] (net)
                 14.41    0.46 1609.12 v riscv/dp/storepcmux/_041_/A1 (AO21x2_ASAP7_75t_R)
                 79.69   34.69 1643.81 v riscv/dp/storepcmux/_041_/Y (AO21x2_ASAP7_75t_R)
    31   30.41                           riscv/dp/result2[0] (net)
                112.32   28.62 1672.43 v riscv/dp/rf/_11843_/A1 (AO21x1_ASAP7_75t_R)
                  9.17   32.24 1704.67 v riscv/dp/rf/_11843_/Y (AO21x1_ASAP7_75t_R)
     1    0.74                           riscv/dp/rf/_01537_ (net)
                  9.17    0.05 1704.73 v riscv/dp/rf/_13532_/D (DFFLQNx2_ASAP7_75t_R)
                               1704.73   data arrival time

                       1660.00 1660.00   clock clk' (fall edge)
                          0.00 1660.00   clock source latency
                  0.00    0.00 1660.00 ^ clk (in)
     1    7.55                           clk (net)
                 15.97    5.04 1665.04 ^ clkbuf_0_clk/A (BUFx4_ASAP7_75t_R)
                 26.38   26.63 1691.67 ^ clkbuf_0_clk/Y (BUFx4_ASAP7_75t_R)
     4   12.44                           clknet_0_clk (net)
                 33.16    6.93 1698.60 ^ clkbuf_2_1__f_clk/A (BUFx4_ASAP7_75t_R)
                 40.31   38.21 1736.82 ^ clkbuf_2_1__f_clk/Y (BUFx4_ASAP7_75t_R)
    12   21.14                           clknet_2_1__leaf_clk (net)
                 41.97    4.43 1741.24 ^ clkbuf_leaf_36_clk/A (BUFx4_ASAP7_75t_R)
                 12.64   29.25 1770.49 ^ clkbuf_leaf_36_clk/Y (BUFx4_ASAP7_75t_R)
     6    4.16                           clknet_leaf_36_clk (net)
                 12.65    0.11 1770.61 ^ _493_512/A (INVx1_ASAP7_75t_R)
                  6.19    5.76 1776.37 v _493_512/Y (INVx1_ASAP7_75t_R)
     1    0.54                           net1027 (net)
                  6.19    0.06 1776.43 v riscv/dp/rf/_13532_/CLK (DFFLQNx2_ASAP7_75t_R)
                          0.34 1776.77   clock reconvergence pessimism
                         -8.65 1768.12   library setup time
                               1768.12   data required time
-----------------------------------------------------------------------------
                               1768.12   data required time
                               -1704.73   data arrival time
-----------------------------------------------------------------------------
                                 63.39   slack (MET)



==========================================================================
finish report_check_types -max_slew -max_cap -max_fanout -violators
--------------------------------------------------------------------------

==========================================================================
finish max_slew_check_slack
--------------------------------------------------------------------------
45.988739013671875

==========================================================================
finish max_slew_check_limit
--------------------------------------------------------------------------
320.0

==========================================================================
finish max_slew_check_slack_limit
--------------------------------------------------------------------------
0.1437

==========================================================================
finish max_fanout_check_slack
--------------------------------------------------------------------------
1.0000000150474662e+30

==========================================================================
finish max_fanout_check_limit
--------------------------------------------------------------------------
1.0000000150474662e+30

==========================================================================
finish max_capacitance_check_slack
--------------------------------------------------------------------------
4.529234409332275

==========================================================================
finish max_capacitance_check_limit
--------------------------------------------------------------------------
92.16000366210938

==========================================================================
finish max_capacitance_check_slack_limit
--------------------------------------------------------------------------
0.0491

==========================================================================
finish max_slew_violation_count
--------------------------------------------------------------------------
max slew violation count 0

==========================================================================
finish max_fanout_violation_count
--------------------------------------------------------------------------
max fanout violation count 0

==========================================================================
finish max_cap_violation_count
--------------------------------------------------------------------------
max cap violation count 0

==========================================================================
finish setup_violation_count
--------------------------------------------------------------------------
setup violation count 0

==========================================================================
finish hold_violation_count
--------------------------------------------------------------------------
hold violation count 0

==========================================================================
finish critical path delay
--------------------------------------------------------------------------
1704.7269

==========================================================================
finish critical path slack
--------------------------------------------------------------------------
63.3896

==========================================================================
finish slack div critical path delay
--------------------------------------------------------------------------
3.718461

==========================================================================
finish report_design_area
--------------------------------------------------------------------------
Design area 2498 u^2 23% utilization.

Elapsed time: 0:35.37[h:]min:sec. CPU time: user 34.22 sys 0.58 (98%). Peak memory: 1523532KB.
